CRITICAL - 2022-05-21 11:20:03 --> Call to a member function where() on null
#0 C:\xampp7\htdocs\apiclubhouse\vendor\codeigniter4\framework\system\CodeIgniter.php(832): App\Controllers\Auth->update('1')
#1 C:\xampp7\htdocs\apiclubhouse\vendor\codeigniter4\framework\system\CodeIgniter.php(419): CodeIgniter\CodeIgniter->runController(Object(App\Controllers\Auth))
#2 C:\xampp7\htdocs\apiclubhouse\vendor\codeigniter4\framework\system\CodeIgniter.php(326): CodeIgniter\CodeIgniter->handleRequest(NULL, Object(Config\Cache), false)
#3 C:\xampp7\htdocs\apiclubhouse\public\index.php(37): CodeIgniter\CodeIgniter->run()
#4 C:\xampp7\htdocs\apiclubhouse\vendor\codeigniter4\framework\system\Commands\Server\rewrite.php(43): require_once('C:\\xampp7\\htdoc...')
#5 {main}
CRITICAL - 2022-05-21 11:21:26 --> Undefined variable $id
#0 C:\xampp7\htdocs\apiclubhouse\app\Controllers\Auth.php(27): CodeIgniter\Debug\Exceptions->errorHandler(2, 'Undefined varia...', 'C:\\xampp7\\htdoc...', 27)
#1 C:\xampp7\htdocs\apiclubhouse\vendor\codeigniter4\framework\system\CodeIgniter.php(832): App\Controllers\Auth->index()
#2 C:\xampp7\htdocs\apiclubhouse\vendor\codeigniter4\framework\system\CodeIgniter.php(419): CodeIgniter\CodeIgniter->runController(Object(App\Controllers\Auth))
#3 C:\xampp7\htdocs\apiclubhouse\vendor\codeigniter4\framework\system\CodeIgniter.php(326): CodeIgniter\CodeIgniter->handleRequest(NULL, Object(Config\Cache), false)
#4 C:\xampp7\htdocs\apiclubhouse\public\index.php(37): CodeIgniter\CodeIgniter->run()
#5 C:\xampp7\htdocs\apiclubhouse\vendor\codeigniter4\framework\system\Commands\Server\rewrite.php(43): require_once('C:\\xampp7\\htdoc...')
#6 {main}
CRITICAL - 2022-05-21 11:22:40 --> Call to a member function where() on null
#0 C:\xampp7\htdocs\apiclubhouse\vendor\codeigniter4\framework\system\CodeIgniter.php(832): App\Controllers\Auth->update('4')
#1 C:\xampp7\htdocs\apiclubhouse\vendor\codeigniter4\framework\system\CodeIgniter.php(419): CodeIgniter\CodeIgniter->runController(Object(App\Controllers\Auth))
#2 C:\xampp7\htdocs\apiclubhouse\vendor\codeigniter4\framework\system\CodeIgniter.php(326): CodeIgniter\CodeIgniter->handleRequest(NULL, Object(Config\Cache), false)
#3 C:\xampp7\htdocs\apiclubhouse\public\index.php(37): CodeIgniter\CodeIgniter->run()
#4 C:\xampp7\htdocs\apiclubhouse\vendor\codeigniter4\framework\system\Commands\Server\rewrite.php(43): require_once('C:\\xampp7\\htdoc...')
#5 {main}
CRITICAL - 2022-05-21 11:24:11 --> Call to a member function orderBy() on null
#0 C:\xampp7\htdocs\apiclubhouse\vendor\codeigniter4\framework\system\CodeIgniter.php(832): App\Controllers\Auth->index()
#1 C:\xampp7\htdocs\apiclubhouse\vendor\codeigniter4\framework\system\CodeIgniter.php(419): CodeIgniter\CodeIgniter->runController(Object(App\Controllers\Auth))
#2 C:\xampp7\htdocs\apiclubhouse\vendor\codeigniter4\framework\system\CodeIgniter.php(326): CodeIgniter\CodeIgniter->handleRequest(NULL, Object(Config\Cache), false)
#3 C:\xampp7\htdocs\apiclubhouse\public\index.php(37): CodeIgniter\CodeIgniter->run()
#4 C:\xampp7\htdocs\apiclubhouse\vendor\codeigniter4\framework\system\Commands\Server\rewrite.php(43): require_once('C:\\xampp7\\htdoc...')
#5 {main}
CRITICAL - 2022-05-21 11:24:47 --> Call to a member function where() on null
#0 C:\xampp7\htdocs\apiclubhouse\vendor\codeigniter4\framework\system\CodeIgniter.php(832): App\Controllers\Auth->update('4')
#1 C:\xampp7\htdocs\apiclubhouse\vendor\codeigniter4\framework\system\CodeIgniter.php(419): CodeIgniter\CodeIgniter->runController(Object(App\Controllers\Auth))
#2 C:\xampp7\htdocs\apiclubhouse\vendor\codeigniter4\framework\system\CodeIgniter.php(326): CodeIgniter\CodeIgniter->handleRequest(NULL, Object(Config\Cache), false)
#3 C:\xampp7\htdocs\apiclubhouse\public\index.php(37): CodeIgniter\CodeIgniter->run()
#4 C:\xampp7\htdocs\apiclubhouse\vendor\codeigniter4\framework\system\Commands\Server\rewrite.php(43): require_once('C:\\xampp7\\htdoc...')
#5 {main}
CRITICAL - 2022-05-21 11:26:12 --> Call to a member function where() on null
#0 C:\xampp7\htdocs\apiclubhouse\vendor\codeigniter4\framework\system\CodeIgniter.php(832): App\Controllers\Auth->update('4')
#1 C:\xampp7\htdocs\apiclubhouse\vendor\codeigniter4\framework\system\CodeIgniter.php(419): CodeIgniter\CodeIgniter->runController(Object(App\Controllers\Auth))
#2 C:\xampp7\htdocs\apiclubhouse\vendor\codeigniter4\framework\system\CodeIgniter.php(326): CodeIgniter\CodeIgniter->handleRequest(NULL, Object(Config\Cache), false)
#3 C:\xampp7\htdocs\apiclubhouse\public\index.php(37): CodeIgniter\CodeIgniter->run()
#4 C:\xampp7\htdocs\apiclubhouse\vendor\codeigniter4\framework\system\Commands\Server\rewrite.php(43): require_once('C:\\xampp7\\htdoc...')
#5 {main}
CRITICAL - 2022-05-21 11:30:43 --> Call to a member function where() on null
#0 C:\xampp7\htdocs\apiclubhouse\vendor\codeigniter4\framework\system\CodeIgniter.php(832): App\Controllers\Auth->update('4')
#1 C:\xampp7\htdocs\apiclubhouse\vendor\codeigniter4\framework\system\CodeIgniter.php(419): CodeIgniter\CodeIgniter->runController(Object(App\Controllers\Auth))
#2 C:\xampp7\htdocs\apiclubhouse\vendor\codeigniter4\framework\system\CodeIgniter.php(326): CodeIgniter\CodeIgniter->handleRequest(NULL, Object(Config\Cache), false)
#3 C:\xampp7\htdocs\apiclubhouse\public\index.php(37): CodeIgniter\CodeIgniter->run()
#4 C:\xampp7\htdocs\apiclubhouse\vendor\codeigniter4\framework\system\Commands\Server\rewrite.php(43): require_once('C:\\xampp7\\htdoc...')
#5 {main}
CRITICAL - 2022-05-21 11:31:12 --> Undefined variable $id
#0 C:\xampp7\htdocs\apiclubhouse\app\Controllers\Auth.php(22): CodeIgniter\Debug\Exceptions->errorHandler(2, 'Undefined varia...', 'C:\\xampp7\\htdoc...', 22)
#1 C:\xampp7\htdocs\apiclubhouse\vendor\codeigniter4\framework\system\CodeIgniter.php(832): App\Controllers\Auth->index()
#2 C:\xampp7\htdocs\apiclubhouse\vendor\codeigniter4\framework\system\CodeIgniter.php(419): CodeIgniter\CodeIgniter->runController(Object(App\Controllers\Auth))
#3 C:\xampp7\htdocs\apiclubhouse\vendor\codeigniter4\framework\system\CodeIgniter.php(326): CodeIgniter\CodeIgniter->handleRequest(NULL, Object(Config\Cache), false)
#4 C:\xampp7\htdocs\apiclubhouse\public\index.php(37): CodeIgniter\CodeIgniter->run()
#5 C:\xampp7\htdocs\apiclubhouse\vendor\codeigniter4\framework\system\Commands\Server\rewrite.php(43): require_once('C:\\xampp7\\htdoc...')
#6 {main}
CRITICAL - 2022-05-21 11:32:53 --> Cannot use object of type App\Models\UserModel as array
#0 C:\xampp7\htdocs\apiclubhouse\vendor\codeigniter4\framework\system\CodeIgniter.php(832): App\Controllers\Auth->index()
#1 C:\xampp7\htdocs\apiclubhouse\vendor\codeigniter4\framework\system\CodeIgniter.php(419): CodeIgniter\CodeIgniter->runController(Object(App\Controllers\Auth))
#2 C:\xampp7\htdocs\apiclubhouse\vendor\codeigniter4\framework\system\CodeIgniter.php(326): CodeIgniter\CodeIgniter->handleRequest(NULL, Object(Config\Cache), false)
#3 C:\xampp7\htdocs\apiclubhouse\public\index.php(37): CodeIgniter\CodeIgniter->run()
#4 C:\xampp7\htdocs\apiclubhouse\vendor\codeigniter4\framework\system\Commands\Server\rewrite.php(43): require_once('C:\\xampp7\\htdoc...')
#5 {main}
CRITICAL - 2022-05-21 11:34:53 --> Undefined variable $User
#0 C:\xampp7\htdocs\apiclubhouse\app\Controllers\Auth.php(26): CodeIgniter\Debug\Exceptions->errorHandler(2, 'Undefined varia...', 'C:\\xampp7\\htdoc...', 26)
#1 C:\xampp7\htdocs\apiclubhouse\vendor\codeigniter4\framework\system\CodeIgniter.php(832): App\Controllers\Auth->index()
#2 C:\xampp7\htdocs\apiclubhouse\vendor\codeigniter4\framework\system\CodeIgniter.php(419): CodeIgniter\CodeIgniter->runController(Object(App\Controllers\Auth))
#3 C:\xampp7\htdocs\apiclubhouse\vendor\codeigniter4\framework\system\CodeIgniter.php(326): CodeIgniter\CodeIgniter->handleRequest(NULL, Object(Config\Cache), false)
#4 C:\xampp7\htdocs\apiclubhouse\public\index.php(37): CodeIgniter\CodeIgniter->run()
#5 C:\xampp7\htdocs\apiclubhouse\vendor\codeigniter4\framework\system\Commands\Server\rewrite.php(43): require_once('C:\\xampp7\\htdoc...')
#6 {main}
CRITICAL - 2022-05-21 11:36:16 --> Cannot use object of type App\Models\UserModel as array
#0 C:\xampp7\htdocs\apiclubhouse\vendor\codeigniter4\framework\system\CodeIgniter.php(832): App\Controllers\Auth->index()
#1 C:\xampp7\htdocs\apiclubhouse\vendor\codeigniter4\framework\system\CodeIgniter.php(419): CodeIgniter\CodeIgniter->runController(Object(App\Controllers\Auth))
#2 C:\xampp7\htdocs\apiclubhouse\vendor\codeigniter4\framework\system\CodeIgniter.php(326): CodeIgniter\CodeIgniter->handleRequest(NULL, Object(Config\Cache), false)
#3 C:\xampp7\htdocs\apiclubhouse\public\index.php(37): CodeIgniter\CodeIgniter->run()
#4 C:\xampp7\htdocs\apiclubhouse\vendor\codeigniter4\framework\system\Commands\Server\rewrite.php(43): require_once('C:\\xampp7\\htdoc...')
#5 {main}
CRITICAL - 2022-05-21 11:37:01 --> Call to a member function save() on null
#0 C:\xampp7\htdocs\apiclubhouse\vendor\codeigniter4\framework\system\CodeIgniter.php(832): App\Controllers\Auth->index()
#1 C:\xampp7\htdocs\apiclubhouse\vendor\codeigniter4\framework\system\CodeIgniter.php(419): CodeIgniter\CodeIgniter->runController(Object(App\Controllers\Auth))
#2 C:\xampp7\htdocs\apiclubhouse\vendor\codeigniter4\framework\system\CodeIgniter.php(326): CodeIgniter\CodeIgniter->handleRequest(NULL, Object(Config\Cache), false)
#3 C:\xampp7\htdocs\apiclubhouse\public\index.php(37): CodeIgniter\CodeIgniter->run()
#4 C:\xampp7\htdocs\apiclubhouse\vendor\codeigniter4\framework\system\Commands\Server\rewrite.php(43): require_once('C:\\xampp7\\htdoc...')
#5 {main}
CRITICAL - 2022-05-21 11:40:11 --> Call to a member function save() on null
#0 C:\xampp7\htdocs\apiclubhouse\vendor\codeigniter4\framework\system\CodeIgniter.php(832): App\Controllers\Auth->index()
#1 C:\xampp7\htdocs\apiclubhouse\vendor\codeigniter4\framework\system\CodeIgniter.php(419): CodeIgniter\CodeIgniter->runController(Object(App\Controllers\Auth))
#2 C:\xampp7\htdocs\apiclubhouse\vendor\codeigniter4\framework\system\CodeIgniter.php(326): CodeIgniter\CodeIgniter->handleRequest(NULL, Object(Config\Cache), false)
#3 C:\xampp7\htdocs\apiclubhouse\public\index.php(37): CodeIgniter\CodeIgniter->run()
#4 C:\xampp7\htdocs\apiclubhouse\vendor\codeigniter4\framework\system\Commands\Server\rewrite.php(43): require_once('C:\\xampp7\\htdoc...')
#5 {main}
CRITICAL - 2022-05-21 11:58:34 --> Declaration of App\Controllers\Auth::update() must be compatible with CodeIgniter\RESTful\ResourceController::update($id = null)
#0 [internal function]: CodeIgniter\Debug\Exceptions->shutdownHandler()
#1 {main}
CRITICAL - 2022-05-21 11:58:38 --> Declaration of App\Controllers\Auth::update() must be compatible with CodeIgniter\RESTful\ResourceController::update($id = null)
#0 [internal function]: CodeIgniter\Debug\Exceptions->shutdownHandler()
#1 {main}
CRITICAL - 2022-05-21 11:58:40 --> Declaration of App\Controllers\Auth::update() must be compatible with CodeIgniter\RESTful\ResourceController::update($id = null)
#0 [internal function]: CodeIgniter\Debug\Exceptions->shutdownHandler()
#1 {main}
CRITICAL - 2022-05-21 12:03:00 --> Undefined variable $id
#0 C:\xampp7\htdocs\apiclubhouse\app\Controllers\Auth.php(27): CodeIgniter\Debug\Exceptions->errorHandler(2, 'Undefined varia...', 'C:\\xampp7\\htdoc...', 27)
#1 C:\xampp7\htdocs\apiclubhouse\vendor\codeigniter4\framework\system\CodeIgniter.php(832): App\Controllers\Auth->index()
#2 C:\xampp7\htdocs\apiclubhouse\vendor\codeigniter4\framework\system\CodeIgniter.php(419): CodeIgniter\CodeIgniter->runController(Object(App\Controllers\Auth))
#3 C:\xampp7\htdocs\apiclubhouse\vendor\codeigniter4\framework\system\CodeIgniter.php(326): CodeIgniter\CodeIgniter->handleRequest(NULL, Object(Config\Cache), false)
#4 C:\xampp7\htdocs\apiclubhouse\public\index.php(37): CodeIgniter\CodeIgniter->run()
#5 C:\xampp7\htdocs\apiclubhouse\vendor\codeigniter4\framework\system\Commands\Server\rewrite.php(43): require_once('C:\\xampp7\\htdoc...')
#6 {main}
CRITICAL - 2022-05-21 12:04:10 --> Cannot use object of type App\Models\UserModel as array
#0 C:\xampp7\htdocs\apiclubhouse\vendor\codeigniter4\framework\system\CodeIgniter.php(832): App\Controllers\Auth->index()
#1 C:\xampp7\htdocs\apiclubhouse\vendor\codeigniter4\framework\system\CodeIgniter.php(419): CodeIgniter\CodeIgniter->runController(Object(App\Controllers\Auth))
#2 C:\xampp7\htdocs\apiclubhouse\vendor\codeigniter4\framework\system\CodeIgniter.php(326): CodeIgniter\CodeIgniter->handleRequest(NULL, Object(Config\Cache), false)
#3 C:\xampp7\htdocs\apiclubhouse\public\index.php(37): CodeIgniter\CodeIgniter->run()
#4 C:\xampp7\htdocs\apiclubhouse\vendor\codeigniter4\framework\system\Commands\Server\rewrite.php(43): require_once('C:\\xampp7\\htdoc...')
#5 {main}
CRITICAL - 2022-05-21 12:05:28 --> Undefined variable $decoded
#0 C:\xampp7\htdocs\apiclubhouse\app\Controllers\Auth.php(28): CodeIgniter\Debug\Exceptions->errorHandler(2, 'Undefined varia...', 'C:\\xampp7\\htdoc...', 28)
#1 C:\xampp7\htdocs\apiclubhouse\vendor\codeigniter4\framework\system\CodeIgniter.php(832): App\Controllers\Auth->index()
#2 C:\xampp7\htdocs\apiclubhouse\vendor\codeigniter4\framework\system\CodeIgniter.php(419): CodeIgniter\CodeIgniter->runController(Object(App\Controllers\Auth))
#3 C:\xampp7\htdocs\apiclubhouse\vendor\codeigniter4\framework\system\CodeIgniter.php(326): CodeIgniter\CodeIgniter->handleRequest(NULL, Object(Config\Cache), false)
#4 C:\xampp7\htdocs\apiclubhouse\public\index.php(37): CodeIgniter\CodeIgniter->run()
#5 C:\xampp7\htdocs\apiclubhouse\vendor\codeigniter4\framework\system\Commands\Server\rewrite.php(43): require_once('C:\\xampp7\\htdoc...')
#6 {main}
CRITICAL - 2022-05-21 12:07:42 --> Call to a member function save() on null
#0 C:\xampp7\htdocs\apiclubhouse\vendor\codeigniter4\framework\system\CodeIgniter.php(832): App\Controllers\Auth->index()
#1 C:\xampp7\htdocs\apiclubhouse\vendor\codeigniter4\framework\system\CodeIgniter.php(419): CodeIgniter\CodeIgniter->runController(Object(App\Controllers\Auth))
#2 C:\xampp7\htdocs\apiclubhouse\vendor\codeigniter4\framework\system\CodeIgniter.php(326): CodeIgniter\CodeIgniter->handleRequest(NULL, Object(Config\Cache), false)
#3 C:\xampp7\htdocs\apiclubhouse\public\index.php(37): CodeIgniter\CodeIgniter->run()
#4 C:\xampp7\htdocs\apiclubhouse\vendor\codeigniter4\framework\system\Commands\Server\rewrite.php(43): require_once('C:\\xampp7\\htdoc...')
#5 {main}
CRITICAL - 2022-05-21 12:07:56 --> Call to a member function update() on null
#0 C:\xampp7\htdocs\apiclubhouse\vendor\codeigniter4\framework\system\CodeIgniter.php(832): App\Controllers\Auth->index()
#1 C:\xampp7\htdocs\apiclubhouse\vendor\codeigniter4\framework\system\CodeIgniter.php(419): CodeIgniter\CodeIgniter->runController(Object(App\Controllers\Auth))
#2 C:\xampp7\htdocs\apiclubhouse\vendor\codeigniter4\framework\system\CodeIgniter.php(326): CodeIgniter\CodeIgniter->handleRequest(NULL, Object(Config\Cache), false)
#3 C:\xampp7\htdocs\apiclubhouse\public\index.php(37): CodeIgniter\CodeIgniter->run()
#4 C:\xampp7\htdocs\apiclubhouse\vendor\codeigniter4\framework\system\Commands\Server\rewrite.php(43): require_once('C:\\xampp7\\htdoc...')
#5 {main}
CRITICAL - 2022-05-21 12:08:08 --> Call to a member function save() on null
#0 C:\xampp7\htdocs\apiclubhouse\vendor\codeigniter4\framework\system\CodeIgniter.php(832): App\Controllers\Auth->index()
#1 C:\xampp7\htdocs\apiclubhouse\vendor\codeigniter4\framework\system\CodeIgniter.php(419): CodeIgniter\CodeIgniter->runController(Object(App\Controllers\Auth))
#2 C:\xampp7\htdocs\apiclubhouse\vendor\codeigniter4\framework\system\CodeIgniter.php(326): CodeIgniter\CodeIgniter->handleRequest(NULL, Object(Config\Cache), false)
#3 C:\xampp7\htdocs\apiclubhouse\public\index.php(37): CodeIgniter\CodeIgniter->run()
#4 C:\xampp7\htdocs\apiclubhouse\vendor\codeigniter4\framework\system\Commands\Server\rewrite.php(43): require_once('C:\\xampp7\\htdoc...')
#5 {main}
CRITICAL - 2022-05-21 12:09:57 --> Call to a member function save() on null
#0 C:\xampp7\htdocs\apiclubhouse\vendor\codeigniter4\framework\system\CodeIgniter.php(832): App\Controllers\Auth->index()
#1 C:\xampp7\htdocs\apiclubhouse\vendor\codeigniter4\framework\system\CodeIgniter.php(419): CodeIgniter\CodeIgniter->runController(Object(App\Controllers\Auth))
#2 C:\xampp7\htdocs\apiclubhouse\vendor\codeigniter4\framework\system\CodeIgniter.php(326): CodeIgniter\CodeIgniter->handleRequest(NULL, Object(Config\Cache), false)
#3 C:\xampp7\htdocs\apiclubhouse\public\index.php(37): CodeIgniter\CodeIgniter->run()
#4 C:\xampp7\htdocs\apiclubhouse\vendor\codeigniter4\framework\system\Commands\Server\rewrite.php(43): require_once('C:\\xampp7\\htdoc...')
#5 {main}
CRITICAL - 2022-05-21 12:10:25 --> Call to a member function save() on null
#0 C:\xampp7\htdocs\apiclubhouse\vendor\codeigniter4\framework\system\CodeIgniter.php(832): App\Controllers\Auth->index()
#1 C:\xampp7\htdocs\apiclubhouse\vendor\codeigniter4\framework\system\CodeIgniter.php(419): CodeIgniter\CodeIgniter->runController(Object(App\Controllers\Auth))
#2 C:\xampp7\htdocs\apiclubhouse\vendor\codeigniter4\framework\system\CodeIgniter.php(326): CodeIgniter\CodeIgniter->handleRequest(NULL, Object(Config\Cache), false)
#3 C:\xampp7\htdocs\apiclubhouse\public\index.php(37): CodeIgniter\CodeIgniter->run()
#4 C:\xampp7\htdocs\apiclubhouse\vendor\codeigniter4\framework\system\Commands\Server\rewrite.php(43): require_once('C:\\xampp7\\htdoc...')
#5 {main}
CRITICAL - 2022-05-21 12:13:18 --> Call to a member function update() on null
#0 C:\xampp7\htdocs\apiclubhouse\vendor\codeigniter4\framework\system\CodeIgniter.php(832): App\Controllers\Auth->index()
#1 C:\xampp7\htdocs\apiclubhouse\vendor\codeigniter4\framework\system\CodeIgniter.php(419): CodeIgniter\CodeIgniter->runController(Object(App\Controllers\Auth))
#2 C:\xampp7\htdocs\apiclubhouse\vendor\codeigniter4\framework\system\CodeIgniter.php(326): CodeIgniter\CodeIgniter->handleRequest(NULL, Object(Config\Cache), false)
#3 C:\xampp7\htdocs\apiclubhouse\public\index.php(37): CodeIgniter\CodeIgniter->run()
#4 C:\xampp7\htdocs\apiclubhouse\vendor\codeigniter4\framework\system\Commands\Server\rewrite.php(43): require_once('C:\\xampp7\\htdoc...')
#5 {main}
CRITICAL - 2022-05-21 12:17:16 --> Call to a member function where() on null
#0 C:\xampp7\htdocs\apiclubhouse\vendor\codeigniter4\framework\system\CodeIgniter.php(832): App\Controllers\Auth->index()
#1 C:\xampp7\htdocs\apiclubhouse\vendor\codeigniter4\framework\system\CodeIgniter.php(419): CodeIgniter\CodeIgniter->runController(Object(App\Controllers\Auth))
#2 C:\xampp7\htdocs\apiclubhouse\vendor\codeigniter4\framework\system\CodeIgniter.php(326): CodeIgniter\CodeIgniter->handleRequest(NULL, Object(Config\Cache), false)
#3 C:\xampp7\htdocs\apiclubhouse\public\index.php(37): CodeIgniter\CodeIgniter->run()
#4 C:\xampp7\htdocs\apiclubhouse\vendor\codeigniter4\framework\system\Commands\Server\rewrite.php(43): require_once('C:\\xampp7\\htdoc...')
#5 {main}
CRITICAL - 2022-05-21 12:23:19 --> Call to a member function where() on null
#0 C:\xampp7\htdocs\apiclubhouse\vendor\codeigniter4\framework\system\CodeIgniter.php(832): App\Controllers\Auth->index()
#1 C:\xampp7\htdocs\apiclubhouse\vendor\codeigniter4\framework\system\CodeIgniter.php(419): CodeIgniter\CodeIgniter->runController(Object(App\Controllers\Auth))
#2 C:\xampp7\htdocs\apiclubhouse\vendor\codeigniter4\framework\system\CodeIgniter.php(326): CodeIgniter\CodeIgniter->handleRequest(NULL, Object(Config\Cache), false)
#3 C:\xampp7\htdocs\apiclubhouse\public\index.php(37): CodeIgniter\CodeIgniter->run()
#4 C:\xampp7\htdocs\apiclubhouse\vendor\codeigniter4\framework\system\Commands\Server\rewrite.php(43): require_once('C:\\xampp7\\htdoc...')
#5 {main}
CRITICAL - 2022-05-21 12:23:49 --> Call to a member function where() on null
#0 C:\xampp7\htdocs\apiclubhouse\vendor\codeigniter4\framework\system\CodeIgniter.php(832): App\Controllers\Auth->index()
#1 C:\xampp7\htdocs\apiclubhouse\vendor\codeigniter4\framework\system\CodeIgniter.php(419): CodeIgniter\CodeIgniter->runController(Object(App\Controllers\Auth))
#2 C:\xampp7\htdocs\apiclubhouse\vendor\codeigniter4\framework\system\CodeIgniter.php(326): CodeIgniter\CodeIgniter->handleRequest(NULL, Object(Config\Cache), false)
#3 C:\xampp7\htdocs\apiclubhouse\public\index.php(37): CodeIgniter\CodeIgniter->run()
#4 C:\xampp7\htdocs\apiclubhouse\vendor\codeigniter4\framework\system\Commands\Server\rewrite.php(43): require_once('C:\\xampp7\\htdoc...')
#5 {main}
CRITICAL - 2022-05-21 12:24:16 --> Declaration of App\Controllers\Auth::update() must be compatible with CodeIgniter\RESTful\ResourceController::update($id = null)
#0 [internal function]: CodeIgniter\Debug\Exceptions->shutdownHandler()
#1 {main}
CRITICAL - 2022-05-21 12:24:47 --> Undefined variable $id
#0 C:\xampp7\htdocs\apiclubhouse\app\Controllers\Auth.php(24): CodeIgniter\Debug\Exceptions->errorHandler(2, 'Undefined varia...', 'C:\\xampp7\\htdoc...', 24)
#1 C:\xampp7\htdocs\apiclubhouse\vendor\codeigniter4\framework\system\CodeIgniter.php(832): App\Controllers\Auth->index()
#2 C:\xampp7\htdocs\apiclubhouse\vendor\codeigniter4\framework\system\CodeIgniter.php(419): CodeIgniter\CodeIgniter->runController(Object(App\Controllers\Auth))
#3 C:\xampp7\htdocs\apiclubhouse\vendor\codeigniter4\framework\system\CodeIgniter.php(326): CodeIgniter\CodeIgniter->handleRequest(NULL, Object(Config\Cache), false)
#4 C:\xampp7\htdocs\apiclubhouse\public\index.php(37): CodeIgniter\CodeIgniter->run()
#5 C:\xampp7\htdocs\apiclubhouse\vendor\codeigniter4\framework\system\Commands\Server\rewrite.php(43): require_once('C:\\xampp7\\htdoc...')
#6 {main}
CRITICAL - 2022-05-21 12:25:14 --> Undefined variable $user
#0 C:\xampp7\htdocs\apiclubhouse\app\Controllers\Auth.php(22): CodeIgniter\Debug\Exceptions->errorHandler(2, 'Undefined varia...', 'C:\\xampp7\\htdoc...', 22)
#1 C:\xampp7\htdocs\apiclubhouse\vendor\codeigniter4\framework\system\CodeIgniter.php(832): App\Controllers\Auth->index()
#2 C:\xampp7\htdocs\apiclubhouse\vendor\codeigniter4\framework\system\CodeIgniter.php(419): CodeIgniter\CodeIgniter->runController(Object(App\Controllers\Auth))
#3 C:\xampp7\htdocs\apiclubhouse\vendor\codeigniter4\framework\system\CodeIgniter.php(326): CodeIgniter\CodeIgniter->handleRequest(NULL, Object(Config\Cache), false)
#4 C:\xampp7\htdocs\apiclubhouse\public\index.php(37): CodeIgniter\CodeIgniter->run()
#5 C:\xampp7\htdocs\apiclubhouse\vendor\codeigniter4\framework\system\Commands\Server\rewrite.php(43): require_once('C:\\xampp7\\htdoc...')
#6 {main}
CRITICAL - 2022-05-21 12:25:45 --> Undefined variable $model
#0 C:\xampp7\htdocs\apiclubhouse\app\Controllers\Auth.php(22): CodeIgniter\Debug\Exceptions->errorHandler(2, 'Undefined varia...', 'C:\\xampp7\\htdoc...', 22)
#1 C:\xampp7\htdocs\apiclubhouse\vendor\codeigniter4\framework\system\CodeIgniter.php(832): App\Controllers\Auth->index()
#2 C:\xampp7\htdocs\apiclubhouse\vendor\codeigniter4\framework\system\CodeIgniter.php(419): CodeIgniter\CodeIgniter->runController(Object(App\Controllers\Auth))
#3 C:\xampp7\htdocs\apiclubhouse\vendor\codeigniter4\framework\system\CodeIgniter.php(326): CodeIgniter\CodeIgniter->handleRequest(NULL, Object(Config\Cache), false)
#4 C:\xampp7\htdocs\apiclubhouse\public\index.php(37): CodeIgniter\CodeIgniter->run()
#5 C:\xampp7\htdocs\apiclubhouse\vendor\codeigniter4\framework\system\Commands\Server\rewrite.php(43): require_once('C:\\xampp7\\htdoc...')
#6 {main}
CRITICAL - 2022-05-21 12:26:06 --> Call to a member function where() on null
#0 C:\xampp7\htdocs\apiclubhouse\vendor\codeigniter4\framework\system\CodeIgniter.php(832): App\Controllers\Auth->index()
#1 C:\xampp7\htdocs\apiclubhouse\vendor\codeigniter4\framework\system\CodeIgniter.php(419): CodeIgniter\CodeIgniter->runController(Object(App\Controllers\Auth))
#2 C:\xampp7\htdocs\apiclubhouse\vendor\codeigniter4\framework\system\CodeIgniter.php(326): CodeIgniter\CodeIgniter->handleRequest(NULL, Object(Config\Cache), false)
#3 C:\xampp7\htdocs\apiclubhouse\public\index.php(37): CodeIgniter\CodeIgniter->run()
#4 C:\xampp7\htdocs\apiclubhouse\vendor\codeigniter4\framework\system\Commands\Server\rewrite.php(43): require_once('C:\\xampp7\\htdoc...')
#5 {main}
CRITICAL - 2022-05-21 12:26:29 --> Call to a member function where() on null
#0 C:\xampp7\htdocs\apiclubhouse\vendor\codeigniter4\framework\system\CodeIgniter.php(832): App\Controllers\Auth->index()
#1 C:\xampp7\htdocs\apiclubhouse\vendor\codeigniter4\framework\system\CodeIgniter.php(419): CodeIgniter\CodeIgniter->runController(Object(App\Controllers\Auth))
#2 C:\xampp7\htdocs\apiclubhouse\vendor\codeigniter4\framework\system\CodeIgniter.php(326): CodeIgniter\CodeIgniter->handleRequest(NULL, Object(Config\Cache), false)
#3 C:\xampp7\htdocs\apiclubhouse\public\index.php(37): CodeIgniter\CodeIgniter->run()
#4 C:\xampp7\htdocs\apiclubhouse\vendor\codeigniter4\framework\system\Commands\Server\rewrite.php(43): require_once('C:\\xampp7\\htdoc...')
#5 {main}
CRITICAL - 2022-05-21 12:26:52 --> Call to a member function save() on null
#0 C:\xampp7\htdocs\apiclubhouse\vendor\codeigniter4\framework\system\CodeIgniter.php(832): App\Controllers\Auth->index()
#1 C:\xampp7\htdocs\apiclubhouse\vendor\codeigniter4\framework\system\CodeIgniter.php(419): CodeIgniter\CodeIgniter->runController(Object(App\Controllers\Auth))
#2 C:\xampp7\htdocs\apiclubhouse\vendor\codeigniter4\framework\system\CodeIgniter.php(326): CodeIgniter\CodeIgniter->handleRequest(NULL, Object(Config\Cache), false)
#3 C:\xampp7\htdocs\apiclubhouse\public\index.php(37): CodeIgniter\CodeIgniter->run()
#4 C:\xampp7\htdocs\apiclubhouse\vendor\codeigniter4\framework\system\Commands\Server\rewrite.php(43): require_once('C:\\xampp7\\htdoc...')
#5 {main}
CRITICAL - 2022-05-21 12:33:58 --> Undefined variable $user
#0 C:\xampp7\htdocs\apiclubhouse\app\Controllers\Auth.php(29): CodeIgniter\Debug\Exceptions->errorHandler(2, 'Undefined varia...', 'C:\\xampp7\\htdoc...', 29)
#1 C:\xampp7\htdocs\apiclubhouse\vendor\codeigniter4\framework\system\CodeIgniter.php(832): App\Controllers\Auth->index()
#2 C:\xampp7\htdocs\apiclubhouse\vendor\codeigniter4\framework\system\CodeIgniter.php(419): CodeIgniter\CodeIgniter->runController(Object(App\Controllers\Auth))
#3 C:\xampp7\htdocs\apiclubhouse\vendor\codeigniter4\framework\system\CodeIgniter.php(326): CodeIgniter\CodeIgniter->handleRequest(NULL, Object(Config\Cache), false)
#4 C:\xampp7\htdocs\apiclubhouse\public\index.php(37): CodeIgniter\CodeIgniter->run()
#5 C:\xampp7\htdocs\apiclubhouse\vendor\codeigniter4\framework\system\Commands\Server\rewrite.php(43): require_once('C:\\xampp7\\htdoc...')
#6 {main}
CRITICAL - 2022-05-21 12:34:06 --> Undefined variable $user
#0 C:\xampp7\htdocs\apiclubhouse\app\Controllers\Auth.php(29): CodeIgniter\Debug\Exceptions->errorHandler(2, 'Undefined varia...', 'C:\\xampp7\\htdoc...', 29)
#1 C:\xampp7\htdocs\apiclubhouse\vendor\codeigniter4\framework\system\CodeIgniter.php(832): App\Controllers\Auth->index()
#2 C:\xampp7\htdocs\apiclubhouse\vendor\codeigniter4\framework\system\CodeIgniter.php(419): CodeIgniter\CodeIgniter->runController(Object(App\Controllers\Auth))
#3 C:\xampp7\htdocs\apiclubhouse\vendor\codeigniter4\framework\system\CodeIgniter.php(326): CodeIgniter\CodeIgniter->handleRequest(NULL, Object(Config\Cache), false)
#4 C:\xampp7\htdocs\apiclubhouse\public\index.php(37): CodeIgniter\CodeIgniter->run()
#5 C:\xampp7\htdocs\apiclubhouse\vendor\codeigniter4\framework\system\Commands\Server\rewrite.php(43): require_once('C:\\xampp7\\htdoc...')
#6 {main}
CRITICAL - 2022-05-21 12:35:36 --> Undefined variable $user
#0 C:\xampp7\htdocs\apiclubhouse\app\Controllers\Auth.php(30): CodeIgniter\Debug\Exceptions->errorHandler(2, 'Undefined varia...', 'C:\\xampp7\\htdoc...', 30)
#1 C:\xampp7\htdocs\apiclubhouse\vendor\codeigniter4\framework\system\CodeIgniter.php(832): App\Controllers\Auth->index()
#2 C:\xampp7\htdocs\apiclubhouse\vendor\codeigniter4\framework\system\CodeIgniter.php(419): CodeIgniter\CodeIgniter->runController(Object(App\Controllers\Auth))
#3 C:\xampp7\htdocs\apiclubhouse\vendor\codeigniter4\framework\system\CodeIgniter.php(326): CodeIgniter\CodeIgniter->handleRequest(NULL, Object(Config\Cache), false)
#4 C:\xampp7\htdocs\apiclubhouse\public\index.php(37): CodeIgniter\CodeIgniter->run()
#5 C:\xampp7\htdocs\apiclubhouse\vendor\codeigniter4\framework\system\Commands\Server\rewrite.php(43): require_once('C:\\xampp7\\htdoc...')
#6 {main}
CRITICAL - 2022-05-21 12:37:56 --> Call to a member function save() on null
#0 C:\xampp7\htdocs\apiclubhouse\vendor\codeigniter4\framework\system\CodeIgniter.php(832): App\Controllers\Auth->index()
#1 C:\xampp7\htdocs\apiclubhouse\vendor\codeigniter4\framework\system\CodeIgniter.php(419): CodeIgniter\CodeIgniter->runController(Object(App\Controllers\Auth))
#2 C:\xampp7\htdocs\apiclubhouse\vendor\codeigniter4\framework\system\CodeIgniter.php(326): CodeIgniter\CodeIgniter->handleRequest(NULL, Object(Config\Cache), false)
#3 C:\xampp7\htdocs\apiclubhouse\public\index.php(37): CodeIgniter\CodeIgniter->run()
#4 C:\xampp7\htdocs\apiclubhouse\vendor\codeigniter4\framework\system\Commands\Server\rewrite.php(43): require_once('C:\\xampp7\\htdoc...')
#5 {main}
CRITICAL - 2022-05-21 12:40:27 --> Call to a member function save() on null
#0 C:\xampp7\htdocs\apiclubhouse\vendor\codeigniter4\framework\system\CodeIgniter.php(832): App\Controllers\Auth->index()
#1 C:\xampp7\htdocs\apiclubhouse\vendor\codeigniter4\framework\system\CodeIgniter.php(419): CodeIgniter\CodeIgniter->runController(Object(App\Controllers\Auth))
#2 C:\xampp7\htdocs\apiclubhouse\vendor\codeigniter4\framework\system\CodeIgniter.php(326): CodeIgniter\CodeIgniter->handleRequest(NULL, Object(Config\Cache), false)
#3 C:\xampp7\htdocs\apiclubhouse\public\index.php(37): CodeIgniter\CodeIgniter->run()
#4 C:\xampp7\htdocs\apiclubhouse\vendor\codeigniter4\framework\system\Commands\Server\rewrite.php(43): require_once('C:\\xampp7\\htdoc...')
#5 {main}
CRITICAL - 2022-05-21 12:42:04 --> Call to a member function save() on null
#0 C:\xampp7\htdocs\apiclubhouse\vendor\codeigniter4\framework\system\CodeIgniter.php(832): App\Controllers\Auth->index()
#1 C:\xampp7\htdocs\apiclubhouse\vendor\codeigniter4\framework\system\CodeIgniter.php(419): CodeIgniter\CodeIgniter->runController(Object(App\Controllers\Auth))
#2 C:\xampp7\htdocs\apiclubhouse\vendor\codeigniter4\framework\system\CodeIgniter.php(326): CodeIgniter\CodeIgniter->handleRequest(NULL, Object(Config\Cache), false)
#3 C:\xampp7\htdocs\apiclubhouse\public\index.php(37): CodeIgniter\CodeIgniter->run()
#4 C:\xampp7\htdocs\apiclubhouse\vendor\codeigniter4\framework\system\Commands\Server\rewrite.php(43): require_once('C:\\xampp7\\htdoc...')
#5 {main}
CRITICAL - 2022-05-21 12:51:05 --> Declaration of App\Controllers\Auth::update() must be compatible with CodeIgniter\RESTful\ResourceController::update($id = null)
#0 [internal function]: CodeIgniter\Debug\Exceptions->shutdownHandler()
#1 {main}
CRITICAL - 2022-05-21 12:53:00 --> Declaration of App\Controllers\Auth::update() must be compatible with CodeIgniter\RESTful\ResourceController::update($id = null)
#0 [internal function]: CodeIgniter\Debug\Exceptions->shutdownHandler()
#1 {main}
CRITICAL - 2022-05-21 12:53:28 --> Declaration of App\Controllers\Auth::update() must be compatible with CodeIgniter\RESTful\ResourceController::update($id = null)
#0 [internal function]: CodeIgniter\Debug\Exceptions->shutdownHandler()
#1 {main}
CRITICAL - 2022-05-21 12:55:38 --> Undefined variable $token
#0 C:\xampp7\htdocs\apiclubhouse\app\Controllers\Auth.php(37): CodeIgniter\Debug\Exceptions->errorHandler(2, 'Undefined varia...', 'C:\\xampp7\\htdoc...', 37)
#1 C:\xampp7\htdocs\apiclubhouse\vendor\codeigniter4\framework\system\CodeIgniter.php(832): App\Controllers\Auth->update()
#2 C:\xampp7\htdocs\apiclubhouse\vendor\codeigniter4\framework\system\CodeIgniter.php(419): CodeIgniter\CodeIgniter->runController(Object(App\Controllers\Auth))
#3 C:\xampp7\htdocs\apiclubhouse\vendor\codeigniter4\framework\system\CodeIgniter.php(326): CodeIgniter\CodeIgniter->handleRequest(NULL, Object(Config\Cache), false)
#4 C:\xampp7\htdocs\apiclubhouse\public\index.php(37): CodeIgniter\CodeIgniter->run()
#5 C:\xampp7\htdocs\apiclubhouse\vendor\codeigniter4\framework\system\Commands\Server\rewrite.php(43): require_once('C:\\xampp7\\htdoc...')
#6 {main}
CRITICAL - 2022-05-21 13:14:31 --> Declaration of App\Controllers\Auth::update() must be compatible with CodeIgniter\RESTful\ResourceController::update($id = null)
#0 [internal function]: CodeIgniter\Debug\Exceptions->shutdownHandler()
#1 {main}
CRITICAL - 2022-05-21 13:14:59 --> Declaration of App\Controllers\Auth::update() must be compatible with CodeIgniter\RESTful\ResourceController::update($id = null)
#0 [internal function]: CodeIgniter\Debug\Exceptions->shutdownHandler()
#1 {main}
CRITICAL - 2022-05-21 13:18:07 --> Class "App\Controllers\UserModel" not found
#0 C:\xampp7\htdocs\apiclubhouse\vendor\codeigniter4\framework\system\CodeIgniter.php(832): App\Controllers\Auth->index()
#1 C:\xampp7\htdocs\apiclubhouse\vendor\codeigniter4\framework\system\CodeIgniter.php(419): CodeIgniter\CodeIgniter->runController(Object(App\Controllers\Auth))
#2 C:\xampp7\htdocs\apiclubhouse\vendor\codeigniter4\framework\system\CodeIgniter.php(326): CodeIgniter\CodeIgniter->handleRequest(NULL, Object(Config\Cache), false)
#3 C:\xampp7\htdocs\apiclubhouse\public\index.php(37): CodeIgniter\CodeIgniter->run()
#4 C:\xampp7\htdocs\apiclubhouse\vendor\codeigniter4\framework\system\Commands\Server\rewrite.php(43): require_once('C:\\xampp7\\htdoc...')
#5 {main}
CRITICAL - 2022-05-21 13:18:57 --> Class "App\Controllers\UserModel" not found
#0 C:\xampp7\htdocs\apiclubhouse\vendor\codeigniter4\framework\system\CodeIgniter.php(832): App\Controllers\Auth->index()
#1 C:\xampp7\htdocs\apiclubhouse\vendor\codeigniter4\framework\system\CodeIgniter.php(419): CodeIgniter\CodeIgniter->runController(Object(App\Controllers\Auth))
#2 C:\xampp7\htdocs\apiclubhouse\vendor\codeigniter4\framework\system\CodeIgniter.php(326): CodeIgniter\CodeIgniter->handleRequest(NULL, Object(Config\Cache), false)
#3 C:\xampp7\htdocs\apiclubhouse\public\index.php(37): CodeIgniter\CodeIgniter->run()
#4 C:\xampp7\htdocs\apiclubhouse\vendor\codeigniter4\framework\system\Commands\Server\rewrite.php(43): require_once('C:\\xampp7\\htdoc...')
#5 {main}
CRITICAL - 2022-05-21 13:21:48 --> Class "App\Controllers\UserModel" not found
#0 C:\xampp7\htdocs\apiclubhouse\vendor\codeigniter4\framework\system\CodeIgniter.php(832): App\Controllers\Auth->index()
#1 C:\xampp7\htdocs\apiclubhouse\vendor\codeigniter4\framework\system\CodeIgniter.php(419): CodeIgniter\CodeIgniter->runController(Object(App\Controllers\Auth))
#2 C:\xampp7\htdocs\apiclubhouse\vendor\codeigniter4\framework\system\CodeIgniter.php(326): CodeIgniter\CodeIgniter->handleRequest(NULL, Object(Config\Cache), false)
#3 C:\xampp7\htdocs\apiclubhouse\public\index.php(37): CodeIgniter\CodeIgniter->run()
#4 C:\xampp7\htdocs\apiclubhouse\vendor\codeigniter4\framework\system\Commands\Server\rewrite.php(43): require_once('C:\\xampp7\\htdoc...')
#5 {main}
CRITICAL - 2022-05-21 13:28:07 --> CodeIgniter\Model::__construct(): Argument #1 ($db) cannot be passed by reference
#0 C:\xampp7\htdocs\apiclubhouse\vendor\codeigniter4\framework\system\CodeIgniter.php(832): App\Controllers\Auth->index()
#1 C:\xampp7\htdocs\apiclubhouse\vendor\codeigniter4\framework\system\CodeIgniter.php(419): CodeIgniter\CodeIgniter->runController(Object(App\Controllers\Auth))
#2 C:\xampp7\htdocs\apiclubhouse\vendor\codeigniter4\framework\system\CodeIgniter.php(326): CodeIgniter\CodeIgniter->handleRequest(NULL, Object(Config\Cache), false)
#3 C:\xampp7\htdocs\apiclubhouse\public\index.php(37): CodeIgniter\CodeIgniter->run()
#4 C:\xampp7\htdocs\apiclubhouse\vendor\codeigniter4\framework\system\Commands\Server\rewrite.php(43): require_once('C:\\xampp7\\htdoc...')
#5 {main}
CRITICAL - 2022-05-21 13:33:42 --> Class "App\Controllers\UserModel" not found
#0 C:\xampp7\htdocs\apiclubhouse\vendor\codeigniter4\framework\system\CodeIgniter.php(832): App\Controllers\Auth->index()
#1 C:\xampp7\htdocs\apiclubhouse\vendor\codeigniter4\framework\system\CodeIgniter.php(419): CodeIgniter\CodeIgniter->runController(Object(App\Controllers\Auth))
#2 C:\xampp7\htdocs\apiclubhouse\vendor\codeigniter4\framework\system\CodeIgniter.php(326): CodeIgniter\CodeIgniter->handleRequest(NULL, Object(Config\Cache), false)
#3 C:\xampp7\htdocs\apiclubhouse\public\index.php(37): CodeIgniter\CodeIgniter->run()
#4 C:\xampp7\htdocs\apiclubhouse\vendor\codeigniter4\framework\system\Commands\Server\rewrite.php(43): require_once('C:\\xampp7\\htdoc...')
#5 {main}
CRITICAL - 2022-05-21 13:33:59 --> Undefined variable $modelName
#0 C:\xampp7\htdocs\apiclubhouse\app\Controllers\Auth.php(26): CodeIgniter\Debug\Exceptions->errorHandler(2, 'Undefined varia...', 'C:\\xampp7\\htdoc...', 26)
#1 C:\xampp7\htdocs\apiclubhouse\vendor\codeigniter4\framework\system\CodeIgniter.php(832): App\Controllers\Auth->index()
#2 C:\xampp7\htdocs\apiclubhouse\vendor\codeigniter4\framework\system\CodeIgniter.php(419): CodeIgniter\CodeIgniter->runController(Object(App\Controllers\Auth))
#3 C:\xampp7\htdocs\apiclubhouse\vendor\codeigniter4\framework\system\CodeIgniter.php(326): CodeIgniter\CodeIgniter->handleRequest(NULL, Object(Config\Cache), false)
#4 C:\xampp7\htdocs\apiclubhouse\public\index.php(37): CodeIgniter\CodeIgniter->run()
#5 C:\xampp7\htdocs\apiclubhouse\vendor\codeigniter4\framework\system\Commands\Server\rewrite.php(43): require_once('C:\\xampp7\\htdoc...')
#6 {main}
CRITICAL - 2022-05-21 13:34:11 --> Undefined variable $modelName
#0 C:\xampp7\htdocs\apiclubhouse\app\Controllers\Auth.php(26): CodeIgniter\Debug\Exceptions->errorHandler(2, 'Undefined varia...', 'C:\\xampp7\\htdoc...', 26)
#1 C:\xampp7\htdocs\apiclubhouse\vendor\codeigniter4\framework\system\CodeIgniter.php(832): App\Controllers\Auth->index()
#2 C:\xampp7\htdocs\apiclubhouse\vendor\codeigniter4\framework\system\CodeIgniter.php(419): CodeIgniter\CodeIgniter->runController(Object(App\Controllers\Auth))
#3 C:\xampp7\htdocs\apiclubhouse\vendor\codeigniter4\framework\system\CodeIgniter.php(326): CodeIgniter\CodeIgniter->handleRequest(NULL, Object(Config\Cache), false)
#4 C:\xampp7\htdocs\apiclubhouse\public\index.php(37): CodeIgniter\CodeIgniter->run()
#5 C:\xampp7\htdocs\apiclubhouse\vendor\codeigniter4\framework\system\Commands\Server\rewrite.php(43): require_once('C:\\xampp7\\htdoc...')
#6 {main}
CRITICAL - 2022-05-21 13:40:48 --> Undefined constant "App\Controllers\id"
#0 C:\xampp7\htdocs\apiclubhouse\vendor\codeigniter4\framework\system\CodeIgniter.php(832): App\Controllers\Auth->index()
#1 C:\xampp7\htdocs\apiclubhouse\vendor\codeigniter4\framework\system\CodeIgniter.php(419): CodeIgniter\CodeIgniter->runController(Object(App\Controllers\Auth))
#2 C:\xampp7\htdocs\apiclubhouse\vendor\codeigniter4\framework\system\CodeIgniter.php(326): CodeIgniter\CodeIgniter->handleRequest(NULL, Object(Config\Cache), false)
#3 C:\xampp7\htdocs\apiclubhouse\public\index.php(37): CodeIgniter\CodeIgniter->run()
#4 C:\xampp7\htdocs\apiclubhouse\vendor\codeigniter4\framework\system\Commands\Server\rewrite.php(43): require_once('C:\\xampp7\\htdoc...')
#5 {main}
CRITICAL - 2022-05-21 13:40:59 --> Undefined variable $model
#0 C:\xampp7\htdocs\apiclubhouse\app\Controllers\Auth.php(26): CodeIgniter\Debug\Exceptions->errorHandler(2, 'Undefined varia...', 'C:\\xampp7\\htdoc...', 26)
#1 C:\xampp7\htdocs\apiclubhouse\vendor\codeigniter4\framework\system\CodeIgniter.php(832): App\Controllers\Auth->index()
#2 C:\xampp7\htdocs\apiclubhouse\vendor\codeigniter4\framework\system\CodeIgniter.php(419): CodeIgniter\CodeIgniter->runController(Object(App\Controllers\Auth))
#3 C:\xampp7\htdocs\apiclubhouse\vendor\codeigniter4\framework\system\CodeIgniter.php(326): CodeIgniter\CodeIgniter->handleRequest(NULL, Object(Config\Cache), false)
#4 C:\xampp7\htdocs\apiclubhouse\public\index.php(37): CodeIgniter\CodeIgniter->run()
#5 C:\xampp7\htdocs\apiclubhouse\vendor\codeigniter4\framework\system\Commands\Server\rewrite.php(43): require_once('C:\\xampp7\\htdoc...')
#6 {main}
CRITICAL - 2022-05-21 13:41:38 --> Call to undefined function App\Controllers\where()
#0 C:\xampp7\htdocs\apiclubhouse\vendor\codeigniter4\framework\system\CodeIgniter.php(832): App\Controllers\Auth->index()
#1 C:\xampp7\htdocs\apiclubhouse\vendor\codeigniter4\framework\system\CodeIgniter.php(419): CodeIgniter\CodeIgniter->runController(Object(App\Controllers\Auth))
#2 C:\xampp7\htdocs\apiclubhouse\vendor\codeigniter4\framework\system\CodeIgniter.php(326): CodeIgniter\CodeIgniter->handleRequest(NULL, Object(Config\Cache), false)
#3 C:\xampp7\htdocs\apiclubhouse\public\index.php(37): CodeIgniter\CodeIgniter->run()
#4 C:\xampp7\htdocs\apiclubhouse\vendor\codeigniter4\framework\system\Commands\Server\rewrite.php(43): require_once('C:\\xampp7\\htdoc...')
#5 {main}
CRITICAL - 2022-05-21 13:42:06 --> Call to undefined method App\Controllers\Auth::where()
#0 C:\xampp7\htdocs\apiclubhouse\vendor\codeigniter4\framework\system\CodeIgniter.php(832): App\Controllers\Auth->index()
#1 C:\xampp7\htdocs\apiclubhouse\vendor\codeigniter4\framework\system\CodeIgniter.php(419): CodeIgniter\CodeIgniter->runController(Object(App\Controllers\Auth))
#2 C:\xampp7\htdocs\apiclubhouse\vendor\codeigniter4\framework\system\CodeIgniter.php(326): CodeIgniter\CodeIgniter->handleRequest(NULL, Object(Config\Cache), false)
#3 C:\xampp7\htdocs\apiclubhouse\public\index.php(37): CodeIgniter\CodeIgniter->run()
#4 C:\xampp7\htdocs\apiclubhouse\vendor\codeigniter4\framework\system\Commands\Server\rewrite.php(43): require_once('C:\\xampp7\\htdoc...')
#5 {main}
CRITICAL - 2022-05-21 16:24:44 --> Call to a member function orderBy() on null
#0 C:\xampp7\htdocs\apiclubhouse\vendor\codeigniter4\framework\system\CodeIgniter.php(832): App\Controllers\Auth->index()
#1 C:\xampp7\htdocs\apiclubhouse\vendor\codeigniter4\framework\system\CodeIgniter.php(419): CodeIgniter\CodeIgniter->runController(Object(App\Controllers\Auth))
#2 C:\xampp7\htdocs\apiclubhouse\vendor\codeigniter4\framework\system\CodeIgniter.php(326): CodeIgniter\CodeIgniter->handleRequest(NULL, Object(Config\Cache), false)
#3 C:\xampp7\htdocs\apiclubhouse\public\index.php(37): CodeIgniter\CodeIgniter->run()
#4 C:\xampp7\htdocs\apiclubhouse\vendor\codeigniter4\framework\system\Commands\Server\rewrite.php(43): require_once('C:\\xampp7\\htdoc...')
#5 {main}
CRITICAL - 2022-05-21 16:25:13 --> Call to a member function orderBy() on null
#0 C:\xampp7\htdocs\apiclubhouse\vendor\codeigniter4\framework\system\CodeIgniter.php(832): App\Controllers\Auth->index()
#1 C:\xampp7\htdocs\apiclubhouse\vendor\codeigniter4\framework\system\CodeIgniter.php(419): CodeIgniter\CodeIgniter->runController(Object(App\Controllers\Auth))
#2 C:\xampp7\htdocs\apiclubhouse\vendor\codeigniter4\framework\system\CodeIgniter.php(326): CodeIgniter\CodeIgniter->handleRequest(NULL, Object(Config\Cache), false)
#3 C:\xampp7\htdocs\apiclubhouse\public\index.php(37): CodeIgniter\CodeIgniter->run()
#4 C:\xampp7\htdocs\apiclubhouse\vendor\codeigniter4\framework\system\Commands\Server\rewrite.php(43): require_once('C:\\xampp7\\htdoc...')
#5 {main}
CRITICAL - 2022-05-21 16:25:17 --> Call to a member function orderBy() on null
#0 C:\xampp7\htdocs\apiclubhouse\vendor\codeigniter4\framework\system\CodeIgniter.php(832): App\Controllers\Auth->index()
#1 C:\xampp7\htdocs\apiclubhouse\vendor\codeigniter4\framework\system\CodeIgniter.php(419): CodeIgniter\CodeIgniter->runController(Object(App\Controllers\Auth))
#2 C:\xampp7\htdocs\apiclubhouse\vendor\codeigniter4\framework\system\CodeIgniter.php(326): CodeIgniter\CodeIgniter->handleRequest(NULL, Object(Config\Cache), false)
#3 C:\xampp7\htdocs\apiclubhouse\public\index.php(37): CodeIgniter\CodeIgniter->run()
#4 C:\xampp7\htdocs\apiclubhouse\vendor\codeigniter4\framework\system\Commands\Server\rewrite.php(43): require_once('C:\\xampp7\\htdoc...')
#5 {main}
