ERROR - 2022-11-23 06:29:23 --> mysqli_sql_exception: Column 'nama' in field list is ambiguous in C:\xampp7\htdocs\APIclubhouse\vendor\codeigniter4\framework\system\Database\MySQLi\Connection.php:292
Stack trace:
#0 C:\xampp7\htdocs\APIclubhouse\vendor\codeigniter4\framework\system\Database\MySQLi\Connection.php(292): mysqli->query('SELECT `users`....', 0)
#1 C:\xampp7\htdocs\APIclubhouse\vendor\codeigniter4\framework\system\Database\BaseConnection.php(666): CodeIgniter\Database\MySQLi\Connection->execute('SELECT `users`....')
#2 C:\xampp7\htdocs\APIclubhouse\vendor\codeigniter4\framework\system\Database\BaseConnection.php(593): CodeIgniter\Database\BaseConnection->simpleQuery('SELECT `users`....')
#3 C:\xampp7\htdocs\APIclubhouse\vendor\codeigniter4\framework\system\Database\BaseBuilder.php(1585): CodeIgniter\Database\BaseConnection->query('SELECT `users`....', Array, false)
#4 C:\xampp7\htdocs\APIclubhouse\app\Controllers\Auth.php(28): CodeIgniter\Database\BaseBuilder->get()
#5 C:\xampp7\htdocs\APIclubhouse\vendor\codeigniter4\framework\system\CodeIgniter.php(927): App\Controllers\Auth->index()
#6 C:\xampp7\htdocs\APIclubhouse\vendor\codeigniter4\framework\system\CodeIgniter.php(482): CodeIgniter\CodeIgniter->runController(Object(App\Controllers\Auth))
#7 C:\xampp7\htdocs\APIclubhouse\vendor\codeigniter4\framework\system\CodeIgniter.php(351): CodeIgniter\CodeIgniter->handleRequest(NULL, Object(Config\Cache), false)
#8 C:\xampp7\htdocs\APIclubhouse\public\index.php(67): CodeIgniter\CodeIgniter->run()
#9 C:\xampp7\htdocs\APIclubhouse\vendor\codeigniter4\framework\system\Commands\Server\rewrite.php(46): require_once('C:\\xampp7\\htdoc...')
#10 {main}
CRITICAL - 2022-11-23 06:29:23 --> Column 'nama' in field list is ambiguous
in SYSTEMPATH\Database\MySQLi\Connection.php on line 292.
 1 SYSTEMPATH\Database\MySQLi\Connection.php(292): mysqli->query('SELECT `users`.`id`, `nama`, `email`, `role`, `role_id`
FROM `users`
JOIN `roles` ON `roles`.`id`=`users`.`role_id`', 0)
 2 SYSTEMPATH\Database\BaseConnection.php(666): CodeIgniter\Database\MySQLi\Connection->execute('SELECT `users`.`id`, `nama`, `email`, `role`, `role_id`
FROM `users`
JOIN `roles` ON `roles`.`id`=`users`.`role_id`')
 3 SYSTEMPATH\Database\BaseConnection.php(593): CodeIgniter\Database\BaseConnection->simpleQuery('SELECT `users`.`id`, `nama`, `email`, `role`, `role_id`
FROM `users`
JOIN `roles` ON `roles`.`id`=`users`.`role_id`')
 4 SYSTEMPATH\Database\BaseBuilder.php(1585): CodeIgniter\Database\BaseConnection->query('SELECT `users`.`id`, `nama`, `email`, `role`, `role_id`
FROM `users`
JOIN `roles` ON `roles`.`id`=`users`.`role_id`', [], false)
 5 APPPATH\Controllers\Auth.php(28): CodeIgniter\Database\BaseBuilder->get()
 6 SYSTEMPATH\CodeIgniter.php(927): App\Controllers\Auth->index()
 7 SYSTEMPATH\CodeIgniter.php(482): CodeIgniter\CodeIgniter->runController(Object(App\Controllers\Auth))
 8 SYSTEMPATH\CodeIgniter.php(351): CodeIgniter\CodeIgniter->handleRequest(null, Object(Config\Cache), false)
 9 FCPATH\index.php(67): CodeIgniter\CodeIgniter->run()
10 SYSTEMPATH\Commands\Server\rewrite.php(46): require_once('FCPATH\\index.php')
ERROR - 2022-11-23 06:29:23 --> mysqli_sql_exception: Column 'nama' in field list is ambiguous in C:\xampp7\htdocs\APIclubhouse\vendor\codeigniter4\framework\system\Database\MySQLi\Connection.php:292
Stack trace:
#0 C:\xampp7\htdocs\APIclubhouse\vendor\codeigniter4\framework\system\Database\MySQLi\Connection.php(292): mysqli->query('SELECT `users`....', 0)
#1 C:\xampp7\htdocs\APIclubhouse\vendor\codeigniter4\framework\system\Database\BaseConnection.php(666): CodeIgniter\Database\MySQLi\Connection->execute('SELECT `users`....')
#2 C:\xampp7\htdocs\APIclubhouse\vendor\codeigniter4\framework\system\Database\BaseConnection.php(593): CodeIgniter\Database\BaseConnection->simpleQuery('SELECT `users`....')
#3 C:\xampp7\htdocs\APIclubhouse\vendor\codeigniter4\framework\system\Database\BaseBuilder.php(1585): CodeIgniter\Database\BaseConnection->query('SELECT `users`....', Array, false)
#4 C:\xampp7\htdocs\APIclubhouse\app\Controllers\Auth.php(28): CodeIgniter\Database\BaseBuilder->get()
#5 C:\xampp7\htdocs\APIclubhouse\vendor\codeigniter4\framework\system\CodeIgniter.php(927): App\Controllers\Auth->index()
#6 C:\xampp7\htdocs\APIclubhouse\vendor\codeigniter4\framework\system\CodeIgniter.php(482): CodeIgniter\CodeIgniter->runController(Object(App\Controllers\Auth))
#7 C:\xampp7\htdocs\APIclubhouse\vendor\codeigniter4\framework\system\CodeIgniter.php(351): CodeIgniter\CodeIgniter->handleRequest(NULL, Object(Config\Cache), false)
#8 C:\xampp7\htdocs\APIclubhouse\public\index.php(67): CodeIgniter\CodeIgniter->run()
#9 C:\xampp7\htdocs\APIclubhouse\vendor\codeigniter4\framework\system\Commands\Server\rewrite.php(46): require_once('C:\\xampp7\\htdoc...')
#10 {main}
CRITICAL - 2022-11-23 06:29:23 --> Column 'nama' in field list is ambiguous
in SYSTEMPATH\Database\MySQLi\Connection.php on line 292.
 1 SYSTEMPATH\Database\MySQLi\Connection.php(292): mysqli->query('SELECT `users`.`id`, `nama`, `email`, `role`, `role_id`
FROM `users`
JOIN `roles` ON `roles`.`id`=`users`.`role_id`', 0)
 2 SYSTEMPATH\Database\BaseConnection.php(666): CodeIgniter\Database\MySQLi\Connection->execute('SELECT `users`.`id`, `nama`, `email`, `role`, `role_id`
FROM `users`
JOIN `roles` ON `roles`.`id`=`users`.`role_id`')
 3 SYSTEMPATH\Database\BaseConnection.php(593): CodeIgniter\Database\BaseConnection->simpleQuery('SELECT `users`.`id`, `nama`, `email`, `role`, `role_id`
FROM `users`
JOIN `roles` ON `roles`.`id`=`users`.`role_id`')
 4 SYSTEMPATH\Database\BaseBuilder.php(1585): CodeIgniter\Database\BaseConnection->query('SELECT `users`.`id`, `nama`, `email`, `role`, `role_id`
FROM `users`
JOIN `roles` ON `roles`.`id`=`users`.`role_id`', [], false)
 5 APPPATH\Controllers\Auth.php(28): CodeIgniter\Database\BaseBuilder->get()
 6 SYSTEMPATH\CodeIgniter.php(927): App\Controllers\Auth->index()
 7 SYSTEMPATH\CodeIgniter.php(482): CodeIgniter\CodeIgniter->runController(Object(App\Controllers\Auth))
 8 SYSTEMPATH\CodeIgniter.php(351): CodeIgniter\CodeIgniter->handleRequest(null, Object(Config\Cache), false)
 9 FCPATH\index.php(67): CodeIgniter\CodeIgniter->run()
10 SYSTEMPATH\Commands\Server\rewrite.php(46): require_once('FCPATH\\index.php')
ERROR - 2022-11-23 06:29:28 --> mysqli_sql_exception: Column 'nama' in field list is ambiguous in C:\xampp7\htdocs\APIclubhouse\vendor\codeigniter4\framework\system\Database\MySQLi\Connection.php:292
Stack trace:
#0 C:\xampp7\htdocs\APIclubhouse\vendor\codeigniter4\framework\system\Database\MySQLi\Connection.php(292): mysqli->query('SELECT `users`....', 0)
#1 C:\xampp7\htdocs\APIclubhouse\vendor\codeigniter4\framework\system\Database\BaseConnection.php(666): CodeIgniter\Database\MySQLi\Connection->execute('SELECT `users`....')
#2 C:\xampp7\htdocs\APIclubhouse\vendor\codeigniter4\framework\system\Database\BaseConnection.php(593): CodeIgniter\Database\BaseConnection->simpleQuery('SELECT `users`....')
#3 C:\xampp7\htdocs\APIclubhouse\vendor\codeigniter4\framework\system\Database\BaseBuilder.php(1585): CodeIgniter\Database\BaseConnection->query('SELECT `users`....', Array, false)
#4 C:\xampp7\htdocs\APIclubhouse\app\Controllers\Auth.php(28): CodeIgniter\Database\BaseBuilder->get()
#5 C:\xampp7\htdocs\APIclubhouse\vendor\codeigniter4\framework\system\CodeIgniter.php(927): App\Controllers\Auth->index()
#6 C:\xampp7\htdocs\APIclubhouse\vendor\codeigniter4\framework\system\CodeIgniter.php(482): CodeIgniter\CodeIgniter->runController(Object(App\Controllers\Auth))
#7 C:\xampp7\htdocs\APIclubhouse\vendor\codeigniter4\framework\system\CodeIgniter.php(351): CodeIgniter\CodeIgniter->handleRequest(NULL, Object(Config\Cache), false)
#8 C:\xampp7\htdocs\APIclubhouse\public\index.php(67): CodeIgniter\CodeIgniter->run()
#9 C:\xampp7\htdocs\APIclubhouse\vendor\codeigniter4\framework\system\Commands\Server\rewrite.php(46): require_once('C:\\xampp7\\htdoc...')
#10 {main}
CRITICAL - 2022-11-23 06:29:28 --> Column 'nama' in field list is ambiguous
in SYSTEMPATH\Database\MySQLi\Connection.php on line 292.
 1 SYSTEMPATH\Database\MySQLi\Connection.php(292): mysqli->query('SELECT `users`.`id`, `nama`, `email`, `role`, `role_id`
FROM `users`
JOIN `roles` ON `roles`.`id`=`users`.`role_id`', 0)
 2 SYSTEMPATH\Database\BaseConnection.php(666): CodeIgniter\Database\MySQLi\Connection->execute('SELECT `users`.`id`, `nama`, `email`, `role`, `role_id`
FROM `users`
JOIN `roles` ON `roles`.`id`=`users`.`role_id`')
 3 SYSTEMPATH\Database\BaseConnection.php(593): CodeIgniter\Database\BaseConnection->simpleQuery('SELECT `users`.`id`, `nama`, `email`, `role`, `role_id`
FROM `users`
JOIN `roles` ON `roles`.`id`=`users`.`role_id`')
 4 SYSTEMPATH\Database\BaseBuilder.php(1585): CodeIgniter\Database\BaseConnection->query('SELECT `users`.`id`, `nama`, `email`, `role`, `role_id`
FROM `users`
JOIN `roles` ON `roles`.`id`=`users`.`role_id`', [], false)
 5 APPPATH\Controllers\Auth.php(28): CodeIgniter\Database\BaseBuilder->get()
 6 SYSTEMPATH\CodeIgniter.php(927): App\Controllers\Auth->index()
 7 SYSTEMPATH\CodeIgniter.php(482): CodeIgniter\CodeIgniter->runController(Object(App\Controllers\Auth))
 8 SYSTEMPATH\CodeIgniter.php(351): CodeIgniter\CodeIgniter->handleRequest(null, Object(Config\Cache), false)
 9 FCPATH\index.php(67): CodeIgniter\CodeIgniter->run()
10 SYSTEMPATH\Commands\Server\rewrite.php(46): require_once('FCPATH\\index.php')
ERROR - 2022-11-23 06:29:28 --> mysqli_sql_exception: Column 'nama' in field list is ambiguous in C:\xampp7\htdocs\APIclubhouse\vendor\codeigniter4\framework\system\Database\MySQLi\Connection.php:292
Stack trace:
#0 C:\xampp7\htdocs\APIclubhouse\vendor\codeigniter4\framework\system\Database\MySQLi\Connection.php(292): mysqli->query('SELECT `users`....', 0)
#1 C:\xampp7\htdocs\APIclubhouse\vendor\codeigniter4\framework\system\Database\BaseConnection.php(666): CodeIgniter\Database\MySQLi\Connection->execute('SELECT `users`....')
#2 C:\xampp7\htdocs\APIclubhouse\vendor\codeigniter4\framework\system\Database\BaseConnection.php(593): CodeIgniter\Database\BaseConnection->simpleQuery('SELECT `users`....')
#3 C:\xampp7\htdocs\APIclubhouse\vendor\codeigniter4\framework\system\Database\BaseBuilder.php(1585): CodeIgniter\Database\BaseConnection->query('SELECT `users`....', Array, false)
#4 C:\xampp7\htdocs\APIclubhouse\app\Controllers\Auth.php(28): CodeIgniter\Database\BaseBuilder->get()
#5 C:\xampp7\htdocs\APIclubhouse\vendor\codeigniter4\framework\system\CodeIgniter.php(927): App\Controllers\Auth->index()
#6 C:\xampp7\htdocs\APIclubhouse\vendor\codeigniter4\framework\system\CodeIgniter.php(482): CodeIgniter\CodeIgniter->runController(Object(App\Controllers\Auth))
#7 C:\xampp7\htdocs\APIclubhouse\vendor\codeigniter4\framework\system\CodeIgniter.php(351): CodeIgniter\CodeIgniter->handleRequest(NULL, Object(Config\Cache), false)
#8 C:\xampp7\htdocs\APIclubhouse\public\index.php(67): CodeIgniter\CodeIgniter->run()
#9 C:\xampp7\htdocs\APIclubhouse\vendor\codeigniter4\framework\system\Commands\Server\rewrite.php(46): require_once('C:\\xampp7\\htdoc...')
#10 {main}
CRITICAL - 2022-11-23 06:29:28 --> Column 'nama' in field list is ambiguous
in SYSTEMPATH\Database\MySQLi\Connection.php on line 292.
 1 SYSTEMPATH\Database\MySQLi\Connection.php(292): mysqli->query('SELECT `users`.`id`, `nama`, `email`, `role`, `role_id`
FROM `users`
JOIN `roles` ON `roles`.`id`=`users`.`role_id`', 0)
 2 SYSTEMPATH\Database\BaseConnection.php(666): CodeIgniter\Database\MySQLi\Connection->execute('SELECT `users`.`id`, `nama`, `email`, `role`, `role_id`
FROM `users`
JOIN `roles` ON `roles`.`id`=`users`.`role_id`')
 3 SYSTEMPATH\Database\BaseConnection.php(593): CodeIgniter\Database\BaseConnection->simpleQuery('SELECT `users`.`id`, `nama`, `email`, `role`, `role_id`
FROM `users`
JOIN `roles` ON `roles`.`id`=`users`.`role_id`')
 4 SYSTEMPATH\Database\BaseBuilder.php(1585): CodeIgniter\Database\BaseConnection->query('SELECT `users`.`id`, `nama`, `email`, `role`, `role_id`
FROM `users`
JOIN `roles` ON `roles`.`id`=`users`.`role_id`', [], false)
 5 APPPATH\Controllers\Auth.php(28): CodeIgniter\Database\BaseBuilder->get()
 6 SYSTEMPATH\CodeIgniter.php(927): App\Controllers\Auth->index()
 7 SYSTEMPATH\CodeIgniter.php(482): CodeIgniter\CodeIgniter->runController(Object(App\Controllers\Auth))
 8 SYSTEMPATH\CodeIgniter.php(351): CodeIgniter\CodeIgniter->handleRequest(null, Object(Config\Cache), false)
 9 FCPATH\index.php(67): CodeIgniter\CodeIgniter->run()
10 SYSTEMPATH\Commands\Server\rewrite.php(46): require_once('FCPATH\\index.php')
ERROR - 2022-11-23 06:30:14 --> mysqli_sql_exception: Column 'nama' in field list is ambiguous in C:\xampp7\htdocs\APIclubhouse\vendor\codeigniter4\framework\system\Database\MySQLi\Connection.php:292
Stack trace:
#0 C:\xampp7\htdocs\APIclubhouse\vendor\codeigniter4\framework\system\Database\MySQLi\Connection.php(292): mysqli->query('SELECT `users`....', 0)
#1 C:\xampp7\htdocs\APIclubhouse\vendor\codeigniter4\framework\system\Database\BaseConnection.php(666): CodeIgniter\Database\MySQLi\Connection->execute('SELECT `users`....')
#2 C:\xampp7\htdocs\APIclubhouse\vendor\codeigniter4\framework\system\Database\BaseConnection.php(593): CodeIgniter\Database\BaseConnection->simpleQuery('SELECT `users`....')
#3 C:\xampp7\htdocs\APIclubhouse\vendor\codeigniter4\framework\system\Database\BaseBuilder.php(1585): CodeIgniter\Database\BaseConnection->query('SELECT `users`....', Array, false)
#4 C:\xampp7\htdocs\APIclubhouse\app\Controllers\Auth.php(28): CodeIgniter\Database\BaseBuilder->get()
#5 C:\xampp7\htdocs\APIclubhouse\vendor\codeigniter4\framework\system\CodeIgniter.php(927): App\Controllers\Auth->index()
#6 C:\xampp7\htdocs\APIclubhouse\vendor\codeigniter4\framework\system\CodeIgniter.php(482): CodeIgniter\CodeIgniter->runController(Object(App\Controllers\Auth))
#7 C:\xampp7\htdocs\APIclubhouse\vendor\codeigniter4\framework\system\CodeIgniter.php(351): CodeIgniter\CodeIgniter->handleRequest(NULL, Object(Config\Cache), false)
#8 C:\xampp7\htdocs\APIclubhouse\public\index.php(67): CodeIgniter\CodeIgniter->run()
#9 C:\xampp7\htdocs\APIclubhouse\vendor\codeigniter4\framework\system\Commands\Server\rewrite.php(46): require_once('C:\\xampp7\\htdoc...')
#10 {main}
CRITICAL - 2022-11-23 06:30:14 --> Column 'nama' in field list is ambiguous
in SYSTEMPATH\Database\MySQLi\Connection.php on line 292.
 1 SYSTEMPATH\Database\MySQLi\Connection.php(292): mysqli->query('SELECT `users`.`id`, `nama`, `email`, `role`, `role_id`
FROM `users`
JOIN `roles` ON `roles`.`id`=`users`.`role_id`', 0)
 2 SYSTEMPATH\Database\BaseConnection.php(666): CodeIgniter\Database\MySQLi\Connection->execute('SELECT `users`.`id`, `nama`, `email`, `role`, `role_id`
FROM `users`
JOIN `roles` ON `roles`.`id`=`users`.`role_id`')
 3 SYSTEMPATH\Database\BaseConnection.php(593): CodeIgniter\Database\BaseConnection->simpleQuery('SELECT `users`.`id`, `nama`, `email`, `role`, `role_id`
FROM `users`
JOIN `roles` ON `roles`.`id`=`users`.`role_id`')
 4 SYSTEMPATH\Database\BaseBuilder.php(1585): CodeIgniter\Database\BaseConnection->query('SELECT `users`.`id`, `nama`, `email`, `role`, `role_id`
FROM `users`
JOIN `roles` ON `roles`.`id`=`users`.`role_id`', [], false)
 5 APPPATH\Controllers\Auth.php(28): CodeIgniter\Database\BaseBuilder->get()
 6 SYSTEMPATH\CodeIgniter.php(927): App\Controllers\Auth->index()
 7 SYSTEMPATH\CodeIgniter.php(482): CodeIgniter\CodeIgniter->runController(Object(App\Controllers\Auth))
 8 SYSTEMPATH\CodeIgniter.php(351): CodeIgniter\CodeIgniter->handleRequest(null, Object(Config\Cache), false)
 9 FCPATH\index.php(67): CodeIgniter\CodeIgniter->run()
10 SYSTEMPATH\Commands\Server\rewrite.php(46): require_once('FCPATH\\index.php')
ERROR - 2022-11-23 06:30:14 --> mysqli_sql_exception: Column 'nama' in field list is ambiguous in C:\xampp7\htdocs\APIclubhouse\vendor\codeigniter4\framework\system\Database\MySQLi\Connection.php:292
Stack trace:
#0 C:\xampp7\htdocs\APIclubhouse\vendor\codeigniter4\framework\system\Database\MySQLi\Connection.php(292): mysqli->query('SELECT `users`....', 0)
#1 C:\xampp7\htdocs\APIclubhouse\vendor\codeigniter4\framework\system\Database\BaseConnection.php(666): CodeIgniter\Database\MySQLi\Connection->execute('SELECT `users`....')
#2 C:\xampp7\htdocs\APIclubhouse\vendor\codeigniter4\framework\system\Database\BaseConnection.php(593): CodeIgniter\Database\BaseConnection->simpleQuery('SELECT `users`....')
#3 C:\xampp7\htdocs\APIclubhouse\vendor\codeigniter4\framework\system\Database\BaseBuilder.php(1585): CodeIgniter\Database\BaseConnection->query('SELECT `users`....', Array, false)
#4 C:\xampp7\htdocs\APIclubhouse\app\Controllers\Auth.php(28): CodeIgniter\Database\BaseBuilder->get()
#5 C:\xampp7\htdocs\APIclubhouse\vendor\codeigniter4\framework\system\CodeIgniter.php(927): App\Controllers\Auth->index()
#6 C:\xampp7\htdocs\APIclubhouse\vendor\codeigniter4\framework\system\CodeIgniter.php(482): CodeIgniter\CodeIgniter->runController(Object(App\Controllers\Auth))
#7 C:\xampp7\htdocs\APIclubhouse\vendor\codeigniter4\framework\system\CodeIgniter.php(351): CodeIgniter\CodeIgniter->handleRequest(NULL, Object(Config\Cache), false)
#8 C:\xampp7\htdocs\APIclubhouse\public\index.php(67): CodeIgniter\CodeIgniter->run()
#9 C:\xampp7\htdocs\APIclubhouse\vendor\codeigniter4\framework\system\Commands\Server\rewrite.php(46): require_once('C:\\xampp7\\htdoc...')
#10 {main}
CRITICAL - 2022-11-23 06:30:14 --> Column 'nama' in field list is ambiguous
in SYSTEMPATH\Database\MySQLi\Connection.php on line 292.
 1 SYSTEMPATH\Database\MySQLi\Connection.php(292): mysqli->query('SELECT `users`.`id`, `nama`, `email`, `role`, `role_id`
FROM `users`
JOIN `roles` ON `roles`.`id`=`users`.`role_id`', 0)
 2 SYSTEMPATH\Database\BaseConnection.php(666): CodeIgniter\Database\MySQLi\Connection->execute('SELECT `users`.`id`, `nama`, `email`, `role`, `role_id`
FROM `users`
JOIN `roles` ON `roles`.`id`=`users`.`role_id`')
 3 SYSTEMPATH\Database\BaseConnection.php(593): CodeIgniter\Database\BaseConnection->simpleQuery('SELECT `users`.`id`, `nama`, `email`, `role`, `role_id`
FROM `users`
JOIN `roles` ON `roles`.`id`=`users`.`role_id`')
 4 SYSTEMPATH\Database\BaseBuilder.php(1585): CodeIgniter\Database\BaseConnection->query('SELECT `users`.`id`, `nama`, `email`, `role`, `role_id`
FROM `users`
JOIN `roles` ON `roles`.`id`=`users`.`role_id`', [], false)
 5 APPPATH\Controllers\Auth.php(28): CodeIgniter\Database\BaseBuilder->get()
 6 SYSTEMPATH\CodeIgniter.php(927): App\Controllers\Auth->index()
 7 SYSTEMPATH\CodeIgniter.php(482): CodeIgniter\CodeIgniter->runController(Object(App\Controllers\Auth))
 8 SYSTEMPATH\CodeIgniter.php(351): CodeIgniter\CodeIgniter->handleRequest(null, Object(Config\Cache), false)
 9 FCPATH\index.php(67): CodeIgniter\CodeIgniter->run()
10 SYSTEMPATH\Commands\Server\rewrite.php(46): require_once('FCPATH\\index.php')
ERROR - 2022-11-23 06:36:53 --> mysqli_sql_exception: Column 'nama' in field list is ambiguous in C:\xampp7\htdocs\APIclubhouse\vendor\codeigniter4\framework\system\Database\MySQLi\Connection.php:292
Stack trace:
#0 C:\xampp7\htdocs\APIclubhouse\vendor\codeigniter4\framework\system\Database\MySQLi\Connection.php(292): mysqli->query('SELECT `users`....', 0)
#1 C:\xampp7\htdocs\APIclubhouse\vendor\codeigniter4\framework\system\Database\BaseConnection.php(666): CodeIgniter\Database\MySQLi\Connection->execute('SELECT `users`....')
#2 C:\xampp7\htdocs\APIclubhouse\vendor\codeigniter4\framework\system\Database\BaseConnection.php(593): CodeIgniter\Database\BaseConnection->simpleQuery('SELECT `users`....')
#3 C:\xampp7\htdocs\APIclubhouse\vendor\codeigniter4\framework\system\Database\BaseBuilder.php(1585): CodeIgniter\Database\BaseConnection->query('SELECT `users`....', Array, false)
#4 C:\xampp7\htdocs\APIclubhouse\app\Controllers\Auth.php(28): CodeIgniter\Database\BaseBuilder->get()
#5 C:\xampp7\htdocs\APIclubhouse\vendor\codeigniter4\framework\system\CodeIgniter.php(927): App\Controllers\Auth->index()
#6 C:\xampp7\htdocs\APIclubhouse\vendor\codeigniter4\framework\system\CodeIgniter.php(482): CodeIgniter\CodeIgniter->runController(Object(App\Controllers\Auth))
#7 C:\xampp7\htdocs\APIclubhouse\vendor\codeigniter4\framework\system\CodeIgniter.php(351): CodeIgniter\CodeIgniter->handleRequest(NULL, Object(Config\Cache), false)
#8 C:\xampp7\htdocs\APIclubhouse\public\index.php(67): CodeIgniter\CodeIgniter->run()
#9 C:\xampp7\htdocs\APIclubhouse\vendor\codeigniter4\framework\system\Commands\Server\rewrite.php(46): require_once('C:\\xampp7\\htdoc...')
#10 {main}
CRITICAL - 2022-11-23 06:36:53 --> Column 'nama' in field list is ambiguous
in SYSTEMPATH\Database\MySQLi\Connection.php on line 292.
 1 SYSTEMPATH\Database\MySQLi\Connection.php(292): mysqli->query('SELECT `users`.`id`, `nama`, `email`, `role`, `role_id`
FROM `users`
JOIN `roles` ON `roles`.`id`=`users`.`role_id`', 0)
 2 SYSTEMPATH\Database\BaseConnection.php(666): CodeIgniter\Database\MySQLi\Connection->execute('SELECT `users`.`id`, `nama`, `email`, `role`, `role_id`
FROM `users`
JOIN `roles` ON `roles`.`id`=`users`.`role_id`')
 3 SYSTEMPATH\Database\BaseConnection.php(593): CodeIgniter\Database\BaseConnection->simpleQuery('SELECT `users`.`id`, `nama`, `email`, `role`, `role_id`
FROM `users`
JOIN `roles` ON `roles`.`id`=`users`.`role_id`')
 4 SYSTEMPATH\Database\BaseBuilder.php(1585): CodeIgniter\Database\BaseConnection->query('SELECT `users`.`id`, `nama`, `email`, `role`, `role_id`
FROM `users`
JOIN `roles` ON `roles`.`id`=`users`.`role_id`', [], false)
 5 APPPATH\Controllers\Auth.php(28): CodeIgniter\Database\BaseBuilder->get()
 6 SYSTEMPATH\CodeIgniter.php(927): App\Controllers\Auth->index()
 7 SYSTEMPATH\CodeIgniter.php(482): CodeIgniter\CodeIgniter->runController(Object(App\Controllers\Auth))
 8 SYSTEMPATH\CodeIgniter.php(351): CodeIgniter\CodeIgniter->handleRequest(null, Object(Config\Cache), false)
 9 FCPATH\index.php(67): CodeIgniter\CodeIgniter->run()
10 SYSTEMPATH\Commands\Server\rewrite.php(46): require_once('FCPATH\\index.php')
ERROR - 2022-11-23 06:37:50 --> mysqli_sql_exception: Unknown column 'role' in 'field list' in C:\xampp7\htdocs\APIclubhouse\vendor\codeigniter4\framework\system\Database\MySQLi\Connection.php:292
Stack trace:
#0 C:\xampp7\htdocs\APIclubhouse\vendor\codeigniter4\framework\system\Database\MySQLi\Connection.php(292): mysqli->query('SELECT `users`....', 0)
#1 C:\xampp7\htdocs\APIclubhouse\vendor\codeigniter4\framework\system\Database\BaseConnection.php(666): CodeIgniter\Database\MySQLi\Connection->execute('SELECT `users`....')
#2 C:\xampp7\htdocs\APIclubhouse\vendor\codeigniter4\framework\system\Database\BaseConnection.php(593): CodeIgniter\Database\BaseConnection->simpleQuery('SELECT `users`....')
#3 C:\xampp7\htdocs\APIclubhouse\vendor\codeigniter4\framework\system\Database\BaseBuilder.php(1585): CodeIgniter\Database\BaseConnection->query('SELECT `users`....', Array, false)
#4 C:\xampp7\htdocs\APIclubhouse\app\Controllers\Auth.php(28): CodeIgniter\Database\BaseBuilder->get()
#5 C:\xampp7\htdocs\APIclubhouse\vendor\codeigniter4\framework\system\CodeIgniter.php(927): App\Controllers\Auth->index()
#6 C:\xampp7\htdocs\APIclubhouse\vendor\codeigniter4\framework\system\CodeIgniter.php(482): CodeIgniter\CodeIgniter->runController(Object(App\Controllers\Auth))
#7 C:\xampp7\htdocs\APIclubhouse\vendor\codeigniter4\framework\system\CodeIgniter.php(351): CodeIgniter\CodeIgniter->handleRequest(NULL, Object(Config\Cache), false)
#8 C:\xampp7\htdocs\APIclubhouse\public\index.php(67): CodeIgniter\CodeIgniter->run()
#9 C:\xampp7\htdocs\APIclubhouse\vendor\codeigniter4\framework\system\Commands\Server\rewrite.php(46): require_once('C:\\xampp7\\htdoc...')
#10 {main}
CRITICAL - 2022-11-23 06:37:50 --> Unknown column 'role' in 'field list'
in SYSTEMPATH\Database\MySQLi\Connection.php on line 292.
 1 SYSTEMPATH\Database\MySQLi\Connection.php(292): mysqli->query('SELECT `users`.`id`, `users`.`nama`, `email`, `role`, `role_id`
FROM `users`
JOIN `roles` ON `roles`.`id`=`users`.`role_id`', 0)
 2 SYSTEMPATH\Database\BaseConnection.php(666): CodeIgniter\Database\MySQLi\Connection->execute('SELECT `users`.`id`, `users`.`nama`, `email`, `role`, `role_id`
FROM `users`
JOIN `roles` ON `roles`.`id`=`users`.`role_id`')
 3 SYSTEMPATH\Database\BaseConnection.php(593): CodeIgniter\Database\BaseConnection->simpleQuery('SELECT `users`.`id`, `users`.`nama`, `email`, `role`, `role_id`
FROM `users`
JOIN `roles` ON `roles`.`id`=`users`.`role_id`')
 4 SYSTEMPATH\Database\BaseBuilder.php(1585): CodeIgniter\Database\BaseConnection->query('SELECT `users`.`id`, `users`.`nama`, `email`, `role`, `role_id`
FROM `users`
JOIN `roles` ON `roles`.`id`=`users`.`role_id`', [], false)
 5 APPPATH\Controllers\Auth.php(28): CodeIgniter\Database\BaseBuilder->get()
 6 SYSTEMPATH\CodeIgniter.php(927): App\Controllers\Auth->index()
 7 SYSTEMPATH\CodeIgniter.php(482): CodeIgniter\CodeIgniter->runController(Object(App\Controllers\Auth))
 8 SYSTEMPATH\CodeIgniter.php(351): CodeIgniter\CodeIgniter->handleRequest(null, Object(Config\Cache), false)
 9 FCPATH\index.php(67): CodeIgniter\CodeIgniter->run()
10 SYSTEMPATH\Commands\Server\rewrite.php(46): require_once('FCPATH\\index.php')
ERROR - 2022-11-23 06:41:36 --> mysqli_sql_exception: Column 'nama' in field list is ambiguous in C:\xampp7\htdocs\APIclubhouse\vendor\codeigniter4\framework\system\Database\MySQLi\Connection.php:292
Stack trace:
#0 C:\xampp7\htdocs\APIclubhouse\vendor\codeigniter4\framework\system\Database\MySQLi\Connection.php(292): mysqli->query('SELECT `users`....', 0)
#1 C:\xampp7\htdocs\APIclubhouse\vendor\codeigniter4\framework\system\Database\BaseConnection.php(666): CodeIgniter\Database\MySQLi\Connection->execute('SELECT `users`....')
#2 C:\xampp7\htdocs\APIclubhouse\vendor\codeigniter4\framework\system\Database\BaseConnection.php(593): CodeIgniter\Database\BaseConnection->simpleQuery('SELECT `users`....')
#3 C:\xampp7\htdocs\APIclubhouse\vendor\codeigniter4\framework\system\Database\BaseBuilder.php(1585): CodeIgniter\Database\BaseConnection->query('SELECT `users`....', Array, false)
#4 C:\xampp7\htdocs\APIclubhouse\app\Controllers\Auth.php(28): CodeIgniter\Database\BaseBuilder->get()
#5 C:\xampp7\htdocs\APIclubhouse\vendor\codeigniter4\framework\system\CodeIgniter.php(927): App\Controllers\Auth->index()
#6 C:\xampp7\htdocs\APIclubhouse\vendor\codeigniter4\framework\system\CodeIgniter.php(482): CodeIgniter\CodeIgniter->runController(Object(App\Controllers\Auth))
#7 C:\xampp7\htdocs\APIclubhouse\vendor\codeigniter4\framework\system\CodeIgniter.php(351): CodeIgniter\CodeIgniter->handleRequest(NULL, Object(Config\Cache), false)
#8 C:\xampp7\htdocs\APIclubhouse\public\index.php(67): CodeIgniter\CodeIgniter->run()
#9 C:\xampp7\htdocs\APIclubhouse\vendor\codeigniter4\framework\system\Commands\Server\rewrite.php(46): require_once('C:\\xampp7\\htdoc...')
#10 {main}
CRITICAL - 2022-11-23 06:41:36 --> Column 'nama' in field list is ambiguous
in SYSTEMPATH\Database\MySQLi\Connection.php on line 292.
 1 SYSTEMPATH\Database\MySQLi\Connection.php(292): mysqli->query('SELECT `users`.`id`, `users`.`nama`, `email`, `nama`
FROM `users`
JOIN `roles` ON `roles`.`id`=`users`.`role_id`', 0)
 2 SYSTEMPATH\Database\BaseConnection.php(666): CodeIgniter\Database\MySQLi\Connection->execute('SELECT `users`.`id`, `users`.`nama`, `email`, `nama`
FROM `users`
JOIN `roles` ON `roles`.`id`=`users`.`role_id`')
 3 SYSTEMPATH\Database\BaseConnection.php(593): CodeIgniter\Database\BaseConnection->simpleQuery('SELECT `users`.`id`, `users`.`nama`, `email`, `nama`
FROM `users`
JOIN `roles` ON `roles`.`id`=`users`.`role_id`')
 4 SYSTEMPATH\Database\BaseBuilder.php(1585): CodeIgniter\Database\BaseConnection->query('SELECT `users`.`id`, `users`.`nama`, `email`, `nama`
FROM `users`
JOIN `roles` ON `roles`.`id`=`users`.`role_id`', [], false)
 5 APPPATH\Controllers\Auth.php(28): CodeIgniter\Database\BaseBuilder->get()
 6 SYSTEMPATH\CodeIgniter.php(927): App\Controllers\Auth->index()
 7 SYSTEMPATH\CodeIgniter.php(482): CodeIgniter\CodeIgniter->runController(Object(App\Controllers\Auth))
 8 SYSTEMPATH\CodeIgniter.php(351): CodeIgniter\CodeIgniter->handleRequest(null, Object(Config\Cache), false)
 9 FCPATH\index.php(67): CodeIgniter\CodeIgniter->run()
10 SYSTEMPATH\Commands\Server\rewrite.php(46): require_once('FCPATH\\index.php')
ERROR - 2022-11-23 08:36:15 --> Error connecting to the database: mysqli_sql_exception: No connection could be made because the target machine actively refused it in C:\xampp7\htdocs\APIclubhouse\vendor\codeigniter4\framework\system\Database\MySQLi\Connection.php:171
Stack trace:
#0 C:\xampp7\htdocs\APIclubhouse\vendor\codeigniter4\framework\system\Database\MySQLi\Connection.php(171): mysqli->real_connect('localhost', 'root', '', 'jsonwebtoken', 3306, '', 0)
#1 C:\xampp7\htdocs\APIclubhouse\vendor\codeigniter4\framework\system\Database\BaseConnection.php(382): CodeIgniter\Database\MySQLi\Connection->connect(false)
#2 C:\xampp7\htdocs\APIclubhouse\vendor\codeigniter4\framework\system\Database\BaseConnection.php(561): CodeIgniter\Database\BaseConnection->initialize()
#3 C:\xampp7\htdocs\APIclubhouse\vendor\codeigniter4\framework\system\Database\BaseBuilder.php(1585): CodeIgniter\Database\BaseConnection->query('SELECT *\nFROM `...', Array, false)
#4 C:\xampp7\htdocs\APIclubhouse\vendor\codeigniter4\framework\system\Model.php(250): CodeIgniter\Database\BaseBuilder->get()
#5 C:\xampp7\htdocs\APIclubhouse\vendor\codeigniter4\framework\system\BaseModel.php(623): CodeIgniter\Model->doFirst()
#6 C:\xampp7\htdocs\APIclubhouse\app\Controllers\Login.php(32): CodeIgniter\BaseModel->first()
#7 C:\xampp7\htdocs\APIclubhouse\vendor\codeigniter4\framework\system\CodeIgniter.php(927): App\Controllers\Login->index()
#8 C:\xampp7\htdocs\APIclubhouse\vendor\codeigniter4\framework\system\CodeIgniter.php(482): CodeIgniter\CodeIgniter->runController(Object(App\Controllers\Login))
#9 C:\xampp7\htdocs\APIclubhouse\vendor\codeigniter4\framework\system\CodeIgniter.php(351): CodeIgniter\CodeIgniter->handleRequest(NULL, Object(Config\Cache), false)
#10 C:\xampp7\htdocs\APIclubhouse\public\index.php(67): CodeIgniter\CodeIgniter->run()
#11 C:\xampp7\htdocs\APIclubhouse\vendor\codeigniter4\framework\system\Commands\Server\rewrite.php(46): require_once('C:\\xampp7\\htdoc...')
#12 {main}

Next CodeIgniter\Database\Exceptions\DatabaseException: No connection could be made because the target machine actively refused it in C:\xampp7\htdocs\APIclubhouse\vendor\codeigniter4\framework\system\Database\MySQLi\Connection.php:215
Stack trace:
#0 C:\xampp7\htdocs\APIclubhouse\vendor\codeigniter4\framework\system\Database\BaseConnection.php(382): CodeIgniter\Database\MySQLi\Connection->connect(false)
#1 C:\xampp7\htdocs\APIclubhouse\vendor\codeigniter4\framework\system\Database\BaseConnection.php(561): CodeIgniter\Database\BaseConnection->initialize()
#2 C:\xampp7\htdocs\APIclubhouse\vendor\codeigniter4\framework\system\Database\BaseBuilder.php(1585): CodeIgniter\Database\BaseConnection->query('SELECT *\nFROM `...', Array, false)
#3 C:\xampp7\htdocs\APIclubhouse\vendor\codeigniter4\framework\system\Model.php(250): CodeIgniter\Database\BaseBuilder->get()
#4 C:\xampp7\htdocs\APIclubhouse\vendor\codeigniter4\framework\system\BaseModel.php(623): CodeIgniter\Model->doFirst()
#5 C:\xampp7\htdocs\APIclubhouse\app\Controllers\Login.php(32): CodeIgniter\BaseModel->first()
#6 C:\xampp7\htdocs\APIclubhouse\vendor\codeigniter4\framework\system\CodeIgniter.php(927): App\Controllers\Login->index()
#7 C:\xampp7\htdocs\APIclubhouse\vendor\codeigniter4\framework\system\CodeIgniter.php(482): CodeIgniter\CodeIgniter->runController(Object(App\Controllers\Login))
#8 C:\xampp7\htdocs\APIclubhouse\vendor\codeigniter4\framework\system\CodeIgniter.php(351): CodeIgniter\CodeIgniter->handleRequest(NULL, Object(Config\Cache), false)
#9 C:\xampp7\htdocs\APIclubhouse\public\index.php(67): CodeIgniter\CodeIgniter->run()
#10 C:\xampp7\htdocs\APIclubhouse\vendor\codeigniter4\framework\system\Commands\Server\rewrite.php(46): require_once('C:\\xampp7\\htdoc...')
#11 {main}
CRITICAL - 2022-11-23 08:36:15 --> Unable to connect to the database.
Main connection [MySQLi]: No connection could be made because the target machine actively refused it
in SYSTEMPATH\Database\BaseConnection.php on line 418.
 1 SYSTEMPATH\Database\BaseConnection.php(561): CodeIgniter\Database\BaseConnection->initialize()
 2 SYSTEMPATH\Database\BaseBuilder.php(1585): CodeIgniter\Database\BaseConnection->query('SELECT *
FROM `users`
WHERE `email` = :email:
 LIMIT 1', [...], false)
 3 SYSTEMPATH\Model.php(250): CodeIgniter\Database\BaseBuilder->get()
 4 SYSTEMPATH\BaseModel.php(623): CodeIgniter\Model->doFirst()
 5 APPPATH\Controllers\Login.php(32): CodeIgniter\BaseModel->first()
 6 SYSTEMPATH\CodeIgniter.php(927): App\Controllers\Login->index()
 7 SYSTEMPATH\CodeIgniter.php(482): CodeIgniter\CodeIgniter->runController(Object(App\Controllers\Login))
 8 SYSTEMPATH\CodeIgniter.php(351): CodeIgniter\CodeIgniter->handleRequest(null, Object(Config\Cache), false)
 9 FCPATH\index.php(67): CodeIgniter\CodeIgniter->run()
10 SYSTEMPATH\Commands\Server\rewrite.php(46): require_once('FCPATH\\index.php')
ERROR - 2022-11-23 08:36:19 --> Error connecting to the database: mysqli_sql_exception: No connection could be made because the target machine actively refused it in C:\xampp7\htdocs\APIclubhouse\vendor\codeigniter4\framework\system\Database\MySQLi\Connection.php:171
Stack trace:
#0 C:\xampp7\htdocs\APIclubhouse\vendor\codeigniter4\framework\system\Database\MySQLi\Connection.php(171): mysqli->real_connect('localhost', 'root', '', 'jsonwebtoken', 3306, '', 0)
#1 C:\xampp7\htdocs\APIclubhouse\vendor\codeigniter4\framework\system\Database\BaseConnection.php(382): CodeIgniter\Database\MySQLi\Connection->connect(false)
#2 C:\xampp7\htdocs\APIclubhouse\vendor\codeigniter4\framework\system\Database\BaseConnection.php(561): CodeIgniter\Database\BaseConnection->initialize()
#3 C:\xampp7\htdocs\APIclubhouse\vendor\codeigniter4\framework\system\Database\BaseBuilder.php(1585): CodeIgniter\Database\BaseConnection->query('SELECT *\nFROM `...', Array, false)
#4 C:\xampp7\htdocs\APIclubhouse\vendor\codeigniter4\framework\system\Model.php(250): CodeIgniter\Database\BaseBuilder->get()
#5 C:\xampp7\htdocs\APIclubhouse\vendor\codeigniter4\framework\system\BaseModel.php(623): CodeIgniter\Model->doFirst()
#6 C:\xampp7\htdocs\APIclubhouse\app\Controllers\Login.php(32): CodeIgniter\BaseModel->first()
#7 C:\xampp7\htdocs\APIclubhouse\vendor\codeigniter4\framework\system\CodeIgniter.php(927): App\Controllers\Login->index()
#8 C:\xampp7\htdocs\APIclubhouse\vendor\codeigniter4\framework\system\CodeIgniter.php(482): CodeIgniter\CodeIgniter->runController(Object(App\Controllers\Login))
#9 C:\xampp7\htdocs\APIclubhouse\vendor\codeigniter4\framework\system\CodeIgniter.php(351): CodeIgniter\CodeIgniter->handleRequest(NULL, Object(Config\Cache), false)
#10 C:\xampp7\htdocs\APIclubhouse\public\index.php(67): CodeIgniter\CodeIgniter->run()
#11 C:\xampp7\htdocs\APIclubhouse\vendor\codeigniter4\framework\system\Commands\Server\rewrite.php(46): require_once('C:\\xampp7\\htdoc...')
#12 {main}

Next CodeIgniter\Database\Exceptions\DatabaseException: No connection could be made because the target machine actively refused it in C:\xampp7\htdocs\APIclubhouse\vendor\codeigniter4\framework\system\Database\MySQLi\Connection.php:215
Stack trace:
#0 C:\xampp7\htdocs\APIclubhouse\vendor\codeigniter4\framework\system\Database\BaseConnection.php(382): CodeIgniter\Database\MySQLi\Connection->connect(false)
#1 C:\xampp7\htdocs\APIclubhouse\vendor\codeigniter4\framework\system\Database\BaseConnection.php(561): CodeIgniter\Database\BaseConnection->initialize()
#2 C:\xampp7\htdocs\APIclubhouse\vendor\codeigniter4\framework\system\Database\BaseBuilder.php(1585): CodeIgniter\Database\BaseConnection->query('SELECT *\nFROM `...', Array, false)
#3 C:\xampp7\htdocs\APIclubhouse\vendor\codeigniter4\framework\system\Model.php(250): CodeIgniter\Database\BaseBuilder->get()
#4 C:\xampp7\htdocs\APIclubhouse\vendor\codeigniter4\framework\system\BaseModel.php(623): CodeIgniter\Model->doFirst()
#5 C:\xampp7\htdocs\APIclubhouse\app\Controllers\Login.php(32): CodeIgniter\BaseModel->first()
#6 C:\xampp7\htdocs\APIclubhouse\vendor\codeigniter4\framework\system\CodeIgniter.php(927): App\Controllers\Login->index()
#7 C:\xampp7\htdocs\APIclubhouse\vendor\codeigniter4\framework\system\CodeIgniter.php(482): CodeIgniter\CodeIgniter->runController(Object(App\Controllers\Login))
#8 C:\xampp7\htdocs\APIclubhouse\vendor\codeigniter4\framework\system\CodeIgniter.php(351): CodeIgniter\CodeIgniter->handleRequest(NULL, Object(Config\Cache), false)
#9 C:\xampp7\htdocs\APIclubhouse\public\index.php(67): CodeIgniter\CodeIgniter->run()
#10 C:\xampp7\htdocs\APIclubhouse\vendor\codeigniter4\framework\system\Commands\Server\rewrite.php(46): require_once('C:\\xampp7\\htdoc...')
#11 {main}
CRITICAL - 2022-11-23 08:36:19 --> Unable to connect to the database.
Main connection [MySQLi]: No connection could be made because the target machine actively refused it
in SYSTEMPATH\Database\BaseConnection.php on line 418.
 1 SYSTEMPATH\Database\BaseConnection.php(561): CodeIgniter\Database\BaseConnection->initialize()
 2 SYSTEMPATH\Database\BaseBuilder.php(1585): CodeIgniter\Database\BaseConnection->query('SELECT *
FROM `users`
WHERE `email` = :email:
 LIMIT 1', [...], false)
 3 SYSTEMPATH\Model.php(250): CodeIgniter\Database\BaseBuilder->get()
 4 SYSTEMPATH\BaseModel.php(623): CodeIgniter\Model->doFirst()
 5 APPPATH\Controllers\Login.php(32): CodeIgniter\BaseModel->first()
 6 SYSTEMPATH\CodeIgniter.php(927): App\Controllers\Login->index()
 7 SYSTEMPATH\CodeIgniter.php(482): CodeIgniter\CodeIgniter->runController(Object(App\Controllers\Login))
 8 SYSTEMPATH\CodeIgniter.php(351): CodeIgniter\CodeIgniter->handleRequest(null, Object(Config\Cache), false)
 9 FCPATH\index.php(67): CodeIgniter\CodeIgniter->run()
10 SYSTEMPATH\Commands\Server\rewrite.php(46): require_once('FCPATH\\index.php')
ERROR - 2022-11-23 08:36:24 --> Error connecting to the database: ErrorException: mysqli::real_connect(): Error while reading greeting packet. PID=1092 in C:\xampp7\htdocs\APIclubhouse\vendor\codeigniter4\framework\system\Database\MySQLi\Connection.php:171
Stack trace:
#0 [internal function]: CodeIgniter\Debug\Exceptions->errorHandler(2, 'mysqli::real_co...', 'C:\\xampp7\\htdoc...', 171)
#1 C:\xampp7\htdocs\APIclubhouse\vendor\codeigniter4\framework\system\Database\MySQLi\Connection.php(171): mysqli->real_connect('localhost', 'root', '', 'jsonwebtoken', 3306, '', 0)
#2 C:\xampp7\htdocs\APIclubhouse\vendor\codeigniter4\framework\system\Database\BaseConnection.php(382): CodeIgniter\Database\MySQLi\Connection->connect(false)
#3 C:\xampp7\htdocs\APIclubhouse\vendor\codeigniter4\framework\system\Database\BaseConnection.php(561): CodeIgniter\Database\BaseConnection->initialize()
#4 C:\xampp7\htdocs\APIclubhouse\vendor\codeigniter4\framework\system\Database\BaseBuilder.php(1585): CodeIgniter\Database\BaseConnection->query('SELECT *\nFROM `...', Array, false)
#5 C:\xampp7\htdocs\APIclubhouse\vendor\codeigniter4\framework\system\Model.php(250): CodeIgniter\Database\BaseBuilder->get()
#6 C:\xampp7\htdocs\APIclubhouse\vendor\codeigniter4\framework\system\BaseModel.php(623): CodeIgniter\Model->doFirst()
#7 C:\xampp7\htdocs\APIclubhouse\app\Controllers\Login.php(32): CodeIgniter\BaseModel->first()
#8 C:\xampp7\htdocs\APIclubhouse\vendor\codeigniter4\framework\system\CodeIgniter.php(927): App\Controllers\Login->index()
#9 C:\xampp7\htdocs\APIclubhouse\vendor\codeigniter4\framework\system\CodeIgniter.php(482): CodeIgniter\CodeIgniter->runController(Object(App\Controllers\Login))
#10 C:\xampp7\htdocs\APIclubhouse\vendor\codeigniter4\framework\system\CodeIgniter.php(351): CodeIgniter\CodeIgniter->handleRequest(NULL, Object(Config\Cache), false)
#11 C:\xampp7\htdocs\APIclubhouse\public\index.php(67): CodeIgniter\CodeIgniter->run()
#12 C:\xampp7\htdocs\APIclubhouse\vendor\codeigniter4\framework\system\Commands\Server\rewrite.php(46): require_once('C:\\xampp7\\htdoc...')
#13 {main}

Next mysqli_sql_exception: MySQL server has gone away in C:\xampp7\htdocs\APIclubhouse\vendor\codeigniter4\framework\system\Database\MySQLi\Connection.php:171
Stack trace:
#0 C:\xampp7\htdocs\APIclubhouse\vendor\codeigniter4\framework\system\Database\MySQLi\Connection.php(171): mysqli->real_connect('localhost', 'root', '', 'jsonwebtoken', 3306, '', 0)
#1 C:\xampp7\htdocs\APIclubhouse\vendor\codeigniter4\framework\system\Database\BaseConnection.php(382): CodeIgniter\Database\MySQLi\Connection->connect(false)
#2 C:\xampp7\htdocs\APIclubhouse\vendor\codeigniter4\framework\system\Database\BaseConnection.php(561): CodeIgniter\Database\BaseConnection->initialize()
#3 C:\xampp7\htdocs\APIclubhouse\vendor\codeigniter4\framework\system\Database\BaseBuilder.php(1585): CodeIgniter\Database\BaseConnection->query('SELECT *\nFROM `...', Array, false)
#4 C:\xampp7\htdocs\APIclubhouse\vendor\codeigniter4\framework\system\Model.php(250): CodeIgniter\Database\BaseBuilder->get()
#5 C:\xampp7\htdocs\APIclubhouse\vendor\codeigniter4\framework\system\BaseModel.php(623): CodeIgniter\Model->doFirst()
#6 C:\xampp7\htdocs\APIclubhouse\app\Controllers\Login.php(32): CodeIgniter\BaseModel->first()
#7 C:\xampp7\htdocs\APIclubhouse\vendor\codeigniter4\framework\system\CodeIgniter.php(927): App\Controllers\Login->index()
#8 C:\xampp7\htdocs\APIclubhouse\vendor\codeigniter4\framework\system\CodeIgniter.php(482): CodeIgniter\CodeIgniter->runController(Object(App\Controllers\Login))
#9 C:\xampp7\htdocs\APIclubhouse\vendor\codeigniter4\framework\system\CodeIgniter.php(351): CodeIgniter\CodeIgniter->handleRequest(NULL, Object(Config\Cache), false)
#10 C:\xampp7\htdocs\APIclubhouse\public\index.php(67): CodeIgniter\CodeIgniter->run()
#11 C:\xampp7\htdocs\APIclubhouse\vendor\codeigniter4\framework\system\Commands\Server\rewrite.php(46): require_once('C:\\xampp7\\htdoc...')
#12 {main}

Next CodeIgniter\Database\Exceptions\DatabaseException: MySQL server has gone away in C:\xampp7\htdocs\APIclubhouse\vendor\codeigniter4\framework\system\Database\MySQLi\Connection.php:215
Stack trace:
#0 C:\xampp7\htdocs\APIclubhouse\vendor\codeigniter4\framework\system\Database\BaseConnection.php(382): CodeIgniter\Database\MySQLi\Connection->connect(false)
#1 C:\xampp7\htdocs\APIclubhouse\vendor\codeigniter4\framework\system\Database\BaseConnection.php(561): CodeIgniter\Database\BaseConnection->initialize()
#2 C:\xampp7\htdocs\APIclubhouse\vendor\codeigniter4\framework\system\Database\BaseBuilder.php(1585): CodeIgniter\Database\BaseConnection->query('SELECT *\nFROM `...', Array, false)
#3 C:\xampp7\htdocs\APIclubhouse\vendor\codeigniter4\framework\system\Model.php(250): CodeIgniter\Database\BaseBuilder->get()
#4 C:\xampp7\htdocs\APIclubhouse\vendor\codeigniter4\framework\system\BaseModel.php(623): CodeIgniter\Model->doFirst()
#5 C:\xampp7\htdocs\APIclubhouse\app\Controllers\Login.php(32): CodeIgniter\BaseModel->first()
#6 C:\xampp7\htdocs\APIclubhouse\vendor\codeigniter4\framework\system\CodeIgniter.php(927): App\Controllers\Login->index()
#7 C:\xampp7\htdocs\APIclubhouse\vendor\codeigniter4\framework\system\CodeIgniter.php(482): CodeIgniter\CodeIgniter->runController(Object(App\Controllers\Login))
#8 C:\xampp7\htdocs\APIclubhouse\vendor\codeigniter4\framework\system\CodeIgniter.php(351): CodeIgniter\CodeIgniter->handleRequest(NULL, Object(Config\Cache), false)
#9 C:\xampp7\htdocs\APIclubhouse\public\index.php(67): CodeIgniter\CodeIgniter->run()
#10 C:\xampp7\htdocs\APIclubhouse\vendor\codeigniter4\framework\system\Commands\Server\rewrite.php(46): require_once('C:\\xampp7\\htdoc...')
#11 {main}
CRITICAL - 2022-11-23 08:36:24 --> Unable to connect to the database.
Main connection [MySQLi]: MySQL server has gone away
in SYSTEMPATH\Database\BaseConnection.php on line 418.
 1 SYSTEMPATH\Database\BaseConnection.php(561): CodeIgniter\Database\BaseConnection->initialize()
 2 SYSTEMPATH\Database\BaseBuilder.php(1585): CodeIgniter\Database\BaseConnection->query('SELECT *
FROM `users`
WHERE `email` = :email:
 LIMIT 1', [...], false)
 3 SYSTEMPATH\Model.php(250): CodeIgniter\Database\BaseBuilder->get()
 4 SYSTEMPATH\BaseModel.php(623): CodeIgniter\Model->doFirst()
 5 APPPATH\Controllers\Login.php(32): CodeIgniter\BaseModel->first()
 6 SYSTEMPATH\CodeIgniter.php(927): App\Controllers\Login->index()
 7 SYSTEMPATH\CodeIgniter.php(482): CodeIgniter\CodeIgniter->runController(Object(App\Controllers\Login))
 8 SYSTEMPATH\CodeIgniter.php(351): CodeIgniter\CodeIgniter->handleRequest(null, Object(Config\Cache), false)
 9 FCPATH\index.php(67): CodeIgniter\CodeIgniter->run()
10 SYSTEMPATH\Commands\Server\rewrite.php(46): require_once('FCPATH\\index.php')
