ERROR - 2022-03-09 01:07:09 --> Error connecting to the database: No connection could be made because the target machine actively refused it.

CRITICAL - 2022-03-09 01:07:09 --> Unable to connect to the database.
Main connection [MySQLi]: No connection could be made because the target machine actively refused it.

#0 C:\xampp7\htdocs\JWT-CodeIgniter-4\vendor\codeigniter4\framework\system\Database\BaseConnection.php(577): CodeIgniter\Database\BaseConnection->initialize()
#1 C:\xampp7\htdocs\JWT-CodeIgniter-4\vendor\codeigniter4\framework\system\Database\BaseBuilder.php(1455): CodeIgniter\Database\BaseConnection->query('SELECT *\nFROM `...', Array, false)
#2 C:\xampp7\htdocs\JWT-CodeIgniter-4\vendor\codeigniter4\framework\system\Model.php(210): CodeIgniter\Database\BaseBuilder->get()
#3 C:\xampp7\htdocs\JWT-CodeIgniter-4\vendor\codeigniter4\framework\system\BaseModel.php(622): CodeIgniter\Model->doFirst()
#4 C:\xampp7\htdocs\JWT-CodeIgniter-4\app\Controllers\Login.php(27): CodeIgniter\BaseModel->first()
#5 C:\xampp7\htdocs\JWT-CodeIgniter-4\vendor\codeigniter4\framework\system\CodeIgniter.php(825): App\Controllers\Login->index()
#6 C:\xampp7\htdocs\JWT-CodeIgniter-4\vendor\codeigniter4\framework\system\CodeIgniter.php(412): CodeIgniter\CodeIgniter->runController(Object(App\Controllers\Login))
#7 C:\xampp7\htdocs\JWT-CodeIgniter-4\vendor\codeigniter4\framework\system\CodeIgniter.php(320): CodeIgniter\CodeIgniter->handleRequest(NULL, Object(Config\Cache), false)
#8 C:\xampp7\htdocs\JWT-CodeIgniter-4\public\index.php(37): CodeIgniter\CodeIgniter->run()
#9 C:\xampp7\htdocs\JWT-CodeIgniter-4\vendor\codeigniter4\framework\system\Commands\Server\rewrite.php(43): require_once('C:\\xampp7\\htdoc...')
#10 {main}
CRITICAL - 2022-03-09 01:23:26 --> syntax error, unexpected ':', expecting ']'
#0 C:\xampp7\htdocs\JWT-CodeIgniter-4\vendor\codeigniter4\framework\system\Autoloader\Autoloader.php(241): CodeIgniter\Autoloader\Autoloader->includeFile('C:\\xampp7\\htdoc...')
#1 C:\xampp7\htdocs\JWT-CodeIgniter-4\vendor\codeigniter4\framework\system\Autoloader\Autoloader.php(219): CodeIgniter\Autoloader\Autoloader->loadInNamespace('App\\Controllers...')
#2 [internal function]: CodeIgniter\Autoloader\Autoloader->loadClass('App\\Controllers...')
#3 [internal function]: spl_autoload_call('App\\Controllers...')
#4 C:\xampp7\htdocs\JWT-CodeIgniter-4\vendor\codeigniter4\framework\system\CodeIgniter.php(790): class_exists('\\App\\Controller...', true)
#5 C:\xampp7\htdocs\JWT-CodeIgniter-4\vendor\codeigniter4\framework\system\CodeIgniter.php(399): CodeIgniter\CodeIgniter->startController()
#6 C:\xampp7\htdocs\JWT-CodeIgniter-4\vendor\codeigniter4\framework\system\CodeIgniter.php(320): CodeIgniter\CodeIgniter->handleRequest(NULL, Object(Config\Cache), false)
#7 C:\xampp7\htdocs\JWT-CodeIgniter-4\public\index.php(37): CodeIgniter\CodeIgniter->run()
#8 C:\xampp7\htdocs\JWT-CodeIgniter-4\vendor\codeigniter4\framework\system\Commands\Server\rewrite.php(43): require_once('C:\\xampp7\\htdoc...')
#9 {main}
