ERROR - 2022-05-23 08:02:37 --> Cannot add or update a child row: a foreign key constraint fails (`jsonwebtoken`.`users`, CONSTRAINT `fk_role` FOREIGN KEY (`role_id`) REFERENCES `roles` (`id`))
CRITICAL - 2022-05-23 08:02:37 --> Cannot add or update a child row: a foreign key constraint fails (`jsonwebtoken`.`users`, CONSTRAINT `fk_role` FOREIGN KEY (`role_id`) REFERENCES `roles` (`id`))
#0 C:\xampp7\htdocs\JWT-CodeIgniter-4\vendor\codeigniter4\framework\system\Database\MySQLi\Connection.php(292): mysqli->query('INSERT INTO `us...', 0)
#1 C:\xampp7\htdocs\JWT-CodeIgniter-4\vendor\codeigniter4\framework\system\Database\BaseConnection.php(670): CodeIgniter\Database\MySQLi\Connection->execute('INSERT INTO `us...')
#2 C:\xampp7\htdocs\JWT-CodeIgniter-4\vendor\codeigniter4\framework\system\Database\BaseConnection.php(598): CodeIgniter\Database\BaseConnection->simpleQuery('INSERT INTO `us...')
#3 C:\xampp7\htdocs\JWT-CodeIgniter-4\vendor\codeigniter4\framework\system\Database\BaseBuilder.php(1771): CodeIgniter\Database\BaseConnection->query('INSERT INTO `us...', Array, false)
#4 C:\xampp7\htdocs\JWT-CodeIgniter-4\vendor\codeigniter4\framework\system\Model.php(239): CodeIgniter\Database\BaseBuilder->insert()
#5 C:\xampp7\htdocs\JWT-CodeIgniter-4\vendor\codeigniter4\framework\system\BaseModel.php(738): CodeIgniter\Model->doInsert(Array)
#6 C:\xampp7\htdocs\JWT-CodeIgniter-4\vendor\codeigniter4\framework\system\Model.php(625): CodeIgniter\BaseModel->insert(Array, false)
#7 C:\xampp7\htdocs\JWT-CodeIgniter-4\vendor\codeigniter4\framework\system\BaseModel.php(658): CodeIgniter\Model->insert(Array, false)
#8 C:\xampp7\htdocs\JWT-CodeIgniter-4\app\Controllers\Register.php(31): CodeIgniter\BaseModel->save(Array)
#9 C:\xampp7\htdocs\JWT-CodeIgniter-4\vendor\codeigniter4\framework\system\CodeIgniter.php(825): App\Controllers\Register->index()
#10 C:\xampp7\htdocs\JWT-CodeIgniter-4\vendor\codeigniter4\framework\system\CodeIgniter.php(412): CodeIgniter\CodeIgniter->runController(Object(App\Controllers\Register))
#11 C:\xampp7\htdocs\JWT-CodeIgniter-4\vendor\codeigniter4\framework\system\CodeIgniter.php(320): CodeIgniter\CodeIgniter->handleRequest(NULL, Object(Config\Cache), false)
#12 C:\xampp7\htdocs\JWT-CodeIgniter-4\public\index.php(37): CodeIgniter\CodeIgniter->run()
#13 C:\xampp7\htdocs\JWT-CodeIgniter-4\vendor\codeigniter4\framework\system\Commands\Server\rewrite.php(43): require_once('C:\\xampp7\\htdoc...')
#14 {main}
ERROR - 2022-05-23 08:03:12 --> Cannot add or update a child row: a foreign key constraint fails (`jsonwebtoken`.`users`, CONSTRAINT `fk_role` FOREIGN KEY (`role_id`) REFERENCES `roles` (`id`))
CRITICAL - 2022-05-23 08:03:12 --> Cannot add or update a child row: a foreign key constraint fails (`jsonwebtoken`.`users`, CONSTRAINT `fk_role` FOREIGN KEY (`role_id`) REFERENCES `roles` (`id`))
#0 C:\xampp7\htdocs\JWT-CodeIgniter-4\vendor\codeigniter4\framework\system\Database\MySQLi\Connection.php(292): mysqli->query('INSERT INTO `us...', 0)
#1 C:\xampp7\htdocs\JWT-CodeIgniter-4\vendor\codeigniter4\framework\system\Database\BaseConnection.php(670): CodeIgniter\Database\MySQLi\Connection->execute('INSERT INTO `us...')
#2 C:\xampp7\htdocs\JWT-CodeIgniter-4\vendor\codeigniter4\framework\system\Database\BaseConnection.php(598): CodeIgniter\Database\BaseConnection->simpleQuery('INSERT INTO `us...')
#3 C:\xampp7\htdocs\JWT-CodeIgniter-4\vendor\codeigniter4\framework\system\Database\BaseBuilder.php(1771): CodeIgniter\Database\BaseConnection->query('INSERT INTO `us...', Array, false)
#4 C:\xampp7\htdocs\JWT-CodeIgniter-4\vendor\codeigniter4\framework\system\Model.php(239): CodeIgniter\Database\BaseBuilder->insert()
#5 C:\xampp7\htdocs\JWT-CodeIgniter-4\vendor\codeigniter4\framework\system\BaseModel.php(738): CodeIgniter\Model->doInsert(Array)
#6 C:\xampp7\htdocs\JWT-CodeIgniter-4\vendor\codeigniter4\framework\system\Model.php(625): CodeIgniter\BaseModel->insert(Array, false)
#7 C:\xampp7\htdocs\JWT-CodeIgniter-4\vendor\codeigniter4\framework\system\BaseModel.php(658): CodeIgniter\Model->insert(Array, false)
#8 C:\xampp7\htdocs\JWT-CodeIgniter-4\app\Controllers\Register.php(31): CodeIgniter\BaseModel->save(Array)
#9 C:\xampp7\htdocs\JWT-CodeIgniter-4\vendor\codeigniter4\framework\system\CodeIgniter.php(825): App\Controllers\Register->index()
#10 C:\xampp7\htdocs\JWT-CodeIgniter-4\vendor\codeigniter4\framework\system\CodeIgniter.php(412): CodeIgniter\CodeIgniter->runController(Object(App\Controllers\Register))
#11 C:\xampp7\htdocs\JWT-CodeIgniter-4\vendor\codeigniter4\framework\system\CodeIgniter.php(320): CodeIgniter\CodeIgniter->handleRequest(NULL, Object(Config\Cache), false)
#12 C:\xampp7\htdocs\JWT-CodeIgniter-4\public\index.php(37): CodeIgniter\CodeIgniter->run()
#13 C:\xampp7\htdocs\JWT-CodeIgniter-4\vendor\codeigniter4\framework\system\Commands\Server\rewrite.php(43): require_once('C:\\xampp7\\htdoc...')
#14 {main}
ERROR - 2022-05-23 08:53:44 --> You have an error in your SQL syntax; check the manual that corresponds to your MariaDB server version for the right syntax to use near '), '8')' at line 1
CRITICAL - 2022-05-23 08:54:13 --> Class 'kode_lokasi' not found
#0 [internal function]: CodeIgniter\Debug\Exceptions->shutdownHandler()
#1 {main}
ERROR - 2022-05-23 09:02:38 --> You have an error in your SQL syntax; check the manual that corresponds to your MariaDB server version for the right syntax to use near '), '8')' at line 1
ERROR - 2022-05-23 10:08:26 --> Cannot add or update a child row: a foreign key constraint fails (`jsonwebtoken`.`users`, CONSTRAINT `fk_role` FOREIGN KEY (`role_id`) REFERENCES `roles` (`id`))
CRITICAL - 2022-05-23 10:08:26 --> Cannot add or update a child row: a foreign key constraint fails (`jsonwebtoken`.`users`, CONSTRAINT `fk_role` FOREIGN KEY (`role_id`) REFERENCES `roles` (`id`))
#0 C:\xampp7\htdocs\JWT-CodeIgniter-4\vendor\codeigniter4\framework\system\Database\MySQLi\Connection.php(292): mysqli->query('INSERT INTO `us...', 0)
#1 C:\xampp7\htdocs\JWT-CodeIgniter-4\vendor\codeigniter4\framework\system\Database\BaseConnection.php(670): CodeIgniter\Database\MySQLi\Connection->execute('INSERT INTO `us...')
#2 C:\xampp7\htdocs\JWT-CodeIgniter-4\vendor\codeigniter4\framework\system\Database\BaseConnection.php(598): CodeIgniter\Database\BaseConnection->simpleQuery('INSERT INTO `us...')
#3 C:\xampp7\htdocs\JWT-CodeIgniter-4\vendor\codeigniter4\framework\system\Database\BaseBuilder.php(1771): CodeIgniter\Database\BaseConnection->query('INSERT INTO `us...', Array, false)
#4 C:\xampp7\htdocs\JWT-CodeIgniter-4\vendor\codeigniter4\framework\system\Model.php(239): CodeIgniter\Database\BaseBuilder->insert()
#5 C:\xampp7\htdocs\JWT-CodeIgniter-4\vendor\codeigniter4\framework\system\BaseModel.php(738): CodeIgniter\Model->doInsert(Array)
#6 C:\xampp7\htdocs\JWT-CodeIgniter-4\vendor\codeigniter4\framework\system\Model.php(625): CodeIgniter\BaseModel->insert(Array, false)
#7 C:\xampp7\htdocs\JWT-CodeIgniter-4\vendor\codeigniter4\framework\system\BaseModel.php(658): CodeIgniter\Model->insert(Array, false)
#8 C:\xampp7\htdocs\JWT-CodeIgniter-4\app\Controllers\Register.php(31): CodeIgniter\BaseModel->save(Array)
#9 C:\xampp7\htdocs\JWT-CodeIgniter-4\vendor\codeigniter4\framework\system\CodeIgniter.php(825): App\Controllers\Register->index()
#10 C:\xampp7\htdocs\JWT-CodeIgniter-4\vendor\codeigniter4\framework\system\CodeIgniter.php(412): CodeIgniter\CodeIgniter->runController(Object(App\Controllers\Register))
#11 C:\xampp7\htdocs\JWT-CodeIgniter-4\vendor\codeigniter4\framework\system\CodeIgniter.php(320): CodeIgniter\CodeIgniter->handleRequest(NULL, Object(Config\Cache), false)
#12 C:\xampp7\htdocs\JWT-CodeIgniter-4\public\index.php(37): CodeIgniter\CodeIgniter->run()
#13 C:\xampp7\htdocs\JWT-CodeIgniter-4\vendor\codeigniter4\framework\system\Commands\Server\rewrite.php(43): require_once('C:\\xampp7\\htdoc...')
#14 {main}
ERROR - 2022-05-23 11:01:28 --> Cannot add or update a child row: a foreign key constraint fails (`jsonwebtoken`.`checkin`, CONSTRAINT `fk_user` FOREIGN KEY (`user_id`) REFERENCES `users` (`id`))
ERROR - 2022-05-23 11:02:04 --> Cannot add or update a child row: a foreign key constraint fails (`jsonwebtoken`.`checkin`, CONSTRAINT `fk_user` FOREIGN KEY (`user_id`) REFERENCES `users` (`id`))
CRITICAL - 2022-05-23 11:15:17 --> Undefined variable: builder
#0 C:\xampp7\htdocs\JWT-CodeIgniter-4\app\Controllers\readcheckin.php(21): CodeIgniter\Debug\Exceptions->errorHandler(8, 'Undefined varia...', 'C:\\xampp7\\htdoc...', 21, Array)
#1 C:\xampp7\htdocs\JWT-CodeIgniter-4\vendor\codeigniter4\framework\system\CodeIgniter.php(825): App\Controllers\readcheckin->index()
#2 C:\xampp7\htdocs\JWT-CodeIgniter-4\vendor\codeigniter4\framework\system\CodeIgniter.php(412): CodeIgniter\CodeIgniter->runController(Object(App\Controllers\readcheckin))
#3 C:\xampp7\htdocs\JWT-CodeIgniter-4\vendor\codeigniter4\framework\system\CodeIgniter.php(320): CodeIgniter\CodeIgniter->handleRequest(NULL, Object(Config\Cache), false)
#4 C:\xampp7\htdocs\JWT-CodeIgniter-4\public\index.php(37): CodeIgniter\CodeIgniter->run()
#5 C:\xampp7\htdocs\JWT-CodeIgniter-4\vendor\codeigniter4\framework\system\Commands\Server\rewrite.php(43): require_once('C:\\xampp7\\htdoc...')
#6 {main}
CRITICAL - 2022-05-23 11:21:56 --> Undefined variable: db
#0 C:\xampp7\htdocs\JWT-CodeIgniter-4\app\Controllers\readcheckin.php(20): CodeIgniter\Debug\Exceptions->errorHandler(8, 'Undefined varia...', 'C:\\xampp7\\htdoc...', 20, Array)
#1 C:\xampp7\htdocs\JWT-CodeIgniter-4\vendor\codeigniter4\framework\system\CodeIgniter.php(825): App\Controllers\readcheckin->index()
#2 C:\xampp7\htdocs\JWT-CodeIgniter-4\vendor\codeigniter4\framework\system\CodeIgniter.php(412): CodeIgniter\CodeIgniter->runController(Object(App\Controllers\readcheckin))
#3 C:\xampp7\htdocs\JWT-CodeIgniter-4\vendor\codeigniter4\framework\system\CodeIgniter.php(320): CodeIgniter\CodeIgniter->handleRequest(NULL, Object(Config\Cache), false)
#4 C:\xampp7\htdocs\JWT-CodeIgniter-4\public\index.php(37): CodeIgniter\CodeIgniter->run()
#5 C:\xampp7\htdocs\JWT-CodeIgniter-4\vendor\codeigniter4\framework\system\Commands\Server\rewrite.php(43): require_once('C:\\xampp7\\htdoc...')
#6 {main}
