ERROR - 2022-12-02 05:32:28 --> Error connecting to the database: mysqli_sql_exception: No connection could be made because the target machine actively refused it in C:\xampp7\htdocs\APIclubhouse\vendor\codeigniter4\framework\system\Database\MySQLi\Connection.php:171
Stack trace:
#0 C:\xampp7\htdocs\APIclubhouse\vendor\codeigniter4\framework\system\Database\MySQLi\Connection.php(171): mysqli->real_connect('localhost', 'root', '', 'jsonwebtoken', 3306, '', 0)
#1 C:\xampp7\htdocs\APIclubhouse\vendor\codeigniter4\framework\system\Database\BaseConnection.php(382): CodeIgniter\Database\MySQLi\Connection->connect(false)
#2 C:\xampp7\htdocs\APIclubhouse\vendor\codeigniter4\framework\system\Database\BaseConnection.php(561): CodeIgniter\Database\BaseConnection->initialize()
#3 C:\xampp7\htdocs\APIclubhouse\vendor\codeigniter4\framework\system\Database\BaseBuilder.php(1585): CodeIgniter\Database\BaseConnection->query('SELECT *\nFROM `...', Array, false)
#4 C:\xampp7\htdocs\APIclubhouse\vendor\codeigniter4\framework\system\Model.php(250): CodeIgniter\Database\BaseBuilder->get()
#5 C:\xampp7\htdocs\APIclubhouse\vendor\codeigniter4\framework\system\BaseModel.php(623): CodeIgniter\Model->doFirst()
#6 C:\xampp7\htdocs\APIclubhouse\app\Controllers\Login.php(32): CodeIgniter\BaseModel->first()
#7 C:\xampp7\htdocs\APIclubhouse\vendor\codeigniter4\framework\system\CodeIgniter.php(927): App\Controllers\Login->index()
#8 C:\xampp7\htdocs\APIclubhouse\vendor\codeigniter4\framework\system\CodeIgniter.php(482): CodeIgniter\CodeIgniter->runController(Object(App\Controllers\Login))
#9 C:\xampp7\htdocs\APIclubhouse\vendor\codeigniter4\framework\system\CodeIgniter.php(351): CodeIgniter\CodeIgniter->handleRequest(NULL, Object(Config\Cache), false)
#10 C:\xampp7\htdocs\APIclubhouse\public\index.php(67): CodeIgniter\CodeIgniter->run()
#11 C:\xampp7\htdocs\APIclubhouse\vendor\codeigniter4\framework\system\Commands\Server\rewrite.php(46): require_once('C:\\xampp7\\htdoc...')
#12 {main}

Next CodeIgniter\Database\Exceptions\DatabaseException: No connection could be made because the target machine actively refused it in C:\xampp7\htdocs\APIclubhouse\vendor\codeigniter4\framework\system\Database\MySQLi\Connection.php:215
Stack trace:
#0 C:\xampp7\htdocs\APIclubhouse\vendor\codeigniter4\framework\system\Database\BaseConnection.php(382): CodeIgniter\Database\MySQLi\Connection->connect(false)
#1 C:\xampp7\htdocs\APIclubhouse\vendor\codeigniter4\framework\system\Database\BaseConnection.php(561): CodeIgniter\Database\BaseConnection->initialize()
#2 C:\xampp7\htdocs\APIclubhouse\vendor\codeigniter4\framework\system\Database\BaseBuilder.php(1585): CodeIgniter\Database\BaseConnection->query('SELECT *\nFROM `...', Array, false)
#3 C:\xampp7\htdocs\APIclubhouse\vendor\codeigniter4\framework\system\Model.php(250): CodeIgniter\Database\BaseBuilder->get()
#4 C:\xampp7\htdocs\APIclubhouse\vendor\codeigniter4\framework\system\BaseModel.php(623): CodeIgniter\Model->doFirst()
#5 C:\xampp7\htdocs\APIclubhouse\app\Controllers\Login.php(32): CodeIgniter\BaseModel->first()
#6 C:\xampp7\htdocs\APIclubhouse\vendor\codeigniter4\framework\system\CodeIgniter.php(927): App\Controllers\Login->index()
#7 C:\xampp7\htdocs\APIclubhouse\vendor\codeigniter4\framework\system\CodeIgniter.php(482): CodeIgniter\CodeIgniter->runController(Object(App\Controllers\Login))
#8 C:\xampp7\htdocs\APIclubhouse\vendor\codeigniter4\framework\system\CodeIgniter.php(351): CodeIgniter\CodeIgniter->handleRequest(NULL, Object(Config\Cache), false)
#9 C:\xampp7\htdocs\APIclubhouse\public\index.php(67): CodeIgniter\CodeIgniter->run()
#10 C:\xampp7\htdocs\APIclubhouse\vendor\codeigniter4\framework\system\Commands\Server\rewrite.php(46): require_once('C:\\xampp7\\htdoc...')
#11 {main}
CRITICAL - 2022-12-02 05:32:28 --> Unable to connect to the database.
Main connection [MySQLi]: No connection could be made because the target machine actively refused it
in SYSTEMPATH\Database\BaseConnection.php on line 418.
 1 SYSTEMPATH\Database\BaseConnection.php(561): CodeIgniter\Database\BaseConnection->initialize()
 2 SYSTEMPATH\Database\BaseBuilder.php(1585): CodeIgniter\Database\BaseConnection->query('SELECT *
FROM `users`
WHERE `email` = :email:
 LIMIT 1', [...], false)
 3 SYSTEMPATH\Model.php(250): CodeIgniter\Database\BaseBuilder->get()
 4 SYSTEMPATH\BaseModel.php(623): CodeIgniter\Model->doFirst()
 5 APPPATH\Controllers\Login.php(32): CodeIgniter\BaseModel->first()
 6 SYSTEMPATH\CodeIgniter.php(927): App\Controllers\Login->index()
 7 SYSTEMPATH\CodeIgniter.php(482): CodeIgniter\CodeIgniter->runController(Object(App\Controllers\Login))
 8 SYSTEMPATH\CodeIgniter.php(351): CodeIgniter\CodeIgniter->handleRequest(null, Object(Config\Cache), false)
 9 FCPATH\index.php(67): CodeIgniter\CodeIgniter->run()
10 SYSTEMPATH\Commands\Server\rewrite.php(46): require_once('FCPATH\\index.php')
CRITICAL - 2022-12-02 09:46:40 --> Undefined variable $builder
in APPPATH\Controllers\Checkin.php on line 14.
 1 APPPATH\Controllers\Checkin.php(14): CodeIgniter\Debug\Exceptions->errorHandler(2, 'Undefined variable $builder', 'APPPATH\\Controllers\\Checkin.php', 14)
 2 SYSTEMPATH\CodeIgniter.php(927): App\Controllers\Checkin->index()
 3 SYSTEMPATH\CodeIgniter.php(482): CodeIgniter\CodeIgniter->runController(Object(App\Controllers\Checkin))
 4 SYSTEMPATH\CodeIgniter.php(351): CodeIgniter\CodeIgniter->handleRequest(null, Object(Config\Cache), false)
 5 FCPATH\index.php(67): CodeIgniter\CodeIgniter->run()
 6 SYSTEMPATH\Commands\Server\rewrite.php(46): require_once('FCPATH\\index.php')
CRITICAL - 2022-12-02 10:46:41 --> syntax error, unexpected token "catch"
in APPPATH\Controllers\Checkin.php on line 60.
 1 SYSTEMPATH\Autoloader\Autoloader.php(259): CodeIgniter\Autoloader\Autoloader->includeFile('APPPATH\\Controllers\\Checkin.php')
 2 SYSTEMPATH\Autoloader\Autoloader.php(237): CodeIgniter\Autoloader\Autoloader->loadInNamespace('App\\Controllers\\Checkin')
 3 [internal function]: CodeIgniter\Autoloader\Autoloader->loadClass('App\\Controllers\\Checkin')
 4 SYSTEMPATH\CodeIgniter.php(877): class_exists('\\App\\Controllers\\Checkin', true)
 5 SYSTEMPATH\CodeIgniter.php(469): CodeIgniter\CodeIgniter->startController()
 6 SYSTEMPATH\CodeIgniter.php(351): CodeIgniter\CodeIgniter->handleRequest(null, Object(Config\Cache), false)
 7 FCPATH\index.php(67): CodeIgniter\CodeIgniter->run()
 8 SYSTEMPATH\Commands\Server\rewrite.php(46): require_once('FCPATH\\index.php')
CRITICAL - 2022-12-02 10:48:37 --> syntax error, unexpected token "catch"
in APPPATH\Controllers\Checkin.php on line 60.
 1 SYSTEMPATH\Autoloader\Autoloader.php(259): CodeIgniter\Autoloader\Autoloader->includeFile('APPPATH\\Controllers\\Checkin.php')
 2 SYSTEMPATH\Autoloader\Autoloader.php(237): CodeIgniter\Autoloader\Autoloader->loadInNamespace('App\\Controllers\\Checkin')
 3 [internal function]: CodeIgniter\Autoloader\Autoloader->loadClass('App\\Controllers\\Checkin')
 4 SYSTEMPATH\CodeIgniter.php(877): class_exists('\\App\\Controllers\\Checkin', true)
 5 SYSTEMPATH\CodeIgniter.php(469): CodeIgniter\CodeIgniter->startController()
 6 SYSTEMPATH\CodeIgniter.php(351): CodeIgniter\CodeIgniter->handleRequest(null, Object(Config\Cache), false)
 7 FCPATH\index.php(67): CodeIgniter\CodeIgniter->run()
 8 SYSTEMPATH\Commands\Server\rewrite.php(46): require_once('FCPATH\\index.php')
CRITICAL - 2022-12-02 10:49:13 --> syntax error, unexpected token "catch"
in APPPATH\Controllers\Checkin.php on line 60.
 1 SYSTEMPATH\Autoloader\Autoloader.php(259): CodeIgniter\Autoloader\Autoloader->includeFile('APPPATH\\Controllers\\Checkin.php')
 2 SYSTEMPATH\Autoloader\Autoloader.php(237): CodeIgniter\Autoloader\Autoloader->loadInNamespace('App\\Controllers\\Checkin')
 3 [internal function]: CodeIgniter\Autoloader\Autoloader->loadClass('App\\Controllers\\Checkin')
 4 SYSTEMPATH\CodeIgniter.php(877): class_exists('\\App\\Controllers\\Checkin', true)
 5 SYSTEMPATH\CodeIgniter.php(469): CodeIgniter\CodeIgniter->startController()
 6 SYSTEMPATH\CodeIgniter.php(351): CodeIgniter\CodeIgniter->handleRequest(null, Object(Config\Cache), false)
 7 FCPATH\index.php(67): CodeIgniter\CodeIgniter->run()
 8 SYSTEMPATH\Commands\Server\rewrite.php(46): require_once('FCPATH\\index.php')
CRITICAL - 2022-12-02 15:27:29 --> syntax error, unexpected token "else"
in APPPATH\Controllers\Checkin.php on line 129.
 1 SYSTEMPATH\Autoloader\Autoloader.php(259): CodeIgniter\Autoloader\Autoloader->includeFile('APPPATH\\Controllers\\Checkin.php')
 2 SYSTEMPATH\Autoloader\Autoloader.php(237): CodeIgniter\Autoloader\Autoloader->loadInNamespace('App\\Controllers\\Checkin')
 3 [internal function]: CodeIgniter\Autoloader\Autoloader->loadClass('App\\Controllers\\Checkin')
 4 SYSTEMPATH\CodeIgniter.php(877): class_exists('\\App\\Controllers\\Checkin', true)
 5 SYSTEMPATH\CodeIgniter.php(469): CodeIgniter\CodeIgniter->startController()
 6 SYSTEMPATH\CodeIgniter.php(351): CodeIgniter\CodeIgniter->handleRequest(null, Object(Config\Cache), false)
 7 FCPATH\index.php(67): CodeIgniter\CodeIgniter->run()
 8 SYSTEMPATH\Commands\Server\rewrite.php(46): require_once('FCPATH\\index.php')
CRITICAL - 2022-12-02 19:17:58 --> Class "App\Controllers\JWT" not found
in APPPATH\Controllers\Me.php on line 25.
 1 SYSTEMPATH\CodeIgniter.php(927): App\Controllers\Me->index()
 2 SYSTEMPATH\CodeIgniter.php(482): CodeIgniter\CodeIgniter->runController(Object(App\Controllers\Me))
 3 SYSTEMPATH\CodeIgniter.php(351): CodeIgniter\CodeIgniter->handleRequest(null, Object(Config\Cache), false)
 4 FCPATH\index.php(67): CodeIgniter\CodeIgniter->run()
 5 SYSTEMPATH\Commands\Server\rewrite.php(46): require_once('FCPATH\\index.php')
CRITICAL - 2022-12-02 19:28:03 --> syntax error, unexpected identifier "var_dump"
in APPPATH\Controllers\Me.php on line 36.
 1 SYSTEMPATH\Router\Router.php(499): CodeIgniter\Router\AutoRouter->getRoute('me')
 2 SYSTEMPATH\Router\Router.php(205): CodeIgniter\Router\Router->autoRoute('me')
 3 SYSTEMPATH\CodeIgniter.php(802): CodeIgniter\Router\Router->handle('me')
 4 SYSTEMPATH\CodeIgniter.php(430): CodeIgniter\CodeIgniter->tryToRouteIt(Object(CodeIgniter\Router\RouteCollection))
 5 SYSTEMPATH\CodeIgniter.php(351): CodeIgniter\CodeIgniter->handleRequest(null, Object(Config\Cache), false)
 6 FCPATH\index.php(67): CodeIgniter\CodeIgniter->run()
 7 SYSTEMPATH\Commands\Server\rewrite.php(46): require_once('FCPATH\\index.php')
ERROR - 2022-12-02 19:28:19 --> mysqli_sql_exception: Table 'jsonwebtoken.role' doesn't exist in C:\xampp7\htdocs\APIclubhouse\vendor\codeigniter4\framework\system\Database\MySQLi\Connection.php:292
Stack trace:
#0 C:\xampp7\htdocs\APIclubhouse\vendor\codeigniter4\framework\system\Database\MySQLi\Connection.php(292): mysqli->query('SELECT `id_role...', 0)
#1 C:\xampp7\htdocs\APIclubhouse\vendor\codeigniter4\framework\system\Database\BaseConnection.php(666): CodeIgniter\Database\MySQLi\Connection->execute('SELECT `id_role...')
#2 C:\xampp7\htdocs\APIclubhouse\vendor\codeigniter4\framework\system\Database\BaseConnection.php(593): CodeIgniter\Database\BaseConnection->simpleQuery('SELECT `id_role...')
#3 C:\xampp7\htdocs\APIclubhouse\vendor\codeigniter4\framework\system\Database\BaseBuilder.php(1585): CodeIgniter\Database\BaseConnection->query('SELECT `id_role...', Array, false)
#4 C:\xampp7\htdocs\APIclubhouse\app\Controllers\Me.php(35): CodeIgniter\Database\BaseBuilder->get()
#5 C:\xampp7\htdocs\APIclubhouse\vendor\codeigniter4\framework\system\CodeIgniter.php(927): App\Controllers\Me->index()
#6 C:\xampp7\htdocs\APIclubhouse\vendor\codeigniter4\framework\system\CodeIgniter.php(482): CodeIgniter\CodeIgniter->runController(Object(App\Controllers\Me))
#7 C:\xampp7\htdocs\APIclubhouse\vendor\codeigniter4\framework\system\CodeIgniter.php(351): CodeIgniter\CodeIgniter->handleRequest(NULL, Object(Config\Cache), false)
#8 C:\xampp7\htdocs\APIclubhouse\public\index.php(67): CodeIgniter\CodeIgniter->run()
#9 C:\xampp7\htdocs\APIclubhouse\vendor\codeigniter4\framework\system\Commands\Server\rewrite.php(46): require_once('C:\\xampp7\\htdoc...')
#10 {main}
ERROR - 2022-12-02 19:34:02 --> mysqli_sql_exception: You have an error in your SQL syntax; check the manual that corresponds to your MariaDB server version for the right syntax to use near '>role_id' at line 4 in C:\xampp7\htdocs\APIclubhouse\vendor\codeigniter4\framework\system\Database\MySQLi\Connection.php:292
Stack trace:
#0 C:\xampp7\htdocs\APIclubhouse\vendor\codeigniter4\framework\system\Database\MySQLi\Connection.php(292): mysqli->query('SELECT `roles`....', 0)
#1 C:\xampp7\htdocs\APIclubhouse\vendor\codeigniter4\framework\system\Database\BaseConnection.php(666): CodeIgniter\Database\MySQLi\Connection->execute('SELECT `roles`....')
#2 C:\xampp7\htdocs\APIclubhouse\vendor\codeigniter4\framework\system\Database\BaseConnection.php(593): CodeIgniter\Database\BaseConnection->simpleQuery('SELECT `roles`....')
#3 C:\xampp7\htdocs\APIclubhouse\vendor\codeigniter4\framework\system\Database\BaseBuilder.php(1585): CodeIgniter\Database\BaseConnection->query('SELECT `roles`....', Array, false)
#4 C:\xampp7\htdocs\APIclubhouse\app\Controllers\Me.php(36): CodeIgniter\Database\BaseBuilder->get()
#5 C:\xampp7\htdocs\APIclubhouse\vendor\codeigniter4\framework\system\CodeIgniter.php(927): App\Controllers\Me->index()
#6 C:\xampp7\htdocs\APIclubhouse\vendor\codeigniter4\framework\system\CodeIgniter.php(482): CodeIgniter\CodeIgniter->runController(Object(App\Controllers\Me))
#7 C:\xampp7\htdocs\APIclubhouse\vendor\codeigniter4\framework\system\CodeIgniter.php(351): CodeIgniter\CodeIgniter->handleRequest(NULL, Object(Config\Cache), false)
#8 C:\xampp7\htdocs\APIclubhouse\public\index.php(67): CodeIgniter\CodeIgniter->run()
#9 C:\xampp7\htdocs\APIclubhouse\vendor\codeigniter4\framework\system\Commands\Server\rewrite.php(46): require_once('C:\\xampp7\\htdoc...')
#10 {main}
CRITICAL - 2022-12-02 19:37:27 --> syntax error, unexpected token "=", expecting ")"
in APPPATH\Controllers\Me.php on line 35.
 1 SYSTEMPATH\Router\Router.php(499): CodeIgniter\Router\AutoRouter->getRoute('me')
 2 SYSTEMPATH\Router\Router.php(205): CodeIgniter\Router\Router->autoRoute('me')
 3 SYSTEMPATH\CodeIgniter.php(802): CodeIgniter\Router\Router->handle('me')
 4 SYSTEMPATH\CodeIgniter.php(430): CodeIgniter\CodeIgniter->tryToRouteIt(Object(CodeIgniter\Router\RouteCollection))
 5 SYSTEMPATH\CodeIgniter.php(351): CodeIgniter\CodeIgniter->handleRequest(null, Object(Config\Cache), false)
 6 FCPATH\index.php(67): CodeIgniter\CodeIgniter->run()
 7 SYSTEMPATH\Commands\Server\rewrite.php(46): require_once('FCPATH\\index.php')
ERROR - 2022-12-02 19:37:37 --> mysqli_sql_exception: Unknown column 'user.id' in 'field list' in C:\xampp7\htdocs\APIclubhouse\vendor\codeigniter4\framework\system\Database\MySQLi\Connection.php:292
Stack trace:
#0 C:\xampp7\htdocs\APIclubhouse\vendor\codeigniter4\framework\system\Database\MySQLi\Connection.php(292): mysqli->query('SELECT `user`.`...', 0)
#1 C:\xampp7\htdocs\APIclubhouse\vendor\codeigniter4\framework\system\Database\BaseConnection.php(666): CodeIgniter\Database\MySQLi\Connection->execute('SELECT `user`.`...')
#2 C:\xampp7\htdocs\APIclubhouse\vendor\codeigniter4\framework\system\Database\BaseConnection.php(593): CodeIgniter\Database\BaseConnection->simpleQuery('SELECT `user`.`...')
#3 C:\xampp7\htdocs\APIclubhouse\vendor\codeigniter4\framework\system\Database\BaseBuilder.php(1585): CodeIgniter\Database\BaseConnection->query('SELECT `user`.`...', Array, false)
#4 C:\xampp7\htdocs\APIclubhouse\app\Controllers\Me.php(36): CodeIgniter\Database\BaseBuilder->get()
#5 C:\xampp7\htdocs\APIclubhouse\vendor\codeigniter4\framework\system\CodeIgniter.php(927): App\Controllers\Me->index()
#6 C:\xampp7\htdocs\APIclubhouse\vendor\codeigniter4\framework\system\CodeIgniter.php(482): CodeIgniter\CodeIgniter->runController(Object(App\Controllers\Me))
#7 C:\xampp7\htdocs\APIclubhouse\vendor\codeigniter4\framework\system\CodeIgniter.php(351): CodeIgniter\CodeIgniter->handleRequest(NULL, Object(Config\Cache), false)
#8 C:\xampp7\htdocs\APIclubhouse\public\index.php(67): CodeIgniter\CodeIgniter->run()
#9 C:\xampp7\htdocs\APIclubhouse\vendor\codeigniter4\framework\system\Commands\Server\rewrite.php(46): require_once('C:\\xampp7\\htdoc...')
#10 {main}
ERROR - 2022-12-02 19:51:39 --> mysqli_sql_exception: Unknown column '$id' in 'where clause' in C:\xampp7\htdocs\APIclubhouse\vendor\codeigniter4\framework\system\Database\MySQLi\Connection.php:292
Stack trace:
#0 C:\xampp7\htdocs\APIclubhouse\vendor\codeigniter4\framework\system\Database\MySQLi\Connection.php(292): mysqli->query('SELECT `users`....', 0)
#1 C:\xampp7\htdocs\APIclubhouse\vendor\codeigniter4\framework\system\Database\BaseConnection.php(666): CodeIgniter\Database\MySQLi\Connection->execute('SELECT `users`....')
#2 C:\xampp7\htdocs\APIclubhouse\vendor\codeigniter4\framework\system\Database\BaseConnection.php(593): CodeIgniter\Database\BaseConnection->simpleQuery('SELECT `users`....')
#3 C:\xampp7\htdocs\APIclubhouse\vendor\codeigniter4\framework\system\Database\BaseBuilder.php(1585): CodeIgniter\Database\BaseConnection->query('SELECT `users`....', Array, false)
#4 C:\xampp7\htdocs\APIclubhouse\app\Controllers\Me.php(38): CodeIgniter\Database\BaseBuilder->get()
#5 C:\xampp7\htdocs\APIclubhouse\vendor\codeigniter4\framework\system\CodeIgniter.php(927): App\Controllers\Me->index()
#6 C:\xampp7\htdocs\APIclubhouse\vendor\codeigniter4\framework\system\CodeIgniter.php(482): CodeIgniter\CodeIgniter->runController(Object(App\Controllers\Me))
#7 C:\xampp7\htdocs\APIclubhouse\vendor\codeigniter4\framework\system\CodeIgniter.php(351): CodeIgniter\CodeIgniter->handleRequest(NULL, Object(Config\Cache), false)
#8 C:\xampp7\htdocs\APIclubhouse\public\index.php(67): CodeIgniter\CodeIgniter->run()
#9 C:\xampp7\htdocs\APIclubhouse\vendor\codeigniter4\framework\system\Commands\Server\rewrite.php(46): require_once('C:\\xampp7\\htdoc...')
#10 {main}
ERROR - 2022-12-02 19:52:06 --> mysqli_sql_exception: Unknown column '$id' in 'where clause' in C:\xampp7\htdocs\APIclubhouse\vendor\codeigniter4\framework\system\Database\MySQLi\Connection.php:292
Stack trace:
#0 C:\xampp7\htdocs\APIclubhouse\vendor\codeigniter4\framework\system\Database\MySQLi\Connection.php(292): mysqli->query('SELECT `users`....', 0)
#1 C:\xampp7\htdocs\APIclubhouse\vendor\codeigniter4\framework\system\Database\BaseConnection.php(666): CodeIgniter\Database\MySQLi\Connection->execute('SELECT `users`....')
#2 C:\xampp7\htdocs\APIclubhouse\vendor\codeigniter4\framework\system\Database\BaseConnection.php(593): CodeIgniter\Database\BaseConnection->simpleQuery('SELECT `users`....')
#3 C:\xampp7\htdocs\APIclubhouse\vendor\codeigniter4\framework\system\Database\BaseBuilder.php(1585): CodeIgniter\Database\BaseConnection->query('SELECT `users`....', Array, false)
#4 C:\xampp7\htdocs\APIclubhouse\app\Controllers\Me.php(35): CodeIgniter\Database\BaseBuilder->get()
#5 C:\xampp7\htdocs\APIclubhouse\vendor\codeigniter4\framework\system\CodeIgniter.php(927): App\Controllers\Me->index()
#6 C:\xampp7\htdocs\APIclubhouse\vendor\codeigniter4\framework\system\CodeIgniter.php(482): CodeIgniter\CodeIgniter->runController(Object(App\Controllers\Me))
#7 C:\xampp7\htdocs\APIclubhouse\vendor\codeigniter4\framework\system\CodeIgniter.php(351): CodeIgniter\CodeIgniter->handleRequest(NULL, Object(Config\Cache), false)
#8 C:\xampp7\htdocs\APIclubhouse\public\index.php(67): CodeIgniter\CodeIgniter->run()
#9 C:\xampp7\htdocs\APIclubhouse\vendor\codeigniter4\framework\system\Commands\Server\rewrite.php(46): require_once('C:\\xampp7\\htdoc...')
#10 {main}
CRITICAL - 2022-12-02 19:52:06 --> Unknown column '$id' in 'where clause'
in SYSTEMPATH\Database\MySQLi\Connection.php on line 292.
 1 SYSTEMPATH\Database\MySQLi\Connection.php(292): mysqli->query('SELECT `users`.`id`, `roles`.`nama` as `jenis`
FROM `users`
JOIN `roles` ON `roles`.`id`=`users`.`role_id`
WHERE `users`.`id` = $id', 0)
 2 SYSTEMPATH\Database\BaseConnection.php(666): CodeIgniter\Database\MySQLi\Connection->execute('SELECT `users`.`id`, `roles`.`nama` as `jenis`
FROM `users`
JOIN `roles` ON `roles`.`id`=`users`.`role_id`
WHERE `users`.`id` = $id')
 3 SYSTEMPATH\Database\BaseConnection.php(593): CodeIgniter\Database\BaseConnection->simpleQuery('SELECT `users`.`id`, `roles`.`nama` as `jenis`
FROM `users`
JOIN `roles` ON `roles`.`id`=`users`.`role_id`
WHERE `users`.`id` = $id')
 4 SYSTEMPATH\Database\BaseBuilder.php(1585): CodeIgniter\Database\BaseConnection->query('SELECT `users`.`id`, `roles`.`nama` as `jenis`
FROM `users`
JOIN `roles` ON `roles`.`id`=`users`.`role_id`
WHERE `users`.`id` = $id', [], false)
 5 APPPATH\Controllers\Me.php(35): CodeIgniter\Database\BaseBuilder->get()
 6 SYSTEMPATH\CodeIgniter.php(927): App\Controllers\Me->index()
 7 SYSTEMPATH\CodeIgniter.php(482): CodeIgniter\CodeIgniter->runController(Object(App\Controllers\Me))
 8 SYSTEMPATH\CodeIgniter.php(351): CodeIgniter\CodeIgniter->handleRequest(null, Object(Config\Cache), false)
 9 FCPATH\index.php(67): CodeIgniter\CodeIgniter->run()
10 SYSTEMPATH\Commands\Server\rewrite.php(46): require_once('FCPATH\\index.php')
ERROR - 2022-12-02 19:55:00 --> mysqli_sql_exception: You have an error in your SQL syntax; check the manual that corresponds to your MariaDB server version for the right syntax to use near '>$id' at line 4 in C:\xampp7\htdocs\APIclubhouse\vendor\codeigniter4\framework\system\Database\MySQLi\Connection.php:292
Stack trace:
#0 C:\xampp7\htdocs\APIclubhouse\vendor\codeigniter4\framework\system\Database\MySQLi\Connection.php(292): mysqli->query('SELECT `users`....', 0)
#1 C:\xampp7\htdocs\APIclubhouse\vendor\codeigniter4\framework\system\Database\BaseConnection.php(666): CodeIgniter\Database\MySQLi\Connection->execute('SELECT `users`....')
#2 C:\xampp7\htdocs\APIclubhouse\vendor\codeigniter4\framework\system\Database\BaseConnection.php(593): CodeIgniter\Database\BaseConnection->simpleQuery('SELECT `users`....')
#3 C:\xampp7\htdocs\APIclubhouse\vendor\codeigniter4\framework\system\Database\BaseBuilder.php(1585): CodeIgniter\Database\BaseConnection->query('SELECT `users`....', Array, false)
#4 C:\xampp7\htdocs\APIclubhouse\app\Controllers\Me.php(35): CodeIgniter\Database\BaseBuilder->get()
#5 C:\xampp7\htdocs\APIclubhouse\vendor\codeigniter4\framework\system\CodeIgniter.php(927): App\Controllers\Me->index()
#6 C:\xampp7\htdocs\APIclubhouse\vendor\codeigniter4\framework\system\CodeIgniter.php(482): CodeIgniter\CodeIgniter->runController(Object(App\Controllers\Me))
#7 C:\xampp7\htdocs\APIclubhouse\vendor\codeigniter4\framework\system\CodeIgniter.php(351): CodeIgniter\CodeIgniter->handleRequest(NULL, Object(Config\Cache), false)
#8 C:\xampp7\htdocs\APIclubhouse\public\index.php(67): CodeIgniter\CodeIgniter->run()
#9 C:\xampp7\htdocs\APIclubhouse\vendor\codeigniter4\framework\system\Commands\Server\rewrite.php(46): require_once('C:\\xampp7\\htdoc...')
#10 {main}
CRITICAL - 2022-12-02 19:55:00 --> You have an error in your SQL syntax; check the manual that corresponds to your MariaDB server version for the right syntax to use near '>$id' at line 4
in SYSTEMPATH\Database\MySQLi\Connection.php on line 292.
 1 SYSTEMPATH\Database\MySQLi\Connection.php(292): mysqli->query('SELECT `users`.`id`, `roles`.`nama` as `jenis`
FROM `users`
JOIN `roles` ON `roles`.`id`=`users`.`role_id`
WHERE `users`.`id` = >$id', 0)
 2 SYSTEMPATH\Database\BaseConnection.php(666): CodeIgniter\Database\MySQLi\Connection->execute('SELECT `users`.`id`, `roles`.`nama` as `jenis`
FROM `users`
JOIN `roles` ON `roles`.`id`=`users`.`role_id`
WHERE `users`.`id` = >$id')
 3 SYSTEMPATH\Database\BaseConnection.php(593): CodeIgniter\Database\BaseConnection->simpleQuery('SELECT `users`.`id`, `roles`.`nama` as `jenis`
FROM `users`
JOIN `roles` ON `roles`.`id`=`users`.`role_id`
WHERE `users`.`id` = >$id')
 4 SYSTEMPATH\Database\BaseBuilder.php(1585): CodeIgniter\Database\BaseConnection->query('SELECT `users`.`id`, `roles`.`nama` as `jenis`
FROM `users`
JOIN `roles` ON `roles`.`id`=`users`.`role_id`
WHERE `users`.`id` = >$id', [], false)
 5 APPPATH\Controllers\Me.php(35): CodeIgniter\Database\BaseBuilder->get()
 6 SYSTEMPATH\CodeIgniter.php(927): App\Controllers\Me->index()
 7 SYSTEMPATH\CodeIgniter.php(482): CodeIgniter\CodeIgniter->runController(Object(App\Controllers\Me))
 8 SYSTEMPATH\CodeIgniter.php(351): CodeIgniter\CodeIgniter->handleRequest(null, Object(Config\Cache), false)
 9 FCPATH\index.php(67): CodeIgniter\CodeIgniter->run()
10 SYSTEMPATH\Commands\Server\rewrite.php(46): require_once('FCPATH\\index.php')
ERROR - 2022-12-02 19:55:16 --> mysqli_sql_exception: Unknown column '$id' in 'where clause' in C:\xampp7\htdocs\APIclubhouse\vendor\codeigniter4\framework\system\Database\MySQLi\Connection.php:292
Stack trace:
#0 C:\xampp7\htdocs\APIclubhouse\vendor\codeigniter4\framework\system\Database\MySQLi\Connection.php(292): mysqli->query('SELECT `users`....', 0)
#1 C:\xampp7\htdocs\APIclubhouse\vendor\codeigniter4\framework\system\Database\BaseConnection.php(666): CodeIgniter\Database\MySQLi\Connection->execute('SELECT `users`....')
#2 C:\xampp7\htdocs\APIclubhouse\vendor\codeigniter4\framework\system\Database\BaseConnection.php(593): CodeIgniter\Database\BaseConnection->simpleQuery('SELECT `users`....')
#3 C:\xampp7\htdocs\APIclubhouse\vendor\codeigniter4\framework\system\Database\BaseBuilder.php(1585): CodeIgniter\Database\BaseConnection->query('SELECT `users`....', Array, false)
#4 C:\xampp7\htdocs\APIclubhouse\app\Controllers\Me.php(35): CodeIgniter\Database\BaseBuilder->get()
#5 C:\xampp7\htdocs\APIclubhouse\vendor\codeigniter4\framework\system\CodeIgniter.php(927): App\Controllers\Me->index()
#6 C:\xampp7\htdocs\APIclubhouse\vendor\codeigniter4\framework\system\CodeIgniter.php(482): CodeIgniter\CodeIgniter->runController(Object(App\Controllers\Me))
#7 C:\xampp7\htdocs\APIclubhouse\vendor\codeigniter4\framework\system\CodeIgniter.php(351): CodeIgniter\CodeIgniter->handleRequest(NULL, Object(Config\Cache), false)
#8 C:\xampp7\htdocs\APIclubhouse\public\index.php(67): CodeIgniter\CodeIgniter->run()
#9 C:\xampp7\htdocs\APIclubhouse\vendor\codeigniter4\framework\system\Commands\Server\rewrite.php(46): require_once('C:\\xampp7\\htdoc...')
#10 {main}
CRITICAL - 2022-12-02 19:55:16 --> Unknown column '$id' in 'where clause'
in SYSTEMPATH\Database\MySQLi\Connection.php on line 292.
 1 SYSTEMPATH\Database\MySQLi\Connection.php(292): mysqli->query('SELECT `users`.`id`, `roles`.`nama` as `jenis`
FROM `users`
JOIN `roles` ON `roles`.`id`=`users`.`role_id`
WHERE `users`.`id` = $id', 0)
 2 SYSTEMPATH\Database\BaseConnection.php(666): CodeIgniter\Database\MySQLi\Connection->execute('SELECT `users`.`id`, `roles`.`nama` as `jenis`
FROM `users`
JOIN `roles` ON `roles`.`id`=`users`.`role_id`
WHERE `users`.`id` = $id')
 3 SYSTEMPATH\Database\BaseConnection.php(593): CodeIgniter\Database\BaseConnection->simpleQuery('SELECT `users`.`id`, `roles`.`nama` as `jenis`
FROM `users`
JOIN `roles` ON `roles`.`id`=`users`.`role_id`
WHERE `users`.`id` = $id')
 4 SYSTEMPATH\Database\BaseBuilder.php(1585): CodeIgniter\Database\BaseConnection->query('SELECT `users`.`id`, `roles`.`nama` as `jenis`
FROM `users`
JOIN `roles` ON `roles`.`id`=`users`.`role_id`
WHERE `users`.`id` = $id', [], false)
 5 APPPATH\Controllers\Me.php(35): CodeIgniter\Database\BaseBuilder->get()
 6 SYSTEMPATH\CodeIgniter.php(927): App\Controllers\Me->index()
 7 SYSTEMPATH\CodeIgniter.php(482): CodeIgniter\CodeIgniter->runController(Object(App\Controllers\Me))
 8 SYSTEMPATH\CodeIgniter.php(351): CodeIgniter\CodeIgniter->handleRequest(null, Object(Config\Cache), false)
 9 FCPATH\index.php(67): CodeIgniter\CodeIgniter->run()
10 SYSTEMPATH\Commands\Server\rewrite.php(46): require_once('FCPATH\\index.php')
CRITICAL - 2022-12-02 19:59:18 --> Attempt to read property "jenis" on array
in APPPATH\Controllers\Me.php on line 40.
 1 APPPATH\Controllers\Me.php(40): CodeIgniter\Debug\Exceptions->errorHandler(2, 'Attempt to read property "jenis" on array', 'APPPATH\\Controllers\\Me.php', 40)
 2 SYSTEMPATH\CodeIgniter.php(927): App\Controllers\Me->index()
 3 SYSTEMPATH\CodeIgniter.php(482): CodeIgniter\CodeIgniter->runController(Object(App\Controllers\Me))
 4 SYSTEMPATH\CodeIgniter.php(351): CodeIgniter\CodeIgniter->handleRequest(null, Object(Config\Cache), false)
 5 FCPATH\index.php(67): CodeIgniter\CodeIgniter->run()
 6 SYSTEMPATH\Commands\Server\rewrite.php(46): require_once('FCPATH\\index.php')
CRITICAL - 2022-12-02 20:01:44 --> Undefined constant "App\Controllers\jenis"
in APPPATH\Controllers\Me.php on line 40.
 1 SYSTEMPATH\CodeIgniter.php(927): App\Controllers\Me->index()
 2 SYSTEMPATH\CodeIgniter.php(482): CodeIgniter\CodeIgniter->runController(Object(App\Controllers\Me))
 3 SYSTEMPATH\CodeIgniter.php(351): CodeIgniter\CodeIgniter->handleRequest(null, Object(Config\Cache), false)
 4 FCPATH\index.php(67): CodeIgniter\CodeIgniter->run()
 5 SYSTEMPATH\Commands\Server\rewrite.php(46): require_once('FCPATH\\index.php')
CRITICAL - 2022-12-02 20:07:03 --> Attempt to read property "jenis" on array
in APPPATH\Controllers\Me.php on line 42.
 1 APPPATH\Controllers\Me.php(42): CodeIgniter\Debug\Exceptions->errorHandler(2, 'Attempt to read property "jenis" on array', 'APPPATH\\Controllers\\Me.php', 42)
 2 SYSTEMPATH\CodeIgniter.php(927): App\Controllers\Me->index()
 3 SYSTEMPATH\CodeIgniter.php(482): CodeIgniter\CodeIgniter->runController(Object(App\Controllers\Me))
 4 SYSTEMPATH\CodeIgniter.php(351): CodeIgniter\CodeIgniter->handleRequest(null, Object(Config\Cache), false)
 5 FCPATH\index.php(67): CodeIgniter\CodeIgniter->run()
 6 SYSTEMPATH\Commands\Server\rewrite.php(46): require_once('FCPATH\\index.php')
CRITICAL - 2022-12-02 20:08:54 --> Attempt to read property "jenis" on array
in APPPATH\Controllers\Me.php on line 38.
 1 APPPATH\Controllers\Me.php(38): CodeIgniter\Debug\Exceptions->errorHandler(2, 'Attempt to read property "jenis" on array', 'APPPATH\\Controllers\\Me.php', 38)
 2 SYSTEMPATH\CodeIgniter.php(927): App\Controllers\Me->index()
 3 SYSTEMPATH\CodeIgniter.php(482): CodeIgniter\CodeIgniter->runController(Object(App\Controllers\Me))
 4 SYSTEMPATH\CodeIgniter.php(351): CodeIgniter\CodeIgniter->handleRequest(null, Object(Config\Cache), false)
 5 FCPATH\index.php(67): CodeIgniter\CodeIgniter->run()
 6 SYSTEMPATH\Commands\Server\rewrite.php(46): require_once('FCPATH\\index.php')
CRITICAL - 2022-12-02 20:09:23 --> Attempt to read property "jenis" on array
in APPPATH\Controllers\Me.php on line 38.
 1 APPPATH\Controllers\Me.php(38): CodeIgniter\Debug\Exceptions->errorHandler(2, 'Attempt to read property "jenis" on array', 'APPPATH\\Controllers\\Me.php', 38)
 2 SYSTEMPATH\CodeIgniter.php(927): App\Controllers\Me->index()
 3 SYSTEMPATH\CodeIgniter.php(482): CodeIgniter\CodeIgniter->runController(Object(App\Controllers\Me))
 4 SYSTEMPATH\CodeIgniter.php(351): CodeIgniter\CodeIgniter->handleRequest(null, Object(Config\Cache), false)
 5 FCPATH\index.php(67): CodeIgniter\CodeIgniter->run()
 6 SYSTEMPATH\Commands\Server\rewrite.php(46): require_once('FCPATH\\index.php')
