CRITICAL - 2022-12-04 06:04:37 --> Undefined variable $db
in APPPATH\Controllers\Checkin.php on line 76.
 1 APPPATH\Controllers\Checkin.php(76): CodeIgniter\Debug\Exceptions->errorHandler(2, 'Undefined variable $db', 'APPPATH\\Controllers\\Checkin.php', 76)
 2 SYSTEMPATH\CodeIgniter.php(927): App\Controllers\Checkin->store()
 3 SYSTEMPATH\CodeIgniter.php(482): CodeIgniter\CodeIgniter->runController(Object(App\Controllers\Checkin))
 4 SYSTEMPATH\CodeIgniter.php(351): CodeIgniter\CodeIgniter->handleRequest(null, Object(Config\Cache), false)
 5 FCPATH\index.php(67): CodeIgniter\CodeIgniter->run()
 6 SYSTEMPATH\Commands\Server\rewrite.php(46): require_once('FCPATH\\index.php')
CRITICAL - 2022-12-04 06:04:52 --> Undefined variable $tgl
in APPPATH\Controllers\Checkin.php on line 79.
 1 APPPATH\Controllers\Checkin.php(79): CodeIgniter\Debug\Exceptions->errorHandler(2, 'Undefined variable $tgl', 'APPPATH\\Controllers\\Checkin.php', 79)
 2 SYSTEMPATH\CodeIgniter.php(927): App\Controllers\Checkin->store()
 3 SYSTEMPATH\CodeIgniter.php(482): CodeIgniter\CodeIgniter->runController(Object(App\Controllers\Checkin))
 4 SYSTEMPATH\CodeIgniter.php(351): CodeIgniter\CodeIgniter->handleRequest(null, Object(Config\Cache), false)
 5 FCPATH\index.php(67): CodeIgniter\CodeIgniter->run()
 6 SYSTEMPATH\Commands\Server\rewrite.php(46): require_once('FCPATH\\index.php')
CRITICAL - 2022-12-04 06:05:07 --> Undefined variable $checkin
in APPPATH\Controllers\Checkin.php on line 81.
 1 APPPATH\Controllers\Checkin.php(81): CodeIgniter\Debug\Exceptions->errorHandler(2, 'Undefined variable $checkin', 'APPPATH\\Controllers\\Checkin.php', 81)
 2 SYSTEMPATH\CodeIgniter.php(927): App\Controllers\Checkin->store()
 3 SYSTEMPATH\CodeIgniter.php(482): CodeIgniter\CodeIgniter->runController(Object(App\Controllers\Checkin))
 4 SYSTEMPATH\CodeIgniter.php(351): CodeIgniter\CodeIgniter->handleRequest(null, Object(Config\Cache), false)
 5 FCPATH\index.php(67): CodeIgniter\CodeIgniter->run()
 6 SYSTEMPATH\Commands\Server\rewrite.php(46): require_once('FCPATH\\index.php')
CRITICAL - 2022-12-04 06:06:14 --> Call to undefined function App\Controllers\NOW()
in APPPATH\Controllers\Checkin.php on line 72.
 1 SYSTEMPATH\CodeIgniter.php(927): App\Controllers\Checkin->store()
 2 SYSTEMPATH\CodeIgniter.php(482): CodeIgniter\CodeIgniter->runController(Object(App\Controllers\Checkin))
 3 SYSTEMPATH\CodeIgniter.php(351): CodeIgniter\CodeIgniter->handleRequest(null, Object(Config\Cache), false)
 4 FCPATH\index.php(67): CodeIgniter\CodeIgniter->run()
 5 SYSTEMPATH\Commands\Server\rewrite.php(46): require_once('FCPATH\\index.php')
CRITICAL - 2022-12-04 06:11:48 --> Undefined array key 0
in APPPATH\Controllers\Checkin.php on line 81.
 1 APPPATH\Controllers\Checkin.php(81): CodeIgniter\Debug\Exceptions->errorHandler(2, 'Undefined array key 0', 'APPPATH\\Controllers\\Checkin.php', 81)
 2 SYSTEMPATH\CodeIgniter.php(927): App\Controllers\Checkin->store()
 3 SYSTEMPATH\CodeIgniter.php(482): CodeIgniter\CodeIgniter->runController(Object(App\Controllers\Checkin))
 4 SYSTEMPATH\CodeIgniter.php(351): CodeIgniter\CodeIgniter->handleRequest(null, Object(Config\Cache), false)
 5 FCPATH\index.php(67): CodeIgniter\CodeIgniter->run()
 6 SYSTEMPATH\Commands\Server\rewrite.php(46): require_once('FCPATH\\index.php')
CRITICAL - 2022-12-04 06:12:09 --> Undefined array key 0
in APPPATH\Controllers\Checkin.php on line 81.
 1 APPPATH\Controllers\Checkin.php(81): CodeIgniter\Debug\Exceptions->errorHandler(2, 'Undefined array key 0', 'APPPATH\\Controllers\\Checkin.php', 81)
 2 SYSTEMPATH\CodeIgniter.php(927): App\Controllers\Checkin->store()
 3 SYSTEMPATH\CodeIgniter.php(482): CodeIgniter\CodeIgniter->runController(Object(App\Controllers\Checkin))
 4 SYSTEMPATH\CodeIgniter.php(351): CodeIgniter\CodeIgniter->handleRequest(null, Object(Config\Cache), false)
 5 FCPATH\index.php(67): CodeIgniter\CodeIgniter->run()
 6 SYSTEMPATH\Commands\Server\rewrite.php(46): require_once('FCPATH\\index.php')
CRITICAL - 2022-12-04 06:14:05 --> Undefined array key 0
in APPPATH\Controllers\Checkin.php on line 81.
 1 APPPATH\Controllers\Checkin.php(81): CodeIgniter\Debug\Exceptions->errorHandler(2, 'Undefined array key 0', 'APPPATH\\Controllers\\Checkin.php', 81)
 2 SYSTEMPATH\CodeIgniter.php(927): App\Controllers\Checkin->store()
 3 SYSTEMPATH\CodeIgniter.php(482): CodeIgniter\CodeIgniter->runController(Object(App\Controllers\Checkin))
 4 SYSTEMPATH\CodeIgniter.php(351): CodeIgniter\CodeIgniter->handleRequest(null, Object(Config\Cache), false)
 5 FCPATH\index.php(67): CodeIgniter\CodeIgniter->run()
 6 SYSTEMPATH\Commands\Server\rewrite.php(46): require_once('FCPATH\\index.php')
ERROR - 2022-12-04 06:31:54 --> mysqli_sql_exception: Unknown column 'current_date' in 'where clause' in C:\xampp7\htdocs\APIclubhouse\vendor\codeigniter4\framework\system\Database\MySQLi\Connection.php:292
Stack trace:
#0 C:\xampp7\htdocs\APIclubhouse\vendor\codeigniter4\framework\system\Database\MySQLi\Connection.php(292): mysqli->query('SELECT `id`, `c...', 0)
#1 C:\xampp7\htdocs\APIclubhouse\vendor\codeigniter4\framework\system\Database\BaseConnection.php(666): CodeIgniter\Database\MySQLi\Connection->execute('SELECT `id`, `c...')
#2 C:\xampp7\htdocs\APIclubhouse\vendor\codeigniter4\framework\system\Database\BaseConnection.php(593): CodeIgniter\Database\BaseConnection->simpleQuery('SELECT `id`, `c...')
#3 C:\xampp7\htdocs\APIclubhouse\vendor\codeigniter4\framework\system\Database\BaseBuilder.php(1585): CodeIgniter\Database\BaseConnection->query('SELECT `id`, `c...', Array, false)
#4 C:\xampp7\htdocs\APIclubhouse\app\Controllers\Checkin.php(81): CodeIgniter\Database\BaseBuilder->get()
#5 C:\xampp7\htdocs\APIclubhouse\vendor\codeigniter4\framework\system\CodeIgniter.php(927): App\Controllers\Checkin->store()
#6 C:\xampp7\htdocs\APIclubhouse\vendor\codeigniter4\framework\system\CodeIgniter.php(482): CodeIgniter\CodeIgniter->runController(Object(App\Controllers\Checkin))
#7 C:\xampp7\htdocs\APIclubhouse\vendor\codeigniter4\framework\system\CodeIgniter.php(351): CodeIgniter\CodeIgniter->handleRequest(NULL, Object(Config\Cache), false)
#8 C:\xampp7\htdocs\APIclubhouse\public\index.php(67): CodeIgniter\CodeIgniter->run()
#9 C:\xampp7\htdocs\APIclubhouse\vendor\codeigniter4\framework\system\Commands\Server\rewrite.php(46): require_once('C:\\xampp7\\htdoc...')
#10 {main}
CRITICAL - 2022-12-04 06:31:54 --> Unknown column 'current_date' in 'where clause'
in SYSTEMPATH\Database\MySQLi\Connection.php on line 292.
 1 SYSTEMPATH\Database\MySQLi\Connection.php(292): mysqli->query('SELECT `id`, `created_at`, `user_id`
FROM `checkin`
WHERE `current_date` IS NULL', 0)
 2 SYSTEMPATH\Database\BaseConnection.php(666): CodeIgniter\Database\MySQLi\Connection->execute('SELECT `id`, `created_at`, `user_id`
FROM `checkin`
WHERE `current_date` IS NULL')
 3 SYSTEMPATH\Database\BaseConnection.php(593): CodeIgniter\Database\BaseConnection->simpleQuery('SELECT `id`, `created_at`, `user_id`
FROM `checkin`
WHERE `current_date` IS NULL')
 4 SYSTEMPATH\Database\BaseBuilder.php(1585): CodeIgniter\Database\BaseConnection->query('SELECT `id`, `created_at`, `user_id`
FROM `checkin`
WHERE `current_date` IS NULL', [], false)
 5 APPPATH\Controllers\Checkin.php(81): CodeIgniter\Database\BaseBuilder->get()
 6 SYSTEMPATH\CodeIgniter.php(927): App\Controllers\Checkin->store()
 7 SYSTEMPATH\CodeIgniter.php(482): CodeIgniter\CodeIgniter->runController(Object(App\Controllers\Checkin))
 8 SYSTEMPATH\CodeIgniter.php(351): CodeIgniter\CodeIgniter->handleRequest(null, Object(Config\Cache), false)
 9 FCPATH\index.php(67): CodeIgniter\CodeIgniter->run()
10 SYSTEMPATH\Commands\Server\rewrite.php(46): require_once('FCPATH\\index.php')
ERROR - 2022-12-04 06:46:48 --> mysqli_sql_exception: Unknown column 'current_date' in 'where clause' in C:\xampp7\htdocs\APIclubhouse\vendor\codeigniter4\framework\system\Database\MySQLi\Connection.php:292
Stack trace:
#0 C:\xampp7\htdocs\APIclubhouse\vendor\codeigniter4\framework\system\Database\MySQLi\Connection.php(292): mysqli->query('SELECT `id`, `c...', 0)
#1 C:\xampp7\htdocs\APIclubhouse\vendor\codeigniter4\framework\system\Database\BaseConnection.php(666): CodeIgniter\Database\MySQLi\Connection->execute('SELECT `id`, `c...')
#2 C:\xampp7\htdocs\APIclubhouse\vendor\codeigniter4\framework\system\Database\BaseConnection.php(593): CodeIgniter\Database\BaseConnection->simpleQuery('SELECT `id`, `c...')
#3 C:\xampp7\htdocs\APIclubhouse\vendor\codeigniter4\framework\system\Database\BaseBuilder.php(1585): CodeIgniter\Database\BaseConnection->query('SELECT `id`, `c...', Array, false)
#4 C:\xampp7\htdocs\APIclubhouse\app\Controllers\Checkin.php(81): CodeIgniter\Database\BaseBuilder->get()
#5 C:\xampp7\htdocs\APIclubhouse\vendor\codeigniter4\framework\system\CodeIgniter.php(927): App\Controllers\Checkin->store()
#6 C:\xampp7\htdocs\APIclubhouse\vendor\codeigniter4\framework\system\CodeIgniter.php(482): CodeIgniter\CodeIgniter->runController(Object(App\Controllers\Checkin))
#7 C:\xampp7\htdocs\APIclubhouse\vendor\codeigniter4\framework\system\CodeIgniter.php(351): CodeIgniter\CodeIgniter->handleRequest(NULL, Object(Config\Cache), false)
#8 C:\xampp7\htdocs\APIclubhouse\public\index.php(67): CodeIgniter\CodeIgniter->run()
#9 C:\xampp7\htdocs\APIclubhouse\vendor\codeigniter4\framework\system\Commands\Server\rewrite.php(46): require_once('C:\\xampp7\\htdoc...')
#10 {main}
CRITICAL - 2022-12-04 06:46:48 --> Unknown column 'current_date' in 'where clause'
in SYSTEMPATH\Database\MySQLi\Connection.php on line 292.
 1 SYSTEMPATH\Database\MySQLi\Connection.php(292): mysqli->query('SELECT `id`, `created_at`, `user_id`
FROM `checkin`
WHERE `current_date` IS NULL', 0)
 2 SYSTEMPATH\Database\BaseConnection.php(666): CodeIgniter\Database\MySQLi\Connection->execute('SELECT `id`, `created_at`, `user_id`
FROM `checkin`
WHERE `current_date` IS NULL')
 3 SYSTEMPATH\Database\BaseConnection.php(593): CodeIgniter\Database\BaseConnection->simpleQuery('SELECT `id`, `created_at`, `user_id`
FROM `checkin`
WHERE `current_date` IS NULL')
 4 SYSTEMPATH\Database\BaseBuilder.php(1585): CodeIgniter\Database\BaseConnection->query('SELECT `id`, `created_at`, `user_id`
FROM `checkin`
WHERE `current_date` IS NULL', [], false)
 5 APPPATH\Controllers\Checkin.php(81): CodeIgniter\Database\BaseBuilder->get()
 6 SYSTEMPATH\CodeIgniter.php(927): App\Controllers\Checkin->store()
 7 SYSTEMPATH\CodeIgniter.php(482): CodeIgniter\CodeIgniter->runController(Object(App\Controllers\Checkin))
 8 SYSTEMPATH\CodeIgniter.php(351): CodeIgniter\CodeIgniter->handleRequest(null, Object(Config\Cache), false)
 9 FCPATH\index.php(67): CodeIgniter\CodeIgniter->run()
10 SYSTEMPATH\Commands\Server\rewrite.php(46): require_once('FCPATH\\index.php')
ERROR - 2022-12-04 06:47:14 --> mysqli_sql_exception: Unknown column 'CURRENT_DATE' in 'where clause' in C:\xampp7\htdocs\APIclubhouse\vendor\codeigniter4\framework\system\Database\MySQLi\Connection.php:292
Stack trace:
#0 C:\xampp7\htdocs\APIclubhouse\vendor\codeigniter4\framework\system\Database\MySQLi\Connection.php(292): mysqli->query('SELECT `id`, `c...', 0)
#1 C:\xampp7\htdocs\APIclubhouse\vendor\codeigniter4\framework\system\Database\BaseConnection.php(666): CodeIgniter\Database\MySQLi\Connection->execute('SELECT `id`, `c...')
#2 C:\xampp7\htdocs\APIclubhouse\vendor\codeigniter4\framework\system\Database\BaseConnection.php(593): CodeIgniter\Database\BaseConnection->simpleQuery('SELECT `id`, `c...')
#3 C:\xampp7\htdocs\APIclubhouse\vendor\codeigniter4\framework\system\Database\BaseBuilder.php(1585): CodeIgniter\Database\BaseConnection->query('SELECT `id`, `c...', Array, false)
#4 C:\xampp7\htdocs\APIclubhouse\app\Controllers\Checkin.php(81): CodeIgniter\Database\BaseBuilder->get()
#5 C:\xampp7\htdocs\APIclubhouse\vendor\codeigniter4\framework\system\CodeIgniter.php(927): App\Controllers\Checkin->store()
#6 C:\xampp7\htdocs\APIclubhouse\vendor\codeigniter4\framework\system\CodeIgniter.php(482): CodeIgniter\CodeIgniter->runController(Object(App\Controllers\Checkin))
#7 C:\xampp7\htdocs\APIclubhouse\vendor\codeigniter4\framework\system\CodeIgniter.php(351): CodeIgniter\CodeIgniter->handleRequest(NULL, Object(Config\Cache), false)
#8 C:\xampp7\htdocs\APIclubhouse\public\index.php(67): CodeIgniter\CodeIgniter->run()
#9 C:\xampp7\htdocs\APIclubhouse\vendor\codeigniter4\framework\system\Commands\Server\rewrite.php(46): require_once('C:\\xampp7\\htdoc...')
#10 {main}
CRITICAL - 2022-12-04 06:47:14 --> Unknown column 'CURRENT_DATE' in 'where clause'
in SYSTEMPATH\Database\MySQLi\Connection.php on line 292.
 1 SYSTEMPATH\Database\MySQLi\Connection.php(292): mysqli->query('SELECT `id`, `created_at`, `user_id`
FROM `checkin`
WHERE `CURRENT_DATE` IS NULL', 0)
 2 SYSTEMPATH\Database\BaseConnection.php(666): CodeIgniter\Database\MySQLi\Connection->execute('SELECT `id`, `created_at`, `user_id`
FROM `checkin`
WHERE `CURRENT_DATE` IS NULL')
 3 SYSTEMPATH\Database\BaseConnection.php(593): CodeIgniter\Database\BaseConnection->simpleQuery('SELECT `id`, `created_at`, `user_id`
FROM `checkin`
WHERE `CURRENT_DATE` IS NULL')
 4 SYSTEMPATH\Database\BaseBuilder.php(1585): CodeIgniter\Database\BaseConnection->query('SELECT `id`, `created_at`, `user_id`
FROM `checkin`
WHERE `CURRENT_DATE` IS NULL', [], false)
 5 APPPATH\Controllers\Checkin.php(81): CodeIgniter\Database\BaseBuilder->get()
 6 SYSTEMPATH\CodeIgniter.php(927): App\Controllers\Checkin->store()
 7 SYSTEMPATH\CodeIgniter.php(482): CodeIgniter\CodeIgniter->runController(Object(App\Controllers\Checkin))
 8 SYSTEMPATH\CodeIgniter.php(351): CodeIgniter\CodeIgniter->handleRequest(null, Object(Config\Cache), false)
 9 FCPATH\index.php(67): CodeIgniter\CodeIgniter->run()
10 SYSTEMPATH\Commands\Server\rewrite.php(46): require_once('FCPATH\\index.php')
CRITICAL - 2022-12-04 06:47:40 --> Call to undefined function App\Controllers\CURRENT_DATE()
in APPPATH\Controllers\Checkin.php on line 72.
 1 SYSTEMPATH\CodeIgniter.php(927): App\Controllers\Checkin->store()
 2 SYSTEMPATH\CodeIgniter.php(482): CodeIgniter\CodeIgniter->runController(Object(App\Controllers\Checkin))
 3 SYSTEMPATH\CodeIgniter.php(351): CodeIgniter\CodeIgniter->handleRequest(null, Object(Config\Cache), false)
 4 FCPATH\index.php(67): CodeIgniter\CodeIgniter->run()
 5 SYSTEMPATH\Commands\Server\rewrite.php(46): require_once('FCPATH\\index.php')
CRITICAL - 2022-12-04 06:48:00 --> Call to undefined function App\Controllers\NOW()
in APPPATH\Controllers\Checkin.php on line 72.
 1 SYSTEMPATH\CodeIgniter.php(927): App\Controllers\Checkin->store()
 2 SYSTEMPATH\CodeIgniter.php(482): CodeIgniter\CodeIgniter->runController(Object(App\Controllers\Checkin))
 3 SYSTEMPATH\CodeIgniter.php(351): CodeIgniter\CodeIgniter->handleRequest(null, Object(Config\Cache), false)
 4 FCPATH\index.php(67): CodeIgniter\CodeIgniter->run()
 5 SYSTEMPATH\Commands\Server\rewrite.php(46): require_once('FCPATH\\index.php')
CRITICAL - 2022-12-04 06:48:36 --> Undefined constant "App\Controllers\d"
in APPPATH\Controllers\Checkin.php on line 72.
 1 SYSTEMPATH\CodeIgniter.php(927): App\Controllers\Checkin->store()
 2 SYSTEMPATH\CodeIgniter.php(482): CodeIgniter\CodeIgniter->runController(Object(App\Controllers\Checkin))
 3 SYSTEMPATH\CodeIgniter.php(351): CodeIgniter\CodeIgniter->handleRequest(null, Object(Config\Cache), false)
 4 FCPATH\index.php(67): CodeIgniter\CodeIgniter->run()
 5 SYSTEMPATH\Commands\Server\rewrite.php(46): require_once('FCPATH\\index.php')
CRITICAL - 2022-12-04 07:07:38 --> Undefined constant "App\Controllers\d"
in APPPATH\Controllers\Checkin.php on line 72.
 1 SYSTEMPATH\CodeIgniter.php(927): App\Controllers\Checkin->store()
 2 SYSTEMPATH\CodeIgniter.php(482): CodeIgniter\CodeIgniter->runController(Object(App\Controllers\Checkin))
 3 SYSTEMPATH\CodeIgniter.php(351): CodeIgniter\CodeIgniter->handleRequest(null, Object(Config\Cache), false)
 4 FCPATH\index.php(67): CodeIgniter\CodeIgniter->run()
 5 SYSTEMPATH\Commands\Server\rewrite.php(46): require_once('FCPATH\\index.php')
ERROR - 2022-12-04 07:17:01 --> mysqli_sql_exception: Unknown column 'user_id12' in 'where clause' in C:\xampp7\htdocs\APIclubhouse\vendor\codeigniter4\framework\system\Database\MySQLi\Connection.php:292
Stack trace:
#0 C:\xampp7\htdocs\APIclubhouse\vendor\codeigniter4\framework\system\Database\MySQLi\Connection.php(292): mysqli->query('SELECT `created...', 0)
#1 C:\xampp7\htdocs\APIclubhouse\vendor\codeigniter4\framework\system\Database\BaseConnection.php(666): CodeIgniter\Database\MySQLi\Connection->execute('SELECT `created...')
#2 C:\xampp7\htdocs\APIclubhouse\vendor\codeigniter4\framework\system\Database\BaseConnection.php(593): CodeIgniter\Database\BaseConnection->simpleQuery('SELECT `created...')
#3 C:\xampp7\htdocs\APIclubhouse\vendor\codeigniter4\framework\system\Database\BaseBuilder.php(1585): CodeIgniter\Database\BaseConnection->query('SELECT `created...', Array, false)
#4 C:\xampp7\htdocs\APIclubhouse\app\Controllers\Checkin.php(101): CodeIgniter\Database\BaseBuilder->get()
#5 C:\xampp7\htdocs\APIclubhouse\vendor\codeigniter4\framework\system\CodeIgniter.php(927): App\Controllers\Checkin->store()
#6 C:\xampp7\htdocs\APIclubhouse\vendor\codeigniter4\framework\system\CodeIgniter.php(482): CodeIgniter\CodeIgniter->runController(Object(App\Controllers\Checkin))
#7 C:\xampp7\htdocs\APIclubhouse\vendor\codeigniter4\framework\system\CodeIgniter.php(351): CodeIgniter\CodeIgniter->handleRequest(NULL, Object(Config\Cache), false)
#8 C:\xampp7\htdocs\APIclubhouse\public\index.php(67): CodeIgniter\CodeIgniter->run()
#9 C:\xampp7\htdocs\APIclubhouse\vendor\codeigniter4\framework\system\Commands\Server\rewrite.php(46): require_once('C:\\xampp7\\htdoc...')
#10 {main}
ERROR - 2022-12-04 07:20:18 --> mysqli_sql_exception: Unknown column 'user_id12' in 'where clause' in C:\xampp7\htdocs\APIclubhouse\vendor\codeigniter4\framework\system\Database\MySQLi\Connection.php:292
Stack trace:
#0 C:\xampp7\htdocs\APIclubhouse\vendor\codeigniter4\framework\system\Database\MySQLi\Connection.php(292): mysqli->query('SELECT COUNT(us...', 0)
#1 C:\xampp7\htdocs\APIclubhouse\vendor\codeigniter4\framework\system\Database\BaseConnection.php(666): CodeIgniter\Database\MySQLi\Connection->execute('SELECT COUNT(us...')
#2 C:\xampp7\htdocs\APIclubhouse\vendor\codeigniter4\framework\system\Database\BaseConnection.php(593): CodeIgniter\Database\BaseConnection->simpleQuery('SELECT COUNT(us...')
#3 C:\xampp7\htdocs\APIclubhouse\vendor\codeigniter4\framework\system\Database\BaseBuilder.php(1585): CodeIgniter\Database\BaseConnection->query('SELECT COUNT(us...', Array, false)
#4 C:\xampp7\htdocs\APIclubhouse\app\Controllers\Checkin.php(102): CodeIgniter\Database\BaseBuilder->get()
#5 C:\xampp7\htdocs\APIclubhouse\vendor\codeigniter4\framework\system\CodeIgniter.php(927): App\Controllers\Checkin->store()
#6 C:\xampp7\htdocs\APIclubhouse\vendor\codeigniter4\framework\system\CodeIgniter.php(482): CodeIgniter\CodeIgniter->runController(Object(App\Controllers\Checkin))
#7 C:\xampp7\htdocs\APIclubhouse\vendor\codeigniter4\framework\system\CodeIgniter.php(351): CodeIgniter\CodeIgniter->handleRequest(NULL, Object(Config\Cache), false)
#8 C:\xampp7\htdocs\APIclubhouse\public\index.php(67): CodeIgniter\CodeIgniter->run()
#9 C:\xampp7\htdocs\APIclubhouse\vendor\codeigniter4\framework\system\Commands\Server\rewrite.php(46): require_once('C:\\xampp7\\htdoc...')
#10 {main}
ERROR - 2022-12-04 07:21:00 --> mysqli_sql_exception: Unknown column 'user_id12' in 'where clause' in C:\xampp7\htdocs\APIclubhouse\vendor\codeigniter4\framework\system\Database\MySQLi\Connection.php:292
Stack trace:
#0 C:\xampp7\htdocs\APIclubhouse\vendor\codeigniter4\framework\system\Database\MySQLi\Connection.php(292): mysqli->query('SELECT COUNT(us...', 0)
#1 C:\xampp7\htdocs\APIclubhouse\vendor\codeigniter4\framework\system\Database\BaseConnection.php(666): CodeIgniter\Database\MySQLi\Connection->execute('SELECT COUNT(us...')
#2 C:\xampp7\htdocs\APIclubhouse\vendor\codeigniter4\framework\system\Database\BaseConnection.php(593): CodeIgniter\Database\BaseConnection->simpleQuery('SELECT COUNT(us...')
#3 C:\xampp7\htdocs\APIclubhouse\vendor\codeigniter4\framework\system\Database\BaseBuilder.php(1585): CodeIgniter\Database\BaseConnection->query('SELECT COUNT(us...', Array, false)
#4 C:\xampp7\htdocs\APIclubhouse\app\Controllers\Checkin.php(102): CodeIgniter\Database\BaseBuilder->get()
#5 C:\xampp7\htdocs\APIclubhouse\vendor\codeigniter4\framework\system\CodeIgniter.php(927): App\Controllers\Checkin->store()
#6 C:\xampp7\htdocs\APIclubhouse\vendor\codeigniter4\framework\system\CodeIgniter.php(482): CodeIgniter\CodeIgniter->runController(Object(App\Controllers\Checkin))
#7 C:\xampp7\htdocs\APIclubhouse\vendor\codeigniter4\framework\system\CodeIgniter.php(351): CodeIgniter\CodeIgniter->handleRequest(NULL, Object(Config\Cache), false)
#8 C:\xampp7\htdocs\APIclubhouse\public\index.php(67): CodeIgniter\CodeIgniter->run()
#9 C:\xampp7\htdocs\APIclubhouse\vendor\codeigniter4\framework\system\Commands\Server\rewrite.php(46): require_once('C:\\xampp7\\htdoc...')
#10 {main}
ERROR - 2022-12-04 07:21:49 --> mysqli_sql_exception: Unknown column 'user_id12' in 'where clause' in C:\xampp7\htdocs\APIclubhouse\vendor\codeigniter4\framework\system\Database\MySQLi\Connection.php:292
Stack trace:
#0 C:\xampp7\htdocs\APIclubhouse\vendor\codeigniter4\framework\system\Database\MySQLi\Connection.php(292): mysqli->query('SELECT COUNT(us...', 0)
#1 C:\xampp7\htdocs\APIclubhouse\vendor\codeigniter4\framework\system\Database\BaseConnection.php(666): CodeIgniter\Database\MySQLi\Connection->execute('SELECT COUNT(us...')
#2 C:\xampp7\htdocs\APIclubhouse\vendor\codeigniter4\framework\system\Database\BaseConnection.php(593): CodeIgniter\Database\BaseConnection->simpleQuery('SELECT COUNT(us...')
#3 C:\xampp7\htdocs\APIclubhouse\vendor\codeigniter4\framework\system\Database\BaseBuilder.php(1585): CodeIgniter\Database\BaseConnection->query('SELECT COUNT(us...', Array, false)
#4 C:\xampp7\htdocs\APIclubhouse\app\Controllers\Checkin.php(102): CodeIgniter\Database\BaseBuilder->get()
#5 C:\xampp7\htdocs\APIclubhouse\vendor\codeigniter4\framework\system\CodeIgniter.php(927): App\Controllers\Checkin->store()
#6 C:\xampp7\htdocs\APIclubhouse\vendor\codeigniter4\framework\system\CodeIgniter.php(482): CodeIgniter\CodeIgniter->runController(Object(App\Controllers\Checkin))
#7 C:\xampp7\htdocs\APIclubhouse\vendor\codeigniter4\framework\system\CodeIgniter.php(351): CodeIgniter\CodeIgniter->handleRequest(NULL, Object(Config\Cache), false)
#8 C:\xampp7\htdocs\APIclubhouse\public\index.php(67): CodeIgniter\CodeIgniter->run()
#9 C:\xampp7\htdocs\APIclubhouse\vendor\codeigniter4\framework\system\Commands\Server\rewrite.php(46): require_once('C:\\xampp7\\htdoc...')
#10 {main}
ERROR - 2022-12-04 07:22:45 --> mysqli_sql_exception: Unknown column 'user_id12' in 'where clause' in C:\xampp7\htdocs\APIclubhouse\vendor\codeigniter4\framework\system\Database\MySQLi\Connection.php:292
Stack trace:
#0 C:\xampp7\htdocs\APIclubhouse\vendor\codeigniter4\framework\system\Database\MySQLi\Connection.php(292): mysqli->query('SELECT COUNT(us...', 0)
#1 C:\xampp7\htdocs\APIclubhouse\vendor\codeigniter4\framework\system\Database\BaseConnection.php(666): CodeIgniter\Database\MySQLi\Connection->execute('SELECT COUNT(us...')
#2 C:\xampp7\htdocs\APIclubhouse\vendor\codeigniter4\framework\system\Database\BaseConnection.php(593): CodeIgniter\Database\BaseConnection->simpleQuery('SELECT COUNT(us...')
#3 C:\xampp7\htdocs\APIclubhouse\vendor\codeigniter4\framework\system\Database\BaseBuilder.php(1585): CodeIgniter\Database\BaseConnection->query('SELECT COUNT(us...', Array, false)
#4 C:\xampp7\htdocs\APIclubhouse\app\Controllers\Checkin.php(94): CodeIgniter\Database\BaseBuilder->get()
#5 C:\xampp7\htdocs\APIclubhouse\vendor\codeigniter4\framework\system\CodeIgniter.php(927): App\Controllers\Checkin->store()
#6 C:\xampp7\htdocs\APIclubhouse\vendor\codeigniter4\framework\system\CodeIgniter.php(482): CodeIgniter\CodeIgniter->runController(Object(App\Controllers\Checkin))
#7 C:\xampp7\htdocs\APIclubhouse\vendor\codeigniter4\framework\system\CodeIgniter.php(351): CodeIgniter\CodeIgniter->handleRequest(NULL, Object(Config\Cache), false)
#8 C:\xampp7\htdocs\APIclubhouse\public\index.php(67): CodeIgniter\CodeIgniter->run()
#9 C:\xampp7\htdocs\APIclubhouse\vendor\codeigniter4\framework\system\Commands\Server\rewrite.php(46): require_once('C:\\xampp7\\htdoc...')
#10 {main}
ERROR - 2022-12-04 07:23:58 --> mysqli_sql_exception: Unknown column 'user_id12' in 'where clause' in C:\xampp7\htdocs\APIclubhouse\vendor\codeigniter4\framework\system\Database\MySQLi\Connection.php:292
Stack trace:
#0 C:\xampp7\htdocs\APIclubhouse\vendor\codeigniter4\framework\system\Database\MySQLi\Connection.php(292): mysqli->query('SELECT COUNT(us...', 0)
#1 C:\xampp7\htdocs\APIclubhouse\vendor\codeigniter4\framework\system\Database\BaseConnection.php(666): CodeIgniter\Database\MySQLi\Connection->execute('SELECT COUNT(us...')
#2 C:\xampp7\htdocs\APIclubhouse\vendor\codeigniter4\framework\system\Database\BaseConnection.php(593): CodeIgniter\Database\BaseConnection->simpleQuery('SELECT COUNT(us...')
#3 C:\xampp7\htdocs\APIclubhouse\vendor\codeigniter4\framework\system\Database\BaseBuilder.php(1585): CodeIgniter\Database\BaseConnection->query('SELECT COUNT(us...', Array, false)
#4 C:\xampp7\htdocs\APIclubhouse\app\Controllers\Checkin.php(104): CodeIgniter\Database\BaseBuilder->get()
#5 C:\xampp7\htdocs\APIclubhouse\vendor\codeigniter4\framework\system\CodeIgniter.php(927): App\Controllers\Checkin->store()
#6 C:\xampp7\htdocs\APIclubhouse\vendor\codeigniter4\framework\system\CodeIgniter.php(482): CodeIgniter\CodeIgniter->runController(Object(App\Controllers\Checkin))
#7 C:\xampp7\htdocs\APIclubhouse\vendor\codeigniter4\framework\system\CodeIgniter.php(351): CodeIgniter\CodeIgniter->handleRequest(NULL, Object(Config\Cache), false)
#8 C:\xampp7\htdocs\APIclubhouse\public\index.php(67): CodeIgniter\CodeIgniter->run()
#9 C:\xampp7\htdocs\APIclubhouse\vendor\codeigniter4\framework\system\Commands\Server\rewrite.php(46): require_once('C:\\xampp7\\htdoc...')
#10 {main}
ERROR - 2022-12-04 07:24:20 --> mysqli_sql_exception: Unknown column 'user_id12' in 'where clause' in C:\xampp7\htdocs\APIclubhouse\vendor\codeigniter4\framework\system\Database\MySQLi\Connection.php:292
Stack trace:
#0 C:\xampp7\htdocs\APIclubhouse\vendor\codeigniter4\framework\system\Database\MySQLi\Connection.php(292): mysqli->query('SELECT COUNT(us...', 0)
#1 C:\xampp7\htdocs\APIclubhouse\vendor\codeigniter4\framework\system\Database\BaseConnection.php(666): CodeIgniter\Database\MySQLi\Connection->execute('SELECT COUNT(us...')
#2 C:\xampp7\htdocs\APIclubhouse\vendor\codeigniter4\framework\system\Database\BaseConnection.php(593): CodeIgniter\Database\BaseConnection->simpleQuery('SELECT COUNT(us...')
#3 C:\xampp7\htdocs\APIclubhouse\vendor\codeigniter4\framework\system\Database\BaseBuilder.php(1585): CodeIgniter\Database\BaseConnection->query('SELECT COUNT(us...', Array, false)
#4 C:\xampp7\htdocs\APIclubhouse\app\Controllers\Checkin.php(104): CodeIgniter\Database\BaseBuilder->get()
#5 C:\xampp7\htdocs\APIclubhouse\vendor\codeigniter4\framework\system\CodeIgniter.php(927): App\Controllers\Checkin->store()
#6 C:\xampp7\htdocs\APIclubhouse\vendor\codeigniter4\framework\system\CodeIgniter.php(482): CodeIgniter\CodeIgniter->runController(Object(App\Controllers\Checkin))
#7 C:\xampp7\htdocs\APIclubhouse\vendor\codeigniter4\framework\system\CodeIgniter.php(351): CodeIgniter\CodeIgniter->handleRequest(NULL, Object(Config\Cache), false)
#8 C:\xampp7\htdocs\APIclubhouse\public\index.php(67): CodeIgniter\CodeIgniter->run()
#9 C:\xampp7\htdocs\APIclubhouse\vendor\codeigniter4\framework\system\Commands\Server\rewrite.php(46): require_once('C:\\xampp7\\htdoc...')
#10 {main}
CRITICAL - 2022-12-04 07:44:50 --> syntax error, unexpected token "catch"
in APPPATH\Controllers\Checkin.php on line 187.
 1 SYSTEMPATH\Autoloader\Autoloader.php(259): CodeIgniter\Autoloader\Autoloader->includeFile('APPPATH\\Controllers\\Checkin.php')
 2 SYSTEMPATH\Autoloader\Autoloader.php(237): CodeIgniter\Autoloader\Autoloader->loadInNamespace('App\\Controllers\\Checkin')
 3 [internal function]: CodeIgniter\Autoloader\Autoloader->loadClass('App\\Controllers\\Checkin')
 4 SYSTEMPATH\CodeIgniter.php(877): class_exists('\\App\\Controllers\\Checkin', true)
 5 SYSTEMPATH\CodeIgniter.php(469): CodeIgniter\CodeIgniter->startController()
 6 SYSTEMPATH\CodeIgniter.php(351): CodeIgniter\CodeIgniter->handleRequest(null, Object(Config\Cache), false)
 7 FCPATH\index.php(67): CodeIgniter\CodeIgniter->run()
 8 SYSTEMPATH\Commands\Server\rewrite.php(46): require_once('FCPATH\\index.php')
ERROR - 2022-12-04 09:07:48 --> mysqli_sql_exception: Unknown column 'locations.kode' in 'where clause' in C:\xampp7\htdocs\APIclubhouse\vendor\codeigniter4\framework\system\Database\MySQLi\Connection.php:292
Stack trace:
#0 C:\xampp7\htdocs\APIclubhouse\vendor\codeigniter4\framework\system\Database\MySQLi\Connection.php(292): mysqli->query('SELECT COUNT(us...', 0)
#1 C:\xampp7\htdocs\APIclubhouse\vendor\codeigniter4\framework\system\Database\BaseConnection.php(666): CodeIgniter\Database\MySQLi\Connection->execute('SELECT COUNT(us...')
#2 C:\xampp7\htdocs\APIclubhouse\vendor\codeigniter4\framework\system\Database\BaseConnection.php(593): CodeIgniter\Database\BaseConnection->simpleQuery('SELECT COUNT(us...')
#3 C:\xampp7\htdocs\APIclubhouse\vendor\codeigniter4\framework\system\Database\BaseBuilder.php(1585): CodeIgniter\Database\BaseConnection->query('SELECT COUNT(us...', Array, false)
#4 C:\xampp7\htdocs\APIclubhouse\app\Controllers\Checkin.php(209): CodeIgniter\Database\BaseBuilder->get()
#5 C:\xampp7\htdocs\APIclubhouse\vendor\codeigniter4\framework\system\CodeIgniter.php(927): App\Controllers\Checkin->store()
#6 C:\xampp7\htdocs\APIclubhouse\vendor\codeigniter4\framework\system\CodeIgniter.php(482): CodeIgniter\CodeIgniter->runController(Object(App\Controllers\Checkin))
#7 C:\xampp7\htdocs\APIclubhouse\vendor\codeigniter4\framework\system\CodeIgniter.php(351): CodeIgniter\CodeIgniter->handleRequest(NULL, Object(Config\Cache), false)
#8 C:\xampp7\htdocs\APIclubhouse\public\index.php(67): CodeIgniter\CodeIgniter->run()
#9 C:\xampp7\htdocs\APIclubhouse\vendor\codeigniter4\framework\system\Commands\Server\rewrite.php(46): require_once('C:\\xampp7\\htdoc...')
#10 {main}
ERROR - 2022-12-04 09:10:33 --> mysqli_sql_exception: Unknown column 'lokasi_id2' in 'where clause' in C:\xampp7\htdocs\APIclubhouse\vendor\codeigniter4\framework\system\Database\MySQLi\Connection.php:292
Stack trace:
#0 C:\xampp7\htdocs\APIclubhouse\vendor\codeigniter4\framework\system\Database\MySQLi\Connection.php(292): mysqli->query('SELECT COUNT(us...', 0)
#1 C:\xampp7\htdocs\APIclubhouse\vendor\codeigniter4\framework\system\Database\BaseConnection.php(666): CodeIgniter\Database\MySQLi\Connection->execute('SELECT COUNT(us...')
#2 C:\xampp7\htdocs\APIclubhouse\vendor\codeigniter4\framework\system\Database\BaseConnection.php(593): CodeIgniter\Database\BaseConnection->simpleQuery('SELECT COUNT(us...')
#3 C:\xampp7\htdocs\APIclubhouse\vendor\codeigniter4\framework\system\Database\BaseBuilder.php(1585): CodeIgniter\Database\BaseConnection->query('SELECT COUNT(us...', Array, false)
#4 C:\xampp7\htdocs\APIclubhouse\app\Controllers\Checkin.php(209): CodeIgniter\Database\BaseBuilder->get()
#5 C:\xampp7\htdocs\APIclubhouse\vendor\codeigniter4\framework\system\CodeIgniter.php(927): App\Controllers\Checkin->store()
#6 C:\xampp7\htdocs\APIclubhouse\vendor\codeigniter4\framework\system\CodeIgniter.php(482): CodeIgniter\CodeIgniter->runController(Object(App\Controllers\Checkin))
#7 C:\xampp7\htdocs\APIclubhouse\vendor\codeigniter4\framework\system\CodeIgniter.php(351): CodeIgniter\CodeIgniter->handleRequest(NULL, Object(Config\Cache), false)
#8 C:\xampp7\htdocs\APIclubhouse\public\index.php(67): CodeIgniter\CodeIgniter->run()
#9 C:\xampp7\htdocs\APIclubhouse\vendor\codeigniter4\framework\system\Commands\Server\rewrite.php(46): require_once('C:\\xampp7\\htdoc...')
#10 {main}
ERROR - 2022-12-04 09:10:54 --> mysqli_sql_exception: Unknown column 'lokasi_id2' in 'where clause' in C:\xampp7\htdocs\APIclubhouse\vendor\codeigniter4\framework\system\Database\MySQLi\Connection.php:292
Stack trace:
#0 C:\xampp7\htdocs\APIclubhouse\vendor\codeigniter4\framework\system\Database\MySQLi\Connection.php(292): mysqli->query('SELECT COUNT(us...', 0)
#1 C:\xampp7\htdocs\APIclubhouse\vendor\codeigniter4\framework\system\Database\BaseConnection.php(666): CodeIgniter\Database\MySQLi\Connection->execute('SELECT COUNT(us...')
#2 C:\xampp7\htdocs\APIclubhouse\vendor\codeigniter4\framework\system\Database\BaseConnection.php(593): CodeIgniter\Database\BaseConnection->simpleQuery('SELECT COUNT(us...')
#3 C:\xampp7\htdocs\APIclubhouse\vendor\codeigniter4\framework\system\Database\BaseBuilder.php(1585): CodeIgniter\Database\BaseConnection->query('SELECT COUNT(us...', Array, false)
#4 C:\xampp7\htdocs\APIclubhouse\app\Controllers\Checkin.php(209): CodeIgniter\Database\BaseBuilder->get()
#5 C:\xampp7\htdocs\APIclubhouse\vendor\codeigniter4\framework\system\CodeIgniter.php(927): App\Controllers\Checkin->store()
#6 C:\xampp7\htdocs\APIclubhouse\vendor\codeigniter4\framework\system\CodeIgniter.php(482): CodeIgniter\CodeIgniter->runController(Object(App\Controllers\Checkin))
#7 C:\xampp7\htdocs\APIclubhouse\vendor\codeigniter4\framework\system\CodeIgniter.php(351): CodeIgniter\CodeIgniter->handleRequest(NULL, Object(Config\Cache), false)
#8 C:\xampp7\htdocs\APIclubhouse\public\index.php(67): CodeIgniter\CodeIgniter->run()
#9 C:\xampp7\htdocs\APIclubhouse\vendor\codeigniter4\framework\system\Commands\Server\rewrite.php(46): require_once('C:\\xampp7\\htdoc...')
#10 {main}
