CRITICAL - 2022-05-11 22:00:42 --> Declaration of App\Controllers\Login::update() should be compatible with CodeIgniter\RESTful\ResourceController::update($id = NULL)
#0 C:\xampp7\htdocs\JWT-CodeIgniter-4\app\Controllers\Login.php(10): CodeIgniter\Debug\Exceptions->errorHandler(2, 'Declaration of ...', 'C:\\xampp7\\htdoc...', 84, Array)
#1 C:\xampp7\htdocs\JWT-CodeIgniter-4\vendor\codeigniter4\framework\system\Router\Router.php(518): include_once('C:\\xampp7\\htdoc...')
#2 C:\xampp7\htdocs\JWT-CodeIgniter-4\vendor\codeigniter4\framework\system\Router\Router.php(175): CodeIgniter\Router\Router->autoRoute('Login')
#3 C:\xampp7\htdocs\JWT-CodeIgniter-4\vendor\codeigniter4\framework\system\CodeIgniter.php(719): CodeIgniter\Router\Router->handle('Login')
#4 C:\xampp7\htdocs\JWT-CodeIgniter-4\vendor\codeigniter4\framework\system\CodeIgniter.php(361): CodeIgniter\CodeIgniter->tryToRouteIt(Object(CodeIgniter\Router\RouteCollection))
#5 C:\xampp7\htdocs\JWT-CodeIgniter-4\vendor\codeigniter4\framework\system\CodeIgniter.php(320): CodeIgniter\CodeIgniter->handleRequest(NULL, Object(Config\Cache), false)
#6 C:\xampp7\htdocs\JWT-CodeIgniter-4\public\index.php(37): CodeIgniter\CodeIgniter->run()
#7 C:\xampp7\htdocs\JWT-CodeIgniter-4\vendor\codeigniter4\framework\system\Commands\Server\rewrite.php(43): require_once('C:\\xampp7\\htdoc...')
#8 {main}
CRITICAL - 2022-05-11 22:00:56 --> Declaration of App\Controllers\Login::update() should be compatible with CodeIgniter\RESTful\ResourceController::update($id = NULL)
#0 C:\xampp7\htdocs\JWT-CodeIgniter-4\app\Controllers\Login.php(10): CodeIgniter\Debug\Exceptions->errorHandler(2, 'Declaration of ...', 'C:\\xampp7\\htdoc...', 84, Array)
#1 C:\xampp7\htdocs\JWT-CodeIgniter-4\vendor\codeigniter4\framework\system\Router\Router.php(518): include_once('C:\\xampp7\\htdoc...')
#2 C:\xampp7\htdocs\JWT-CodeIgniter-4\vendor\codeigniter4\framework\system\Router\Router.php(175): CodeIgniter\Router\Router->autoRoute('Login/1')
#3 C:\xampp7\htdocs\JWT-CodeIgniter-4\vendor\codeigniter4\framework\system\CodeIgniter.php(719): CodeIgniter\Router\Router->handle('Login/1')
#4 C:\xampp7\htdocs\JWT-CodeIgniter-4\vendor\codeigniter4\framework\system\CodeIgniter.php(361): CodeIgniter\CodeIgniter->tryToRouteIt(Object(CodeIgniter\Router\RouteCollection))
#5 C:\xampp7\htdocs\JWT-CodeIgniter-4\vendor\codeigniter4\framework\system\CodeIgniter.php(320): CodeIgniter\CodeIgniter->handleRequest(NULL, Object(Config\Cache), false)
#6 C:\xampp7\htdocs\JWT-CodeIgniter-4\public\index.php(37): CodeIgniter\CodeIgniter->run()
#7 C:\xampp7\htdocs\JWT-CodeIgniter-4\vendor\codeigniter4\framework\system\Commands\Server\rewrite.php(43): require_once('C:\\xampp7\\htdoc...')
#8 {main}
CRITICAL - 2022-05-11 22:02:41 --> Declaration of App\Controllers\Login::update() should be compatible with CodeIgniter\RESTful\ResourceController::update($id = NULL)
#0 C:\xampp7\htdocs\JWT-CodeIgniter-4\app\Controllers\Login.php(10): CodeIgniter\Debug\Exceptions->errorHandler(2, 'Declaration of ...', 'C:\\xampp7\\htdoc...', 84, Array)
#1 C:\xampp7\htdocs\JWT-CodeIgniter-4\vendor\codeigniter4\framework\system\Router\Router.php(518): include_once('C:\\xampp7\\htdoc...')
#2 C:\xampp7\htdocs\JWT-CodeIgniter-4\vendor\codeigniter4\framework\system\Router\Router.php(175): CodeIgniter\Router\Router->autoRoute('Login')
#3 C:\xampp7\htdocs\JWT-CodeIgniter-4\vendor\codeigniter4\framework\system\CodeIgniter.php(719): CodeIgniter\Router\Router->handle('Login')
#4 C:\xampp7\htdocs\JWT-CodeIgniter-4\vendor\codeigniter4\framework\system\CodeIgniter.php(361): CodeIgniter\CodeIgniter->tryToRouteIt(Object(CodeIgniter\Router\RouteCollection))
#5 C:\xampp7\htdocs\JWT-CodeIgniter-4\vendor\codeigniter4\framework\system\CodeIgniter.php(320): CodeIgniter\CodeIgniter->handleRequest(NULL, Object(Config\Cache), false)
#6 C:\xampp7\htdocs\JWT-CodeIgniter-4\public\index.php(37): CodeIgniter\CodeIgniter->run()
#7 C:\xampp7\htdocs\JWT-CodeIgniter-4\vendor\codeigniter4\framework\system\Commands\Server\rewrite.php(43): require_once('C:\\xampp7\\htdoc...')
#8 {main}
CRITICAL - 2022-05-11 22:02:46 --> Declaration of App\Controllers\Login::update() should be compatible with CodeIgniter\RESTful\ResourceController::update($id = NULL)
#0 C:\xampp7\htdocs\JWT-CodeIgniter-4\app\Controllers\Login.php(10): CodeIgniter\Debug\Exceptions->errorHandler(2, 'Declaration of ...', 'C:\\xampp7\\htdoc...', 84, Array)
#1 C:\xampp7\htdocs\JWT-CodeIgniter-4\vendor\codeigniter4\framework\system\Router\Router.php(518): include_once('C:\\xampp7\\htdoc...')
#2 C:\xampp7\htdocs\JWT-CodeIgniter-4\vendor\codeigniter4\framework\system\Router\Router.php(175): CodeIgniter\Router\Router->autoRoute('Login')
#3 C:\xampp7\htdocs\JWT-CodeIgniter-4\vendor\codeigniter4\framework\system\CodeIgniter.php(719): CodeIgniter\Router\Router->handle('Login')
#4 C:\xampp7\htdocs\JWT-CodeIgniter-4\vendor\codeigniter4\framework\system\CodeIgniter.php(361): CodeIgniter\CodeIgniter->tryToRouteIt(Object(CodeIgniter\Router\RouteCollection))
#5 C:\xampp7\htdocs\JWT-CodeIgniter-4\vendor\codeigniter4\framework\system\CodeIgniter.php(320): CodeIgniter\CodeIgniter->handleRequest(NULL, Object(Config\Cache), false)
#6 C:\xampp7\htdocs\JWT-CodeIgniter-4\public\index.php(37): CodeIgniter\CodeIgniter->run()
#7 C:\xampp7\htdocs\JWT-CodeIgniter-4\vendor\codeigniter4\framework\system\Commands\Server\rewrite.php(43): require_once('C:\\xampp7\\htdoc...')
#8 {main}
CRITICAL - 2022-05-11 22:04:44 --> Declaration of App\Controllers\Login::update() should be compatible with CodeIgniter\RESTful\ResourceController::update($id = NULL)
#0 C:\xampp7\htdocs\JWT-CodeIgniter-4\app\Controllers\Login.php(10): CodeIgniter\Debug\Exceptions->errorHandler(2, 'Declaration of ...', 'C:\\xampp7\\htdoc...', 84, Array)
#1 C:\xampp7\htdocs\JWT-CodeIgniter-4\vendor\codeigniter4\framework\system\Router\Router.php(518): include_once('C:\\xampp7\\htdoc...')
#2 C:\xampp7\htdocs\JWT-CodeIgniter-4\vendor\codeigniter4\framework\system\Router\Router.php(175): CodeIgniter\Router\Router->autoRoute('Login')
#3 C:\xampp7\htdocs\JWT-CodeIgniter-4\vendor\codeigniter4\framework\system\CodeIgniter.php(719): CodeIgniter\Router\Router->handle('Login')
#4 C:\xampp7\htdocs\JWT-CodeIgniter-4\vendor\codeigniter4\framework\system\CodeIgniter.php(361): CodeIgniter\CodeIgniter->tryToRouteIt(Object(CodeIgniter\Router\RouteCollection))
#5 C:\xampp7\htdocs\JWT-CodeIgniter-4\vendor\codeigniter4\framework\system\CodeIgniter.php(320): CodeIgniter\CodeIgniter->handleRequest(NULL, Object(Config\Cache), false)
#6 C:\xampp7\htdocs\JWT-CodeIgniter-4\public\index.php(37): CodeIgniter\CodeIgniter->run()
#7 C:\xampp7\htdocs\JWT-CodeIgniter-4\vendor\codeigniter4\framework\system\Commands\Server\rewrite.php(43): require_once('C:\\xampp7\\htdoc...')
#8 {main}
CRITICAL - 2022-05-11 22:04:51 --> Declaration of App\Controllers\Login::update() should be compatible with CodeIgniter\RESTful\ResourceController::update($id = NULL)
#0 C:\xampp7\htdocs\JWT-CodeIgniter-4\app\Controllers\Login.php(10): CodeIgniter\Debug\Exceptions->errorHandler(2, 'Declaration of ...', 'C:\\xampp7\\htdoc...', 84, Array)
#1 C:\xampp7\htdocs\JWT-CodeIgniter-4\vendor\codeigniter4\framework\system\Router\Router.php(518): include_once('C:\\xampp7\\htdoc...')
#2 C:\xampp7\htdocs\JWT-CodeIgniter-4\vendor\codeigniter4\framework\system\Router\Router.php(175): CodeIgniter\Router\Router->autoRoute('Login/1')
#3 C:\xampp7\htdocs\JWT-CodeIgniter-4\vendor\codeigniter4\framework\system\CodeIgniter.php(719): CodeIgniter\Router\Router->handle('Login/1')
#4 C:\xampp7\htdocs\JWT-CodeIgniter-4\vendor\codeigniter4\framework\system\CodeIgniter.php(361): CodeIgniter\CodeIgniter->tryToRouteIt(Object(CodeIgniter\Router\RouteCollection))
#5 C:\xampp7\htdocs\JWT-CodeIgniter-4\vendor\codeigniter4\framework\system\CodeIgniter.php(320): CodeIgniter\CodeIgniter->handleRequest(NULL, Object(Config\Cache), false)
#6 C:\xampp7\htdocs\JWT-CodeIgniter-4\public\index.php(37): CodeIgniter\CodeIgniter->run()
#7 C:\xampp7\htdocs\JWT-CodeIgniter-4\vendor\codeigniter4\framework\system\Commands\Server\rewrite.php(43): require_once('C:\\xampp7\\htdoc...')
#8 {main}
CRITICAL - 2022-05-11 22:04:59 --> Declaration of App\Controllers\Login::update() should be compatible with CodeIgniter\RESTful\ResourceController::update($id = NULL)
#0 C:\xampp7\htdocs\JWT-CodeIgniter-4\app\Controllers\Login.php(10): CodeIgniter\Debug\Exceptions->errorHandler(2, 'Declaration of ...', 'C:\\xampp7\\htdoc...', 84, Array)
#1 C:\xampp7\htdocs\JWT-CodeIgniter-4\vendor\codeigniter4\framework\system\Router\Router.php(518): include_once('C:\\xampp7\\htdoc...')
#2 C:\xampp7\htdocs\JWT-CodeIgniter-4\vendor\codeigniter4\framework\system\Router\Router.php(175): CodeIgniter\Router\Router->autoRoute('Login/1')
#3 C:\xampp7\htdocs\JWT-CodeIgniter-4\vendor\codeigniter4\framework\system\CodeIgniter.php(719): CodeIgniter\Router\Router->handle('Login/1')
#4 C:\xampp7\htdocs\JWT-CodeIgniter-4\vendor\codeigniter4\framework\system\CodeIgniter.php(361): CodeIgniter\CodeIgniter->tryToRouteIt(Object(CodeIgniter\Router\RouteCollection))
#5 C:\xampp7\htdocs\JWT-CodeIgniter-4\vendor\codeigniter4\framework\system\CodeIgniter.php(320): CodeIgniter\CodeIgniter->handleRequest(NULL, Object(Config\Cache), false)
#6 C:\xampp7\htdocs\JWT-CodeIgniter-4\public\index.php(37): CodeIgniter\CodeIgniter->run()
#7 C:\xampp7\htdocs\JWT-CodeIgniter-4\vendor\codeigniter4\framework\system\Commands\Server\rewrite.php(43): require_once('C:\\xampp7\\htdoc...')
#8 {main}
CRITICAL - 2022-05-11 22:05:03 --> Declaration of App\Controllers\Login::update() should be compatible with CodeIgniter\RESTful\ResourceController::update($id = NULL)
#0 C:\xampp7\htdocs\JWT-CodeIgniter-4\app\Controllers\Login.php(10): CodeIgniter\Debug\Exceptions->errorHandler(2, 'Declaration of ...', 'C:\\xampp7\\htdoc...', 84, Array)
#1 C:\xampp7\htdocs\JWT-CodeIgniter-4\vendor\codeigniter4\framework\system\Router\Router.php(518): include_once('C:\\xampp7\\htdoc...')
#2 C:\xampp7\htdocs\JWT-CodeIgniter-4\vendor\codeigniter4\framework\system\Router\Router.php(175): CodeIgniter\Router\Router->autoRoute('Login')
#3 C:\xampp7\htdocs\JWT-CodeIgniter-4\vendor\codeigniter4\framework\system\CodeIgniter.php(719): CodeIgniter\Router\Router->handle('Login')
#4 C:\xampp7\htdocs\JWT-CodeIgniter-4\vendor\codeigniter4\framework\system\CodeIgniter.php(361): CodeIgniter\CodeIgniter->tryToRouteIt(Object(CodeIgniter\Router\RouteCollection))
#5 C:\xampp7\htdocs\JWT-CodeIgniter-4\vendor\codeigniter4\framework\system\CodeIgniter.php(320): CodeIgniter\CodeIgniter->handleRequest(NULL, Object(Config\Cache), false)
#6 C:\xampp7\htdocs\JWT-CodeIgniter-4\public\index.php(37): CodeIgniter\CodeIgniter->run()
#7 C:\xampp7\htdocs\JWT-CodeIgniter-4\vendor\codeigniter4\framework\system\Commands\Server\rewrite.php(43): require_once('C:\\xampp7\\htdoc...')
#8 {main}
